{"/Users/morgan/Documents/clipsy/test.js":{"path":"/Users/morgan/Documents/clipsy/test.js","s":{"1":1,"2":1,"3":1,"4":1,"5":0,"6":1,"7":1,"8":1,"9":1,"10":1,"11":1,"12":1,"13":1,"14":1,"15":0},"b":{"1":[0,1],"2":[0,1]},"f":{"1":1,"2":1,"3":1},"fnMap":{"1":{"name":"(anonymous_1)","line":3,"loc":{"start":{"line":3,"column":19},"end":{"line":3,"column":29}}},"2":{"name":"(anonymous_2)","line":4,"loc":{"start":{"line":4,"column":41},"end":{"line":4,"column":51}}},"3":{"name":"(anonymous_3)","line":8,"loc":{"start":{"line":8,"column":67},"end":{"line":8,"column":77}}}},"statementMap":{"1":{"start":{"line":1,"column":0},"end":{"line":3,"column":0}},"2":{"start":{"line":3,"column":0},"end":{"line":24,"column":0}},"3":{"start":{"line":4,"column":2},"end":{"line":8,"column":2}},"4":{"start":{"line":6,"column":4},"end":{"line":7,"column":2}},"5":{"start":{"line":6,"column":16},"end":{"line":7,"column":2}},"6":{"start":{"line":8,"column":2},"end":{"line":23,"column":0}},"7":{"start":{"line":9,"column":4},"end":{"line":11,"column":4}},"8":{"start":{"line":11,"column":4},"end":{"line":11,"column":192}},"9":{"start":{"line":13,"column":4},"end":{"line":14,"column":4}},"10":{"start":{"line":14,"column":4},"end":{"line":15,"column":4}},"11":{"start":{"line":15,"column":4},"end":{"line":16,"column":4}},"12":{"start":{"line":16,"column":4},"end":{"line":18,"column":4}},"13":{"start":{"line":18,"column":4},"end":{"line":18,"column":92}},"14":{"start":{"line":20,"column":4},"end":{"line":22,"column":2}},"15":{"start":{"line":20,"column":22},"end":{"line":22,"column":2}}},"branchMap":{"1":{"line":6,"type":"if","locations":[{"start":{"line":6,"column":4},"end":{"line":6,"column":4}},{"start":{"line":6,"column":4},"end":{"line":6,"column":4}}]},"2":{"line":20,"type":"if","locations":[{"start":{"line":20,"column":4},"end":{"line":20,"column":4}},{"start":{"line":20,"column":4},"end":{"line":20,"column":4}}]}}},"/Users/morgan/Documents/clipsy/index.js":{"path":"/Users/morgan/Documents/clipsy/index.js","s":{"1":1,"2":1,"3":1,"4":1,"5":1,"6":1,"7":13182,"8":13182,"9":2625,"10":2624,"11":1,"12":1,"13":0,"14":0,"15":0,"16":1,"17":10557,"18":1,"19":0,"20":0,"21":0,"22":0,"23":0,"24":1,"25":0,"26":0,"27":0,"28":0,"29":0,"30":0,"31":0,"32":0,"33":0,"34":1,"35":13663,"36":13663,"37":13542,"38":13542,"39":13542,"40":13542,"41":13542,"42":13542,"43":13663,"44":1,"45":1,"46":1,"47":1,"48":1,"49":1,"50":1,"51":1,"52":1,"53":1,"54":1,"55":1,"56":1,"57":1,"58":10,"59":1,"60":1,"61":26,"62":1,"63":1,"64":26,"65":1,"66":0,"67":1,"68":35719,"69":35719,"70":1,"71":0,"72":0,"73":0,"74":0,"75":1,"76":3658,"77":3658,"78":3658,"79":1033,"80":2625,"81":0,"82":2625,"83":1,"84":1034,"85":1034,"86":1034,"87":1,"88":2625,"89":2625,"90":0,"91":2625,"92":0,"93":2625,"94":1,"95":2624,"96":0,"97":2624,"98":0,"99":2624,"100":0,"101":2624,"102":2624,"103":1,"104":1,"105":1,"106":1,"107":0,"108":0,"109":0,"110":0,"111":0,"112":0,"113":0,"114":0,"115":0,"116":0,"117":0,"118":0,"119":0,"120":0,"121":0,"122":1,"123":0,"124":0,"125":0,"126":1,"127":1,"128":0,"129":1,"130":30734,"131":30734,"132":14935,"133":1,"134":1572,"135":513,"136":1059,"137":1059,"138":0,"139":1059,"140":0,"141":1059,"142":0,"143":1059,"144":0,"145":1059,"146":0,"147":1059,"148":0,"149":0,"150":0,"151":0,"152":0,"153":0,"154":0,"155":0,"156":0,"157":0,"158":0,"159":0,"160":0,"161":0,"162":0,"163":0,"164":0,"165":0,"166":0,"167":1,"168":1832,"169":1832,"170":1832,"171":1,"172":10746,"173":1,"174":4061,"175":4061,"176":0,"177":4061,"178":4061,"179":4061,"180":0,"181":4061,"182":4061,"183":4061,"184":0,"185":1,"186":4061,"187":4061,"188":4061,"189":4061,"190":4061,"191":4061,"192":4061,"193":4061,"194":0,"195":0,"196":4061,"197":4061,"198":4061,"199":4061,"200":0,"201":0,"202":4061,"203":1,"204":0,"205":0,"206":0,"207":1,"208":8122,"209":8122,"210":8122,"211":8122,"212":9999,"213":8122,"214":8122,"215":1,"216":4061,"217":5954,"218":4061,"219":4061,"220":1,"221":8122,"222":8122,"223":8122,"224":8122,"225":8122,"226":13922,"227":13922,"228":8122,"229":0,"230":8122,"231":8122,"232":8122,"233":8122,"234":1,"235":4061,"236":4061,"237":4061,"238":0,"239":0,"240":4061,"241":4061,"242":4061,"243":4061,"244":4061,"245":0,"246":0,"247":4061,"248":4061,"249":4061,"250":4061,"251":1,"252":7761,"253":7761,"254":4109,"255":4109,"256":4109,"257":7761,"258":4077,"259":4077,"260":4077,"261":4077,"262":4077,"263":4077,"264":3684,"265":3684,"266":9042,"267":9042,"268":9042,"269":3684,"270":7761,"271":7761,"272":0,"273":7761,"274":38,"275":7761,"276":7761,"277":1,"278":1312,"279":1312,"280":1312,"281":1312,"282":2569,"283":1312,"284":2563,"285":1312,"286":1312,"287":1312,"288":533,"289":1,"290":0,"291":0,"292":0,"293":0,"294":0,"295":0,"296":0,"297":0,"298":0,"299":0,"300":0,"301":0,"302":0,"303":1,"304":4061,"305":4061,"306":0,"307":4061,"308":4061,"309":0,"310":0,"311":0,"312":0,"313":0,"314":4061,"315":0,"316":4061,"317":4061,"318":4061,"319":4061,"320":4061,"321":0,"322":0,"323":4061,"324":4061,"325":4061,"326":0,"327":4061,"328":4061,"329":4061,"330":4061,"331":4061,"332":16,"333":16,"334":4061,"335":4061,"336":4061,"337":0,"338":4061,"339":5938,"340":5938,"341":0,"342":0,"343":0,"344":0,"345":4061,"346":4061,"347":4061,"348":0,"349":4061,"350":4061,"351":4061,"352":4061,"353":4061,"354":0,"355":1,"356":0,"357":0,"358":0,"359":0,"360":0,"361":1,"362":0,"363":1,"364":0,"365":0,"366":0,"367":1,"368":0,"369":1,"370":0,"371":1,"372":0,"373":0,"374":1,"375":0,"376":0,"377":1,"378":1,"379":1,"380":1,"381":1,"382":1,"383":0,"384":0,"385":0,"386":0,"387":0,"388":0,"389":0,"390":0,"391":0,"392":0,"393":0,"394":1,"395":0,"396":0,"397":0,"398":0,"399":0,"400":0,"401":1,"402":0,"403":0,"404":0,"405":0,"406":0,"407":0,"408":1,"409":0,"410":0,"411":0,"412":0,"413":1,"414":0,"415":0,"416":0,"417":0,"418":0,"419":0,"420":0,"421":0,"422":0,"423":0,"424":0,"425":0,"426":0,"427":0,"428":1,"429":0,"430":0,"431":1,"432":0,"433":0,"434":1,"435":1,"436":1,"437":1,"438":1,"439":1,"440":0,"441":1,"442":0,"443":0,"444":0,"445":0,"446":0,"447":0,"448":0,"449":0,"450":0,"451":0,"452":0,"453":0,"454":1,"455":0,"456":0,"457":0,"458":0,"459":0,"460":1,"461":1,"462":1,"463":1,"464":1,"465":1,"466":1,"467":1,"468":1,"469":1,"470":1,"471":1,"472":1,"473":1,"474":1,"475":1,"476":1,"477":1,"478":1,"479":1,"480":1,"481":1,"482":1,"483":1,"484":1,"485":0,"486":0,"487":0,"488":1,"489":4061,"490":0,"491":0,"492":0,"493":0,"494":4061,"495":4061,"496":0,"497":0,"498":0,"499":1,"500":0,"501":1,"502":0,"503":1,"504":3656,"505":1,"506":6439,"507":0,"508":6439,"509":2378,"510":4061,"511":1,"512":1059,"513":1059,"514":1059,"515":27,"516":1032,"517":1032,"518":1032,"519":1032,"520":1032,"521":3029,"522":3029,"523":1032,"524":1,"525":2624,"526":2624,"527":0,"528":2624,"529":2624,"530":2624,"531":35719,"532":35719,"533":1319,"534":1319,"535":1319,"536":34400,"537":34400,"538":2538,"539":2538,"540":2538,"541":2538,"542":2624,"543":2624,"544":2624,"545":2624,"546":1319,"547":1,"548":0,"549":0,"550":0,"551":0,"552":0,"553":0,"554":0,"555":0,"556":0,"557":0,"558":0,"559":0,"560":0,"561":0,"562":0,"563":0,"564":0,"565":0,"566":0,"567":1,"568":0,"569":0,"570":0,"571":0,"572":0,"573":0,"574":0,"575":0,"576":0,"577":0,"578":0,"579":0,"580":0,"581":0,"582":0,"583":0,"584":0,"585":0,"586":0,"587":0,"588":0,"589":1,"590":0,"591":1,"592":0,"593":1,"594":0,"595":1,"596":0,"597":0,"598":0,"599":0,"600":0,"601":0,"602":0,"603":0,"604":0,"605":0,"606":0,"607":0,"608":0,"609":0,"610":1,"611":0,"612":1,"613":0,"614":0,"615":0,"616":1,"617":0,"618":1,"619":0,"620":0,"621":0,"622":1,"623":0,"624":1,"625":0,"626":0,"627":0,"628":1,"629":0,"630":1,"631":0,"632":0,"633":0,"634":1,"635":0,"636":0,"637":0,"638":0,"639":0,"640":0,"641":1,"642":0,"643":0,"644":0,"645":0,"646":0,"647":1,"648":0,"649":0,"650":0,"651":0,"652":0,"653":1,"654":0,"655":0,"656":0,"657":0,"658":0,"659":0,"660":0,"661":0,"662":0,"663":0,"664":0,"665":0,"666":0,"667":0,"668":0,"669":0,"670":0,"671":0,"672":1,"673":0,"674":0,"675":0,"676":0,"677":0,"678":0,"679":1,"680":0,"681":0,"682":0,"683":0,"684":0,"685":1,"686":0,"687":0,"688":0,"689":0,"690":1,"691":0,"692":0,"693":0,"694":0,"695":1,"696":0,"697":0,"698":0,"699":1,"700":0,"701":1,"702":0,"703":1,"704":0,"705":1,"706":254,"707":254,"708":998,"709":998,"710":998,"711":254,"712":7,"713":7,"714":7,"715":7,"716":7,"717":7,"718":247,"719":247,"720":3,"721":3,"722":3,"723":247,"724":254,"725":254,"726":1,"727":253,"728":0,"729":254,"730":254,"731":1,"732":254,"733":254,"734":254,"735":1,"736":0,"737":0,"738":0,"739":1,"740":1312,"741":1312,"742":1312,"743":1,"744":0,"745":0,"746":0,"747":1,"748":0,"749":0,"750":0,"751":1,"752":0,"753":0,"754":0,"755":1,"756":0,"757":0,"758":0,"759":1,"760":5162,"761":5162,"762":5162,"763":1,"764":5162,"765":30,"766":5132,"767":2594,"768":5132,"769":5132,"770":16,"771":16,"772":0,"773":16,"774":1,"775":1,"776":0,"777":1,"778":0,"779":1,"780":0,"781":1,"782":1,"783":1,"784":1,"785":1,"786":0,"787":1,"788":0,"789":0,"790":0,"791":0,"792":0,"793":0,"794":0,"795":0,"796":0,"797":0,"798":0,"799":1,"800":0,"801":0,"802":0,"803":0,"804":0,"805":0,"806":0,"807":0,"808":0,"809":1,"810":0,"811":0,"812":0,"813":0,"814":0,"815":1,"816":0,"817":0,"818":0,"819":0,"820":0,"821":0,"822":0,"823":0,"824":1,"825":0,"826":1,"827":0,"828":0,"829":0,"830":0,"831":0,"832":0,"833":0,"834":0,"835":0,"836":0,"837":0,"838":1,"839":0,"840":0,"841":1,"842":0,"843":0,"844":1,"845":1,"846":1,"847":1,"848":1,"849":1,"850":0,"851":0,"852":0,"853":0,"854":0,"855":0,"856":0,"857":0,"858":0,"859":0,"860":0,"861":0,"862":0,"863":0,"864":0,"865":0,"866":0,"867":0,"868":0,"869":0,"870":0,"871":0,"872":0,"873":0,"874":0,"875":0,"876":0,"877":0,"878":0,"879":0,"880":0,"881":0,"882":0,"883":0,"884":0,"885":0,"886":0,"887":0,"888":0,"889":0,"890":0,"891":0,"892":0,"893":0,"894":0,"895":0,"896":0,"897":0,"898":0,"899":0,"900":0,"901":0,"902":0,"903":0,"904":0,"905":0,"906":0,"907":0,"908":0,"909":0,"910":0,"911":0,"912":0,"913":1,"914":0,"915":0,"916":0,"917":0,"918":0,"919":0,"920":0,"921":0,"922":0,"923":0,"924":0,"925":0,"926":0,"927":0,"928":0,"929":0,"930":0,"931":0,"932":0,"933":0,"934":0,"935":0,"936":0,"937":0,"938":0,"939":0,"940":0,"941":1,"942":0,"943":0,"944":0,"945":0,"946":0,"947":0,"948":0,"949":0,"950":0,"951":1,"952":0,"953":0,"954":0,"955":0,"956":0,"957":0,"958":0,"959":0,"960":0,"961":0,"962":0,"963":0,"964":0,"965":0,"966":0,"967":0,"968":0,"969":0,"970":0,"971":0,"972":0,"973":0,"974":0,"975":0,"976":0,"977":0,"978":0,"979":0,"980":0,"981":0,"982":0,"983":0,"984":0,"985":0,"986":0,"987":0,"988":0,"989":0,"990":0,"991":0,"992":0,"993":0,"994":0,"995":0,"996":0,"997":1,"998":1,"999":1,"1000":0,"1001":0,"1002":0,"1003":0,"1004":0,"1005":0,"1006":0,"1007":0,"1008":0,"1009":0,"1010":0,"1011":0,"1012":0,"1013":0,"1014":0,"1015":0,"1016":0,"1017":0,"1018":1,"1019":0,"1020":0,"1021":0,"1022":0,"1023":0,"1024":0,"1025":0,"1026":0,"1027":0,"1028":0,"1029":0,"1030":0,"1031":0,"1032":0,"1033":0,"1034":0,"1035":0,"1036":0,"1037":0,"1038":0,"1039":0,"1040":1,"1041":1,"1042":1,"1043":1,"1044":1,"1045":1,"1046":1,"1047":1,"1048":1,"1049":1,"1050":1,"1051":1,"1052":1,"1053":1,"1054":1,"1055":1,"1056":1,"1057":1,"1058":1,"1059":1,"1060":1,"1061":1,"1062":1,"1063":1,"1064":1,"1065":1,"1066":1,"1067":1,"1068":1,"1069":1,"1070":1,"1071":1,"1072":1,"1073":1,"1074":1,"1075":1,"1076":1,"1077":1,"1078":1,"1079":1,"1080":1,"1081":1,"1082":1,"1083":1,"1084":1,"1085":1,"1086":1,"1087":1,"1088":561,"1089":1,"1090":0,"1091":1,"1092":4,"1093":1,"1094":0,"1095":1,"1096":235,"1097":1,"1098":1,"1099":1,"1100":1,"1101":1021,"1102":1021,"1103":0,"1104":0,"1105":1021,"1106":778,"1107":778,"1108":1,"1109":0,"1110":0,"1111":0,"1112":0,"1113":0,"1114":0,"1115":0,"1116":0,"1117":0,"1118":0,"1119":0,"1120":1,"1121":7,"1122":1,"1123":1,"1124":1,"1125":0,"1126":0,"1127":1,"1128":1,"1129":1,"1130":1,"1131":1,"1132":1,"1133":1,"1134":1,"1135":260,"1136":260,"1137":260,"1138":260,"1139":260,"1140":260,"1141":260,"1142":260,"1143":260,"1144":260,"1145":260,"1146":260,"1147":260,"1148":260,"1149":260,"1150":260,"1151":260,"1152":260,"1153":260,"1154":260,"1155":260,"1156":260,"1157":260,"1158":1,"1159":4,"1160":4,"1161":4,"1162":4,"1163":1,"1164":4,"1165":4,"1166":4,"1167":4,"1168":1,"1169":229,"1170":229,"1171":1,"1172":3,"1173":3,"1174":3,"1175":3,"1176":3,"1177":3,"1178":1,"1179":256,"1180":256,"1181":256,"1182":256,"1183":1,"1184":0,"1185":0,"1186":0,"1187":0,"1188":0,"1189":0,"1190":1,"1191":0,"1192":0,"1193":1,"1194":2,"1195":2,"1196":2,"1197":2,"1198":1,"1199":1,"1200":1,"1201":1,"1202":784,"1203":1,"1204":0,"1205":0,"1206":0,"1207":0,"1208":0,"1209":0,"1210":1,"1211":0,"1212":0,"1213":0,"1214":0,"1215":0,"1216":0,"1217":0,"1218":0,"1219":0,"1220":0,"1221":0,"1222":0,"1223":1,"1224":529,"1225":529,"1226":529,"1227":5,"1228":5,"1229":5,"1230":0,"1231":524,"1232":524,"1233":524,"1234":524,"1235":0,"1236":0,"1237":0,"1238":0,"1239":0,"1240":0,"1241":1,"1242":0,"1243":0,"1244":0,"1245":0,"1246":0,"1247":0,"1248":0,"1249":1,"1250":0,"1251":0,"1252":0,"1253":0,"1254":0,"1255":1,"1256":1,"1257":1,"1258":1,"1259":0,"1260":1,"1261":1,"1262":1,"1263":1,"1264":0,"1265":0,"1266":1,"1267":0,"1268":1,"1269":1,"1270":1,"1271":0,"1272":1,"1273":1,"1274":0,"1275":1,"1276":1,"1277":1,"1278":1,"1279":1,"1280":1,"1281":263,"1282":263,"1283":262,"1284":1,"1285":263,"1286":1,"1287":0,"1288":0,"1289":0,"1290":0,"1291":1,"1292":1,"1293":263,"1294":2,"1295":261,"1296":1,"1297":0,"1298":260,"1299":261,"1300":1,"1301":260,"1302":1,"1303":0,"1304":1,"1305":0,"1306":1,"1307":1,"1308":2,"1309":0,"1310":2,"1311":0,"1312":2,"1313":1,"1314":1,"1315":0,"1316":0,"1317":0,"1318":1,"1319":1,"1320":1,"1321":0,"1322":1,"1323":1,"1324":260,"1325":1,"1326":1,"1327":1,"1328":1,"1329":1,"1330":258,"1331":1,"1332":1,"1333":1,"1334":1,"1335":260,"1336":260,"1337":260,"1338":0,"1339":260,"1340":1,"1341":0,"1342":1,"1343":0,"1344":1,"1345":1,"1346":4,"1347":1,"1348":1,"1349":260,"1350":260,"1351":260,"1352":260,"1353":260,"1354":129,"1355":129,"1356":129,"1357":129,"1358":129,"1359":131,"1360":131,"1361":131,"1362":131,"1363":131,"1364":260,"1365":260,"1366":260,"1367":1,"1368":260,"1369":260,"1370":260,"1371":0,"1372":260,"1373":1,"1374":4,"1375":4,"1376":4,"1377":131,"1378":0,"1379":0,"1380":0,"1381":0,"1382":0,"1383":131,"1384":4,"1385":127,"1386":127,"1387":4,"1388":4,"1389":4,"1390":4,"1391":0,"1392":0,"1393":0,"1394":0,"1395":4,"1396":2,"1397":2,"1398":2,"1399":2,"1400":4,"1401":4,"1402":4,"1403":4,"1404":129,"1405":4,"1406":125,"1407":125,"1408":125,"1409":0,"1410":4,"1411":1,"1412":4,"1413":1,"1414":3,"1415":2,"1416":2,"1417":1,"1418":1,"1419":2,"1420":1,"1421":1,"1422":1,"1423":4,"1424":0,"1425":4,"1426":1,"1427":0,"1428":0,"1429":0,"1430":1,"1431":1,"1432":1,"1433":1,"1434":4,"1435":4,"1436":130,"1437":130,"1438":130,"1439":130,"1440":130,"1441":4,"1442":4,"1443":130,"1444":130,"1445":130,"1446":130,"1447":130,"1448":4,"1449":1,"1450":1,"1451":0,"1452":0,"1453":0,"1454":0,"1455":0,"1456":0,"1457":0,"1458":0,"1459":0,"1460":0,"1461":0,"1462":0,"1463":0,"1464":0,"1465":0,"1466":0,"1467":0,"1468":0,"1469":0,"1470":0,"1471":0,"1472":0,"1473":0,"1474":0,"1475":0,"1476":0,"1477":0,"1478":0,"1479":0,"1480":0,"1481":0,"1482":0,"1483":0,"1484":0,"1485":0,"1486":1,"1487":2,"1488":2,"1489":2,"1490":2,"1491":2,"1492":2,"1493":2,"1494":2,"1495":2,"1496":2,"1497":2,"1498":2,"1499":2,"1500":2,"1501":2,"1502":2,"1503":2,"1504":2,"1505":2,"1506":2,"1507":2,"1508":2,"1509":2,"1510":2,"1511":1,"1512":0,"1513":0,"1514":0,"1515":0,"1516":1,"1517":0,"1518":0,"1519":0,"1520":0,"1521":1,"1522":1,"1523":1,"1524":1,"1525":1,"1526":1,"1527":1,"1528":1,"1529":4,"1530":4,"1531":4,"1532":1,"1533":0,"1534":1,"1535":0,"1536":1,"1537":268,"1538":268,"1539":8,"1540":8,"1541":8,"1542":260,"1543":26,"1544":26,"1545":26,"1546":26,"1547":234,"1548":234,"1549":27,"1550":234,"1551":39,"1552":195,"1553":195,"1554":195,"1555":195,"1556":1,"1557":1,"1558":1,"1559":0,"1560":0,"1561":1,"1562":1,"1563":0,"1564":1,"1565":1,"1566":1,"1567":1,"1568":1,"1569":1,"1570":1,"1571":1,"1572":1,"1573":1,"1574":1,"1575":0,"1576":0,"1577":0,"1578":0,"1579":0,"1580":0,"1581":0,"1582":0,"1583":0,"1584":0,"1585":0,"1586":0,"1587":0,"1588":1,"1589":0,"1590":0,"1591":0,"1592":0,"1593":0,"1594":0,"1595":0,"1596":0,"1597":0,"1598":0,"1599":0,"1600":0,"1601":0,"1602":0,"1603":0,"1604":0,"1605":0,"1606":1,"1607":0,"1608":0,"1609":0,"1610":1,"1611":0,"1612":0,"1613":0,"1614":0,"1615":0,"1616":0,"1617":0,"1618":0,"1619":0,"1620":0,"1621":0,"1622":0,"1623":0,"1624":0,"1625":0,"1626":0,"1627":0,"1628":0,"1629":1,"1630":1,"1631":1,"1632":1,"1633":1,"1634":0,"1635":1,"1636":1,"1637":228,"1638":228,"1639":228,"1640":228,"1641":228,"1642":228,"1643":0,"1644":228,"1645":228,"1646":0,"1647":1,"1648":1,"1649":1,"1650":3,"1651":3,"1652":2,"1653":1,"1654":1,"1655":0,"1656":1,"1657":0,"1658":1,"1659":0,"1660":1,"1661":1,"1662":0,"1663":1,"1664":1,"1665":1,"1666":1,"1667":229,"1668":229,"1669":229,"1670":229,"1671":229,"1672":1,"1673":1,"1674":0,"1675":1,"1676":1,"1677":0,"1678":0,"1679":0,"1680":0,"1681":0,"1682":1,"1683":0,"1684":0,"1685":0,"1686":0,"1687":0,"1688":0,"1689":0,"1690":0,"1691":1,"1692":0,"1693":0,"1694":0,"1695":0,"1696":0,"1697":0,"1698":0,"1699":0,"1700":0,"1701":0,"1702":0,"1703":0,"1704":1,"1705":0,"1706":0,"1707":0,"1708":0,"1709":1,"1710":228,"1711":228,"1712":4,"1713":4,"1714":4,"1715":4,"1716":4,"1717":4,"1718":0,"1719":0,"1720":4,"1721":4,"1722":4,"1723":4,"1724":4,"1725":0,"1726":0,"1727":4,"1728":4,"1729":3,"1730":4,"1731":3,"1732":0,"1733":0,"1734":0,"1735":0,"1736":0,"1737":0,"1738":0,"1739":0,"1740":0,"1741":0,"1742":0,"1743":4,"1744":2,"1745":0,"1746":2,"1747":2,"1748":2,"1749":2,"1750":0,"1751":2,"1752":2,"1753":4,"1754":1,"1755":8,"1756":8,"1757":8,"1758":1,"1759":7,"1760":2,"1761":2,"1762":2,"1763":5,"1764":5,"1765":3,"1766":5,"1767":5,"1768":3,"1769":5,"1770":5,"1771":1,"1772":13,"1773":1,"1774":11,"1775":11,"1776":0,"1777":1,"1778":4,"1779":4,"1780":0,"1781":1,"1782":4,"1783":4,"1784":4,"1785":4,"1786":0,"1787":0,"1788":4,"1789":0,"1790":0,"1791":0,"1792":4,"1793":1,"1794":3,"1795":0,"1796":0,"1797":0,"1798":3,"1799":0,"1800":0,"1801":0,"1802":0,"1803":0,"1804":3,"1805":0,"1806":3,"1807":0,"1808":0,"1809":0,"1810":0,"1811":0,"1812":0,"1813":0,"1814":0,"1815":0,"1816":0,"1817":0,"1818":0,"1819":1,"1820":4,"1821":4,"1822":0,"1823":4,"1824":3,"1825":3,"1826":3,"1827":1,"1828":0,"1829":0,"1830":0,"1831":1,"1832":0,"1833":0,"1834":0,"1835":0,"1836":0,"1837":1,"1838":0,"1839":1,"1840":1,"1841":0,"1842":1,"1843":1,"1844":4,"1845":0,"1846":0,"1847":0,"1848":4,"1849":0,"1850":0,"1851":1,"1852":0,"1853":0,"1854":0,"1855":0,"1856":0,"1857":0,"1858":0,"1859":0,"1860":1,"1861":1,"1862":1,"1863":1,"1864":0,"1865":1,"1866":1,"1867":1,"1868":3,"1869":3,"1870":3,"1871":3,"1872":1,"1873":4,"1874":4,"1875":0,"1876":4,"1877":0,"1878":4,"1879":4,"1880":4,"1881":2,"1882":4,"1883":4,"1884":2,"1885":4,"1886":4,"1887":4,"1888":4,"1889":0,"1890":0,"1891":0,"1892":0,"1893":0,"1894":0,"1895":0,"1896":0,"1897":0,"1898":0,"1899":0,"1900":0,"1901":0,"1902":0,"1903":0,"1904":0,"1905":0,"1906":0,"1907":0,"1908":0,"1909":0,"1910":0,"1911":0,"1912":0,"1913":0,"1914":4,"1915":0,"1916":4,"1917":2,"1918":1,"1919":6,"1920":6,"1921":0,"1922":6,"1923":0,"1924":6,"1925":6,"1926":6,"1927":4,"1928":6,"1929":6,"1930":3,"1931":6,"1932":6,"1933":6,"1934":6,"1935":0,"1936":0,"1937":0,"1938":0,"1939":0,"1940":0,"1941":0,"1942":0,"1943":0,"1944":0,"1945":0,"1946":0,"1947":0,"1948":0,"1949":0,"1950":0,"1951":0,"1952":0,"1953":0,"1954":0,"1955":0,"1956":0,"1957":0,"1958":0,"1959":0,"1960":6,"1961":0,"1962":6,"1963":3,"1964":1,"1965":3,"1966":3,"1967":1,"1968":1,"1969":2,"1970":0,"1971":2,"1972":1,"1973":3,"1974":3,"1975":3,"1976":3,"1977":3,"1978":3,"1979":3,"1980":3,"1981":0,"1982":3,"1983":0,"1984":0,"1985":0,"1986":0,"1987":0,"1988":0,"1989":0,"1990":0,"1991":3,"1992":0,"1993":1,"1994":3,"1995":3,"1996":3,"1997":3,"1998":3,"1999":3,"2000":3,"2001":3,"2002":1,"2003":257,"2004":257,"2005":257,"2006":3,"2007":3,"2008":3,"2009":3,"2010":3,"2011":3,"2012":3,"2013":3,"2014":3,"2015":3,"2016":3,"2017":3,"2018":254,"2019":254,"2020":254,"2021":254,"2022":1,"2023":253,"2024":253,"2025":253,"2026":253,"2027":0,"2028":253,"2029":253,"2030":253,"2031":253,"2032":253,"2033":127,"2034":1,"2035":0,"2036":0,"2037":0,"2038":1,"2039":0,"2040":0,"2041":0,"2042":0,"2043":0,"2044":0,"2045":0,"2046":0,"2047":0,"2048":0,"2049":0,"2050":0,"2051":0,"2052":0,"2053":0,"2054":0,"2055":0,"2056":0,"2057":0,"2058":0,"2059":0,"2060":0,"2061":0,"2062":0,"2063":0,"2064":0,"2065":0,"2066":0,"2067":0,"2068":0,"2069":0,"2070":0,"2071":0,"2072":0,"2073":0,"2074":0,"2075":0,"2076":0,"2077":0,"2078":0,"2079":0,"2080":0,"2081":0,"2082":0,"2083":0,"2084":0,"2085":0,"2086":1,"2087":0,"2088":0,"2089":0,"2090":0,"2091":0,"2092":0,"2093":0,"2094":0,"2095":0,"2096":0,"2097":1,"2098":0,"2099":0,"2100":0,"2101":0,"2102":0,"2103":1,"2104":0,"2105":0,"2106":0,"2107":0,"2108":0,"2109":0,"2110":0,"2111":0,"2112":0,"2113":0,"2114":0,"2115":0,"2116":1,"2117":3,"2118":3,"2119":3,"2120":1,"2121":1,"2122":1,"2123":1,"2124":1,"2125":3,"2126":1,"2127":1,"2128":0,"2129":0,"2130":0,"2131":1,"2132":0,"2133":0,"2134":0,"2135":0,"2136":0,"2137":0,"2138":0,"2139":0,"2140":0,"2141":0,"2142":0,"2143":0,"2144":0,"2145":0,"2146":0,"2147":0,"2148":0,"2149":1,"2150":0,"2151":0,"2152":0,"2153":0,"2154":0,"2155":0,"2156":0,"2157":0,"2158":0,"2159":0,"2160":0,"2161":0,"2162":0,"2163":0,"2164":0,"2165":0,"2166":0,"2167":0,"2168":0,"2169":0,"2170":0,"2171":1,"2172":1,"2173":1,"2174":1,"2175":0,"2176":1,"2177":0,"2178":1,"2179":0,"2180":1,"2181":1,"2182":0,"2183":0,"2184":0,"2185":0,"2186":0,"2187":0,"2188":0,"2189":1,"2190":4,"2191":4,"2192":4,"2193":1,"2194":3,"2195":1,"2196":2,"2197":2,"2198":2,"2199":2,"2200":0,"2201":2,"2202":1,"2203":1,"2204":2,"2205":2,"2206":2,"2207":2,"2208":2,"2209":2,"2210":2,"2211":1,"2212":0,"2213":0,"2214":0,"2215":0,"2216":0,"2217":0,"2218":1,"2219":1,"2220":1,"2221":1,"2222":1,"2223":1,"2224":1,"2225":1,"2226":1,"2227":1,"2228":1,"2229":1,"2230":0,"2231":0,"2232":0,"2233":0,"2234":1,"2235":2,"2236":1,"2237":1,"2238":1,"2239":1,"2240":1,"2241":2,"2242":2,"2243":2,"2244":2,"2245":2,"2246":2,"2247":2,"2248":2,"2249":2,"2250":3,"2251":2,"2252":2,"2253":2,"2254":1,"2255":2,"2256":0,"2257":0,"2258":0,"2259":0,"2260":2,"2261":0,"2262":0,"2263":1,"2264":1,"2265":0,"2266":1,"2267":1,"2268":1,"2269":1,"2270":1,"2271":1,"2272":1,"2273":1,"2274":1,"2275":3,"2276":3,"2277":3,"2278":1,"2279":3,"2280":3,"2281":3,"2282":1,"2283":1,"2284":1,"2285":1,"2286":1,"2287":2,"2288":2,"2289":2,"2290":1,"2291":0,"2292":0,"2293":0,"2294":0,"2295":1,"2296":6,"2297":6,"2298":6,"2299":6,"2300":6,"2301":6,"2302":0,"2303":0,"2304":0,"2305":6,"2306":3,"2307":3,"2308":6,"2309":3,"2310":3,"2311":0,"2312":0,"2313":0,"2314":0,"2315":0,"2316":0,"2317":6,"2318":6,"2319":6,"2320":6,"2321":0,"2322":0,"2323":6,"2324":6,"2325":6,"2326":0,"2327":0,"2328":6,"2329":6,"2330":6,"2331":6,"2332":0,"2333":0,"2334":0,"2335":0,"2336":6,"2337":6,"2338":6,"2339":0,"2340":0,"2341":0,"2342":0,"2343":6,"2344":3,"2345":3,"2346":0,"2347":3,"2348":1,"2349":1,"2350":2,"2351":2,"2352":2,"2353":0,"2354":0,"2355":0,"2356":0,"2357":0,"2358":0,"2359":0,"2360":0,"2361":0,"2362":0,"2363":0,"2364":0,"2365":0,"2366":0,"2367":0,"2368":0,"2369":0,"2370":0,"2371":0,"2372":0,"2373":0,"2374":0,"2375":0,"2376":0,"2377":0,"2378":0,"2379":0,"2380":0,"2381":0,"2382":0,"2383":0,"2384":0,"2385":6,"2386":0,"2387":0,"2388":6,"2389":0,"2390":6,"2391":0,"2392":1,"2393":8,"2394":8,"2395":8,"2396":0,"2397":8,"2398":4,"2399":4,"2400":8,"2401":6,"2402":8,"2403":8,"2404":1,"2405":0,"2406":0,"2407":0,"2408":0,"2409":0,"2410":0,"2411":0,"2412":0,"2413":0,"2414":0,"2415":0,"2416":1,"2417":252,"2418":0,"2419":252,"2420":252,"2421":252,"2422":252,"2423":126,"2424":126,"2425":252,"2426":127,"2427":252,"2428":252,"2429":252,"2430":252,"2431":252,"2432":252,"2433":252,"2434":252,"2435":252,"2436":1,"2437":456,"2438":456,"2439":0,"2440":0,"2441":0,"2442":1,"2443":0,"2444":0,"2445":0,"2446":0,"2447":0,"2448":0,"2449":0,"2450":0,"2451":0,"2452":0,"2453":0,"2454":0,"2455":0,"2456":0,"2457":0,"2458":0,"2459":0,"2460":0,"2461":0,"2462":0,"2463":0,"2464":0,"2465":0,"2466":0,"2467":0,"2468":0,"2469":0,"2470":0,"2471":0,"2472":0,"2473":0,"2474":0,"2475":0,"2476":0,"2477":0,"2478":0,"2479":0,"2480":0,"2481":0,"2482":0,"2483":0,"2484":0,"2485":0,"2486":0,"2487":0,"2488":0,"2489":0,"2490":0,"2491":0,"2492":0,"2493":0,"2494":0,"2495":0,"2496":0,"2497":1,"2498":0,"2499":0,"2500":0,"2501":0,"2502":0,"2503":0,"2504":1,"2505":0,"2506":1,"2507":0,"2508":1,"2509":472,"2510":1,"2511":920,"2512":1,"2513":8,"2514":6,"2515":2,"2516":1,"2517":228,"2518":0,"2519":228,"2520":228,"2521":228,"2522":226,"2523":2,"2524":2,"2525":0,"2526":0,"2527":0,"2528":0,"2529":2,"2530":1,"2531":228,"2532":0,"2533":228,"2534":228,"2535":228,"2536":228,"2537":228,"2538":228,"2539":240,"2540":240,"2541":240,"2542":240,"2543":240,"2544":228,"2545":228,"2546":231,"2547":231,"2548":231,"2549":243,"2550":243,"2551":243,"2552":4,"2553":4,"2554":4,"2555":4,"2556":4,"2557":0,"2558":0,"2559":4,"2560":4,"2561":4,"2562":239,"2563":231,"2564":230,"2565":1,"2566":228,"2567":1,"2568":2,"2569":1,"2570":1,"2571":1,"2572":1,"2573":1,"2574":2,"2575":2,"2576":2,"2577":0,"2578":2,"2579":1,"2580":1,"2581":1,"2582":1,"2583":0,"2584":1,"2585":0,"2586":1,"2587":1,"2588":1,"2589":2,"2590":2,"2591":2,"2592":1,"2593":1,"2594":1,"2595":2,"2596":4,"2597":4,"2598":4,"2599":4,"2600":4,"2601":1,"2602":0,"2603":1,"2604":954,"2605":1,"2606":0,"2607":1,"2608":0,"2609":0,"2610":0,"2611":0,"2612":0,"2613":1,"2614":1,"2615":931,"2616":513,"2617":418,"2618":1,"2619":4,"2620":4,"2621":4,"2622":4,"2623":4,"2624":4,"2625":2,"2626":2,"2627":1,"2628":1,"2629":1,"2630":1,"2631":0,"2632":1,"2633":1,"2634":1,"2635":2,"2636":2,"2637":2,"2638":1,"2639":1,"2640":1,"2641":1,"2642":1,"2643":0,"2644":0,"2645":1,"2646":1,"2647":1,"2648":1,"2649":1,"2650":1,"2651":1,"2652":1,"2653":1,"2654":1,"2655":1,"2656":4,"2657":4,"2658":0,"2659":4,"2660":0,"2661":0,"2662":0,"2663":0,"2664":0,"2665":4,"2666":0,"2667":0,"2668":0,"2669":0,"2670":0,"2671":4,"2672":4,"2673":4,"2674":4,"2675":4,"2676":2,"2677":2,"2678":4,"2679":1,"2680":0,"2681":0,"2682":0,"2683":1,"2684":1,"2685":1,"2686":3,"2687":1,"2688":0,"2689":0,"2690":0,"2691":0,"2692":1,"2693":228,"2694":228,"2695":228,"2696":464,"2697":4,"2698":4,"2699":4,"2700":2,"2701":2,"2702":460,"2703":0,"2704":0,"2705":0,"2706":0,"2707":0,"2708":0,"2709":0,"2710":0,"2711":0,"2712":0,"2713":0,"2714":0,"2715":0,"2716":0,"2717":0,"2718":0,"2719":0,"2720":0,"2721":0,"2722":0,"2723":460,"2724":460,"2725":460,"2726":228,"2727":228,"2728":228,"2729":460,"2730":252,"2731":248,"2732":252,"2733":252,"2734":252,"2735":252,"2736":252,"2737":252,"2738":252,"2739":252,"2740":0,"2741":0,"2742":252,"2743":0,"2744":0,"2745":460,"2746":1,"2747":4,"2748":4,"2749":4,"2750":4,"2751":0,"2752":0,"2753":0,"2754":0,"2755":4,"2756":4,"2757":4,"2758":0,"2759":0,"2760":0,"2761":1,"2762":1,"2763":1,"2764":1,"2765":1,"2766":1,"2767":1,"2768":1,"2769":1,"2770":0,"2771":1,"2772":1,"2773":1,"2774":254,"2775":254,"2776":1,"2777":1,"2778":1,"2779":1,"2780":1,"2781":3,"2782":3,"2783":2,"2784":1,"2785":1,"2786":1,"2787":0,"2788":1,"2789":1,"2790":254,"2791":254,"2792":1,"2793":1,"2794":0,"2795":0,"2796":0,"2797":0,"2798":0,"2799":0,"2800":0,"2801":0,"2802":0,"2803":0,"2804":0,"2805":0,"2806":0,"2807":0,"2808":0,"2809":0,"2810":0,"2811":0,"2812":0,"2813":0,"2814":0,"2815":0,"2816":0,"2817":0,"2818":0,"2819":0,"2820":0,"2821":0,"2822":1,"2823":1,"2824":1,"2825":1,"2826":1,"2827":259,"2828":0,"2829":0,"2830":0,"2831":0,"2832":259,"2833":2,"2834":2,"2835":2,"2836":0,"2837":2,"2838":2,"2839":2,"2840":2,"2841":257,"2842":1,"2843":256,"2844":2,"2845":256,"2846":1,"2847":0,"2848":0,"2849":0,"2850":1,"2851":0,"2852":0,"2853":0,"2854":0,"2855":0,"2856":0,"2857":0,"2858":0,"2859":0,"2860":0,"2861":0,"2862":0,"2863":0,"2864":0,"2865":0,"2866":0,"2867":0,"2868":0,"2869":0,"2870":0,"2871":0,"2872":0,"2873":0,"2874":0,"2875":0,"2876":0,"2877":0,"2878":0,"2879":0,"2880":0,"2881":0,"2882":0,"2883":0,"2884":0,"2885":0,"2886":0,"2887":0,"2888":0,"2889":0,"2890":0,"2891":0,"2892":0,"2893":0,"2894":0,"2895":0,"2896":0,"2897":0,"2898":0,"2899":0,"2900":0,"2901":0,"2902":0,"2903":0,"2904":0,"2905":0,"2906":0,"2907":0,"2908":0,"2909":0,"2910":0,"2911":0,"2912":0,"2913":0,"2914":0,"2915":0,"2916":0,"2917":0,"2918":0,"2919":0,"2920":0,"2921":0,"2922":0,"2923":0,"2924":0,"2925":0,"2926":0,"2927":0,"2928":0,"2929":0,"2930":0,"2931":0,"2932":0,"2933":0,"2934":0,"2935":0,"2936":0,"2937":0,"2938":0,"2939":0,"2940":0,"2941":0,"2942":0,"2943":0,"2944":1,"2945":0,"2946":0,"2947":0,"2948":0,"2949":0,"2950":0,"2951":1,"2952":1,"2953":1,"2954":0,"2955":0,"2956":0,"2957":0,"2958":0,"2959":0,"2960":0,"2961":0,"2962":0,"2963":0,"2964":0,"2965":0,"2966":0,"2967":0,"2968":0,"2969":0,"2970":0,"2971":0,"2972":0,"2973":0,"2974":0,"2975":0,"2976":0,"2977":0,"2978":0,"2979":0,"2980":0,"2981":0,"2982":0,"2983":0,"2984":0,"2985":0,"2986":0,"2987":0,"2988":0,"2989":0,"2990":0,"2991":0,"2992":0,"2993":0,"2994":0,"2995":0,"2996":0,"2997":0,"2998":0,"2999":0,"3000":0,"3001":0,"3002":0,"3003":0,"3004":0,"3005":0,"3006":0,"3007":0,"3008":0,"3009":0,"3010":0,"3011":0,"3012":0,"3013":0,"3014":0,"3015":0,"3016":0,"3017":0,"3018":0,"3019":0,"3020":0,"3021":0,"3022":0,"3023":0,"3024":0,"3025":0,"3026":0,"3027":0,"3028":0,"3029":0,"3030":1,"3031":1,"3032":1,"3033":4,"3034":0,"3035":4,"3036":0,"3037":1,"3038":1,"3039":2,"3040":2,"3041":2,"3042":1,"3043":1,"3044":1,"3045":0,"3046":1,"3047":0,"3048":0,"3049":0,"3050":0,"3051":1,"3052":1,"3053":3,"3054":1,"3055":1,"3056":1,"3057":1,"3058":1,"3059":1,"3060":0,"3061":1,"3062":1,"3063":1,"3064":254,"3065":254,"3066":1,"3067":0,"3068":0,"3069":0,"3070":0,"3071":0,"3072":1,"3073":4,"3074":4,"3075":4,"3076":0,"3077":4,"3078":4,"3079":4,"3080":4,"3081":4,"3082":4,"3083":4,"3084":256,"3085":256,"3086":4,"3087":1,"3088":4,"3089":4,"3090":4,"3091":0,"3092":4,"3093":4,"3094":4,"3095":4,"3096":1,"3097":1,"3098":1,"3099":0,"3100":1,"3101":0,"3102":0,"3103":1,"3104":0,"3105":0,"3106":0,"3107":1,"3108":0,"3109":1,"3110":0,"3111":1,"3112":1,"3113":1,"3114":1,"3115":0,"3116":1,"3117":1,"3118":0,"3119":0,"3120":0,"3121":0,"3122":0,"3123":1,"3124":0,"3125":0,"3126":0,"3127":0,"3128":0,"3129":1,"3130":1,"3131":1,"3132":1,"3133":0,"3134":0,"3135":0,"3136":0,"3137":0,"3138":0,"3139":0,"3140":1,"3141":1,"3142":16,"3143":13,"3144":1,"3145":4,"3146":4,"3147":1,"3148":1,"3149":4,"3150":4,"3151":1,"3152":1,"3153":1,"3154":1,"3155":1,"3156":1,"3157":1,"3158":1,"3159":1,"3160":1,"3161":1,"3162":0,"3163":0,"3164":1,"3165":1,"3166":1,"3167":1,"3168":1,"3169":1,"3170":0,"3171":1,"3172":0,"3173":1,"3174":1,"3175":1,"3176":0,"3177":1,"3178":3,"3179":0,"3180":3,"3181":2,"3182":1,"3183":1,"3184":1,"3185":0,"3186":1,"3187":1,"3188":1,"3189":1,"3190":1,"3191":1,"3192":1,"3193":1,"3194":1,"3195":0,"3196":1,"3197":0,"3198":1,"3199":0,"3200":0,"3201":0,"3202":0,"3203":1,"3204":1,"3205":3,"3206":1,"3207":1,"3208":1,"3209":1,"3210":4,"3211":0,"3212":0,"3213":0,"3214":0,"3215":0,"3216":4,"3217":4,"3218":0,"3219":0,"3220":4,"3221":1,"3222":1,"3223":1,"3224":1,"3225":1,"3226":0,"3227":0,"3228":0,"3229":0,"3230":0,"3231":0,"3232":0,"3233":0,"3234":0,"3235":0,"3236":0,"3237":0,"3238":1,"3239":4,"3240":2,"3241":2,"3242":2,"3243":1,"3244":264,"3245":1,"3246":0,"3247":0,"3248":0,"3249":0,"3250":0,"3251":0,"3252":0,"3253":0,"3254":0,"3255":0,"3256":0,"3257":0,"3258":0,"3259":0,"3260":0,"3261":0,"3262":1,"3263":0,"3264":0,"3265":0,"3266":0,"3267":0,"3268":0,"3269":0,"3270":0,"3271":1,"3272":4,"3273":4,"3274":4,"3275":4,"3276":4,"3277":4,"3278":4,"3279":4,"3280":1,"3281":3,"3282":0,"3283":4,"3284":4,"3285":256,"3286":0,"3287":4,"3288":1,"3289":0,"3290":0,"3291":0,"3292":1,"3293":0,"3294":0,"3295":0,"3296":0,"3297":0,"3298":0,"3299":0,"3300":0,"3301":0,"3302":0,"3303":0,"3304":0,"3305":0,"3306":0,"3307":0,"3308":0,"3309":0,"3310":0,"3311":0,"3312":0,"3313":1,"3314":0,"3315":0,"3316":0,"3317":0,"3318":0,"3319":0,"3320":0,"3321":0,"3322":0,"3323":0,"3324":0,"3325":0,"3326":0,"3327":0,"3328":0,"3329":0,"3330":0,"3331":0,"3332":0,"3333":0,"3334":0,"3335":0,"3336":0,"3337":0,"3338":0,"3339":0,"3340":0,"3341":0,"3342":0,"3343":0,"3344":0,"3345":0,"3346":0,"3347":0,"3348":0,"3349":0,"3350":0,"3351":0,"3352":0,"3353":0,"3354":0,"3355":0,"3356":0,"3357":0,"3358":0,"3359":0,"3360":0,"3361":1,"3362":0,"3363":0,"3364":0,"3365":0,"3366":0,"3367":0,"3368":0,"3369":0,"3370":0,"3371":0,"3372":0,"3373":0,"3374":0,"3375":0,"3376":0,"3377":0,"3378":0,"3379":0,"3380":0,"3381":0,"3382":0,"3383":0,"3384":0,"3385":0,"3386":0,"3387":0,"3388":0,"3389":0,"3390":0,"3391":0,"3392":0,"3393":0,"3394":0,"3395":0,"3396":0,"3397":0,"3398":0,"3399":0,"3400":0,"3401":0,"3402":0,"3403":0,"3404":0,"3405":0,"3406":0,"3407":0,"3408":0,"3409":0,"3410":0,"3411":0,"3412":0,"3413":0,"3414":0,"3415":0,"3416":0,"3417":0,"3418":0,"3419":1},"b":{"1":[2625,10557],"2":[2624,1],"3":[1,0],"4":[1,1],"5":[0,0],"6":[1319,34400],"7":[0,3658],"8":[1033,2625],"9":[0,2625],"10":[0,2625],"11":[0,2625],"12":[1,2624],"13":[0,2624],"14":[0,2624],"15":[0,2624],"16":[0,0],"17":[0,0],"18":[0,0],"19":[0,0],"20":[0,0],"21":[0,0],"22":[0,1],"23":[1,1],"24":[0,0],"25":[0,1],"26":[45669,42958],"27":[513,1059],"28":[0,1059],"29":[0,1059],"30":[0,1059],"31":[0,1059],"32":[0,1059],"33":[0,0],"34":[0,0],"35":[0,0],"36":[0,0],"37":[0,0],"38":[0,0],"39":[0,0],"40":[0,0],"41":[1319,9427],"42":[0,4061],"43":[0,4061],"44":[0,0],"45":[4061,0],"46":[4061,0],"47":[4061,0],"48":[0,4061],"49":[4061,0],"50":[0,4061],"51":[0,0],"52":[0,4061],"53":[4061,0],"54":[4077,3684],"55":[1832,5929],"56":[0,7761],"57":[38,7723],"58":[533,779],"59":[0,0],"60":[0,0],"61":[0,4061],"62":[0,4061],"63":[0,0],"64":[0,0],"65":[0,4061],"66":[4061,0],"67":[0,4061],"68":[0,4061],"69":[0,4061],"70":[16,4045],"71":[0,5938],"72":[0,5938],"73":[4061,0],"74":[0,4061],"75":[4061,0],"76":[0,4061],"77":[0,0],"78":[0,0],"79":[0,0],"80":[0,0],"81":[0,0],"82":[0,0],"83":[0,0],"84":[0,0],"85":[0,0],"86":[0,0],"87":[0,0],"88":[0,0],"89":[0,0],"90":[0,0],"91":[0,0],"92":[0,0],"93":[0,4061],"94":[0,0],"95":[0,0],"96":[4061,0],"97":[0,0],"98":[0,0],"99":[0,0],"100":[0,6439],"101":[2378,4061],"102":[6439,4061,1058],"103":[1059,0],"104":[27,1032],"105":[1059,1032,1032],"106":[0,2624],"107":[1319,34400],"108":[1319,0],"109":[1319,1319],"110":[2538,31862],"111":[2624,0],"112":[1319,1305],"113":[0,0],"114":[0,0],"115":[0,0],"116":[0,0],"117":[0,0],"118":[0,0],"119":[0,0],"120":[0,0],"121":[0,0],"122":[0,0],"123":[0,0],"124":[0,0],"125":[0,0],"126":[0,0],"127":[0,0],"128":[0,0],"129":[0,0],"130":[0,0],"131":[0,0],"132":[0,0],"133":[0,0],"134":[0,0],"135":[0,0],"136":[0,0],"137":[0,0],"138":[0,0],"139":[0,0],"140":[0,0],"141":[0,0],"142":[0,0],"143":[7,247],"144":[0,254],"145":[1,253],"146":[0,253],"147":[30,5132],"148":[0,16],"149":[0,0],"150":[0,0],"151":[0,0],"152":[0,0],"153":[0,0],"154":[0,0],"155":[0,0],"156":[0,0],"157":[0,0],"158":[0,0],"159":[0,0],"160":[0,0],"161":[0,0],"162":[0,0],"163":[0,0],"164":[0,0],"165":[0,0],"166":[0,0],"167":[0,0],"168":[0,0],"169":[0,0],"170":[0,0],"171":[0,0],"172":[0,0],"173":[0,0],"174":[0,0],"175":[0,0],"176":[0,0],"177":[0,0],"178":[0,0],"179":[0,0],"180":[0,0],"181":[0,0],"182":[0,0],"183":[0,0,0],"184":[0,0],"185":[0,0],"186":[0,0],"187":[0,0],"188":[0,0],"189":[0,0],"190":[0,0],"191":[0,0],"192":[0,0],"193":[0,0],"194":[0,0],"195":[0,0],"196":[0,0],"197":[0,0],"198":[0,0],"199":[0,0],"200":[0,0],"201":[0,0],"202":[0,0],"203":[0,0],"204":[0,0],"205":[0,0],"206":[0,0],"207":[0,0],"208":[0,0],"209":[0,0],"210":[0,0],"211":[0,0],"212":[0,0],"213":[0,1021],"214":[778,243],"215":[0,0],"216":[784,5],"217":[0,0],"218":[0,0],"219":[0,0],"220":[0,0,0,0,0],"221":[0,0],"222":[0,0,0,0,0],"223":[5,524],"224":[5,0],"225":[524,0],"226":[524,0],"227":[0,0],"228":[0,0],"229":[0,1],"230":[1,0],"231":[1,1],"232":[0,0],"233":[0,1],"234":[0,1],"235":[0,1],"236":[262,1],"237":[1,262],"238":[263,263],"239":[0,1],"240":[1,1],"241":[0,0],"242":[2,261],"243":[1,260],"244":[261,260],"245":[0,1],"246":[1,260],"247":[0,1],"248":[1,0],"249":[0,1],"250":[0,2],"251":[0,2],"252":[2,2],"253":[1,1],"254":[0,1],"255":[0,1],"256":[0,260],"257":[0,1],"258":[0,1],"259":[129,131],"260":[0,260],"261":[0,131],"262":[0,0],"263":[0,0],"264":[0,0],"265":[4,127],"266":[0,4],"267":[0,0],"268":[2,2],"269":[4,125],"270":[129,4],"271":[0,125],"272":[125,0],"273":[1,3],"274":[2,1],"275":[3,2],"276":[0,4],"277":[0,0],"278":[0,0],"279":[0,0],"280":[0,0],"281":[0,0],"282":[0,0],"283":[0,0],"284":[0,0],"285":[0,0],"286":[0,0],"287":[0,0],"288":[8,260],"289":[26,234],"290":[261,138],"291":[39,195],"292":[0,1],"293":[1,0],"294":[0,1],"295":[1,0],"296":[0,0],"297":[0,0],"298":[0,0],"299":[0,0],"300":[0,0],"301":[0,0],"302":[0,0],"303":[0,0],"304":[0,0],"305":[0,0],"306":[0,0],"307":[0,0],"308":[0,0],"309":[0,0],"310":[0,0],"311":[0,0],"312":[0,0],"313":[0,0],"314":[0,0],"315":[0,1],"316":[0,228],"317":[1,0],"318":[2,1],"319":[0,1],"320":[0,1],"321":[1,0],"322":[0,1],"323":[0,1],"324":[0,0],"325":[0,0],"326":[0,0],"327":[0,0],"328":[232,110],"329":[0,4],"330":[0,4],"331":[3,1],"332":[3,1],"333":[0,3],"334":[0,0],"335":[2,2],"336":[0,2],"337":[2,1,1],"338":[0,2],"339":[1,7],"340":[2,5],"341":[8,6],"342":[3,2],"343":[8,5],"344":[11,0],"345":[4,0],"346":[4,0],"347":[0,0,4,0],"348":[0,0],"349":[1,3],"350":[0,0],"351":[0,3,0],"352":[0,0,0,0],"353":[0,0,3,0],"354":[0,0],"355":[0,0,0,0],"356":[0,0,0,0],"357":[4,1],"358":[3,1],"359":[0,1],"360":[0,1],"361":[0,0],"362":[0,0],"363":[0,1],"364":[1,0],"365":[1,0],"366":[0,4],"367":[0,0],"368":[0,0],"369":[0,1],"370":[0,4],"371":[4,0],"372":[0,4],"373":[4,2],"374":[4,0],"375":[2,2],"376":[2,2],"377":[0,0],"378":[0,0],"379":[0,0],"380":[0,0],"381":[0,0],"382":[0,0],"383":[0,0],"384":[0,4],"385":[2,2],"386":[0,6],"387":[6,0],"388":[0,6],"389":[6,2],"390":[6,0],"391":[4,2],"392":[3,3],"393":[0,0],"394":[0,0],"395":[0,0],"396":[0,0],"397":[0,0],"398":[0,0],"399":[0,0],"400":[0,6],"401":[3,3],"402":[1,2],"403":[0,2],"404":[3,0],"405":[3,3],"406":[0,3],"407":[0,0],"408":[0,3],"409":[3,1,1,0],"410":[3,254],"411":[1,253],"412":[254,127,254,127],"413":[0,253],"414":[253,0],"415":[127,126],"416":[0,0],"417":[0,0],"418":[0,0],"419":[0,0],"420":[0,0],"421":[0,0],"422":[0,0],"423":[0,0],"424":[0,0],"425":[0,0],"426":[0,0],"427":[0,0,0],"428":[0,0],"429":[0,0],"430":[0,0],"431":[0,0],"432":[1,0],"433":[1,0],"434":[1,2],"435":[0,0],"436":[0,0],"437":[0,0],"438":[0,0],"439":[0,0],"440":[0,0,0,0],"441":[0,0],"442":[0,0],"443":[0,0],"444":[0,0],"445":[0,0],"446":[0,0],"447":[0,0],"448":[0,0],"449":[0,1],"450":[0,1],"451":[0,1],"452":[1,0],"453":[0,0],"454":[0,0],"455":[0,0],"456":[1,3],"457":[0,2],"458":[1,1],"459":[1,1],"460":[0,1],"461":[1,0],"462":[1,1],"463":[1,0],"464":[2,1],"465":[0,0],"466":[0,0],"467":[0,0],"468":[0,1],"469":[6,2,1,0],"470":[6,2,1,1],"471":[6,0],"472":[0,6],"473":[3,3],"474":[3,3],"475":[0,0],"476":[0,0],"477":[0,0],"478":[0,0],"479":[6,0],"480":[6,0],"481":[6,0,0],"482":[6,0,0],"483":[3,3],"484":[6,4],"485":[3,0],"486":[3,3,3,3,0,0,0,0],"487":[1,2],"488":[1,0],"489":[1,1,1,0,0],"490":[2,0],"491":[2,0],"492":[2,2,2,0,0],"493":[0,0],"494":[0,0,0,0,0,0],"495":[0,0,0],"496":[0,0,0],"497":[0,0],"498":[0,0],"499":[0,0],"500":[0,0,0,0],"501":[0,0],"502":[0,0],"503":[0,0],"504":[0,0],"505":[0,0],"506":[0,0,0,0,0,0],"507":[0,6],"508":[6,0,0,0,0],"509":[0,6],"510":[0,6],"511":[0,8],"512":[8,4,1],"513":[4,4],"514":[6,2],"515":[0,0],"516":[0,0,0],"517":[0,0],"518":[0,0],"519":[0,252],"520":[126,126],"521":[127,125],"522":[252,0],"523":[0,0],"524":[0,0],"525":[0,0],"526":[0,0,0,0,0],"527":[0,0],"528":[0,0],"529":[0,0],"530":[0,0],"531":[0,0],"532":[0,0],"533":[0,0],"534":[0,0],"535":[0,0],"536":[0,0],"537":[0,0,0],"538":[0,0],"539":[0,0],"540":[0,0],"541":[0,0],"542":[0,0],"543":[0,0],"544":[0,0],"545":[0,0,0,0,0,0],"546":[0,0],"547":[0,0],"548":[0,0],"549":[0,0],"550":[0,0],"551":[0,0],"552":[0,0,0],"553":[472,472,258],"554":[920,504],"555":[6,2],"556":[8,2],"557":[0,228],"558":[226,2],"559":[2,0],"560":[0,228],"561":[458,231],"562":[4,239],"563":[243,4],"564":[0,4],"565":[230,1],"566":[1,1],"567":[0,2],"568":[1,1],"569":[1,0],"570":[1,0],"571":[0,1],"572":[1,1],"573":[0,0],"574":[479,475],"575":[0,0],"576":[0,0],"577":[0,0],"578":[0,0],"579":[513,418],"580":[2,2],"581":[1,1],"582":[1,0],"583":[2,0],"584":[1,1],"585":[2,1],"586":[0,1],"587":[1,0],"588":[1,1],"589":[1,0],"590":[0,4],"591":[0,4],"592":[0,0],"593":[0,4],"594":[0,0],"595":[2,2],"596":[1,3],"597":[4,3],"598":[0,1],"599":[4,460],"600":[464,4],"601":[2,2],"602":[0,460],"603":[460,252],"604":[0,0],"605":[0,0],"606":[252,208],"607":[248,4],"608":[0,252],"609":[252,126,1,1,0,0,0],"610":[0,252],"611":[252,127,1,1,0,0,0],"612":[0,0],"613":[4,0],"614":[4,4],"615":[0,0],"616":[0,0],"617":[1,0],"618":[0,1],"619":[2,1],"620":[0,1],"621":[0,0],"622":[0,0],"623":[0,0],"624":[0,0],"625":[0,259],"626":[259,259],"627":[2,257],"628":[259,259],"629":[0,2],"630":[1,256],"631":[2,254],"632":[0,1],"633":[0,0],"634":[0,0],"635":[0,0],"636":[0,0],"637":[0,0],"638":[0,0],"639":[0,0],"640":[0,0],"641":[0,0],"642":[0,0],"643":[0,0],"644":[0,0],"645":[0,0],"646":[0,0],"647":[0,0],"648":[0,0],"649":[0,0],"650":[0,0],"651":[0,0],"652":[0,0],"653":[0,0],"654":[0,0],"655":[0,0],"656":[0,0],"657":[0,0],"658":[0,0],"659":[0,0],"660":[0,0],"661":[0,0],"662":[0,0],"663":[0,0],"664":[0,0],"665":[0,0],"666":[0,0],"667":[0,0],"668":[0,0],"669":[0,0],"670":[0,0],"671":[0,0],"672":[0,0,0],"673":[0,0],"674":[0,0],"675":[0,0],"676":[0,0,0,0],"677":[0,0],"678":[0,0],"679":[0,0,0],"680":[0,0],"681":[0,0],"682":[0,0],"683":[0,0],"684":[0,0],"685":[0,4],"686":[4,4],"687":[0,4],"688":[4,4],"689":[1,1],"690":[0,1],"691":[0,1],"692":[1,0],"693":[0,1],"694":[1,0],"695":[0,4],"696":[4,0],"697":[0,4],"698":[4,2],"699":[0,1],"700":[0,1],"701":[0,1],"702":[0,1],"703":[0,1],"704":[1,0],"705":[0,0],"706":[0,0],"707":[0,1],"708":[0,0],"709":[0,0],"710":[0,0],"711":[13,3],"712":[4,0],"713":[0,1],"714":[1,0],"715":[1,1],"716":[0,1],"717":[0,1],"718":[0,3],"719":[2,1],"720":[1,0],"721":[0,1],"722":[0,1],"723":[1,1,0],"724":[0,1],"725":[1,1,0],"726":[0,1],"727":[0,4,0],"728":[0,0],"729":[1,0],"730":[0,0],"731":[2,2],"732":[4,3,3],"733":[0,0],"734":[0,0],"735":[0,0],"736":[4,0],"737":[4,0],"738":[1,3],"739":[4,4],"740":[0,3],"741":[3,0],"742":[0,0],"743":[0,0],"744":[0,0],"745":[0,0],"746":[0,0],"747":[0,0],"748":[0,0],"749":[0,0],"750":[0,0],"751":[0,0],"752":[0,0,0,0],"753":[0,0],"754":[0,0],"755":[0,0],"756":[0,0],"757":[0,0],"758":[0,0],"759":[0,0],"760":[0,0],"761":[0,0],"762":[0,0],"763":[0,0],"764":[0,0],"765":[0,0],"766":[0,0],"767":[0,0],"768":[0,0],"769":[0,0],"770":[0,0,0,0],"771":[0,0],"772":[0,0],"773":[0,0],"774":[0,0],"775":[0,0],"776":[0,0],"777":[0,0],"778":[0,0],"779":[0,0],"780":[0,0],"781":[0,0],"782":[0,0],"783":[0,0],"784":[0,0]},"f":{"1":13182,"2":10557,"3":0,"4":0,"5":13663,"6":0,"7":35719,"8":0,"9":3658,"10":1034,"11":2625,"12":30734,"13":1572,"14":1832,"15":10746,"16":4061,"17":4061,"18":0,"19":8122,"20":4061,"21":8122,"22":4061,"23":7761,"24":1312,"25":0,"26":4061,"27":0,"28":0,"29":0,"30":0,"31":0,"32":0,"33":0,"34":0,"35":0,"36":0,"37":0,"38":0,"39":0,"40":0,"41":0,"42":0,"43":0,"44":0,"45":4061,"46":0,"47":0,"48":3656,"49":6439,"50":1059,"51":2624,"52":0,"53":0,"54":0,"55":0,"56":0,"57":0,"58":0,"59":0,"60":0,"61":0,"62":0,"63":0,"64":0,"65":0,"66":0,"67":0,"68":0,"69":0,"70":0,"71":0,"72":0,"73":0,"74":0,"75":0,"76":0,"77":0,"78":254,"79":254,"80":0,"81":1312,"82":0,"83":0,"84":0,"85":0,"86":5162,"87":5162,"88":0,"89":0,"90":0,"91":0,"92":0,"93":0,"94":0,"95":0,"96":0,"97":0,"98":0,"99":0,"100":0,"101":0,"102":0,"103":0,"104":0,"105":0,"106":0,"107":561,"108":0,"109":4,"110":0,"111":235,"112":1021,"113":0,"114":7,"115":1,"116":0,"117":260,"118":4,"119":4,"120":229,"121":3,"122":256,"123":0,"124":0,"125":2,"126":784,"127":0,"128":0,"129":529,"130":0,"131":0,"132":1,"133":1,"134":260,"135":260,"136":4,"137":4,"138":4,"139":0,"140":1,"141":0,"142":2,"143":0,"144":0,"145":1,"146":0,"147":0,"148":268,"149":1,"150":0,"151":0,"152":0,"153":1,"154":229,"155":1,"156":0,"157":0,"158":0,"159":0,"160":228,"161":0,"162":8,"163":13,"164":11,"165":4,"166":4,"167":4,"168":0,"169":1,"170":4,"171":6,"172":3,"173":3,"174":3,"175":257,"176":0,"177":0,"178":0,"179":0,"180":0,"181":0,"182":0,"183":0,"184":0,"185":3,"186":0,"187":0,"188":0,"189":1,"190":4,"191":2,"192":1,"193":3,"194":3,"195":1,"196":2,"197":0,"198":6,"199":8,"200":0,"201":252,"202":456,"203":0,"204":0,"205":0,"206":0,"207":0,"208":472,"209":920,"210":8,"211":228,"212":228,"213":4,"214":2,"215":2,"216":0,"217":954,"218":0,"219":0,"220":931,"221":4,"222":2,"223":1,"224":4,"225":0,"226":228,"227":0,"228":0,"229":252,"230":4,"231":1,"232":1,"233":1,"234":1,"235":0,"236":1,"237":0,"238":0,"239":0,"240":0,"241":0,"242":0,"243":1,"244":0,"245":1,"246":2,"247":4,"248":4,"249":1,"250":0,"251":0,"252":4,"253":1,"254":4,"255":264,"256":0,"257":0,"258":4,"259":0,"260":0,"261":0,"262":0},"fnMap":{"1":{"name":"Int128","line":78,"loc":{"start":{"line":78,"column":0},"end":{"line":79,"column":0}}},"2":{"name":"nbi","line":97,"loc":{"start":{"line":97,"column":0},"end":{"line":98,"column":0}}},"3":{"name":"am1","line":108,"loc":{"start":{"line":108,"column":0},"end":{"line":109,"column":0}}},"4":{"name":"am2","line":121,"loc":{"start":{"line":121,"column":0},"end":{"line":122,"column":0}}},"5":{"name":"am3","line":138,"loc":{"start":{"line":138,"column":0},"end":{"line":139,"column":0}}},"6":{"name":"int2char","line":175,"loc":{"start":{"line":175,"column":0},"end":{"line":176,"column":0}}},"7":{"name":"intAt","line":180,"loc":{"start":{"line":180,"column":0},"end":{"line":181,"column":0}}},"8":{"name":"bnpCopyTo","line":186,"loc":{"start":{"line":186,"column":0},"end":{"line":187,"column":0}}},"9":{"name":"bnpFromInt","line":193,"loc":{"start":{"line":193,"column":0},"end":{"line":194,"column":0}}},"10":{"name":"nbv","line":202,"loc":{"start":{"line":202,"column":0},"end":{"line":203,"column":0}}},"11":{"name":"bnpFromString","line":209,"loc":{"start":{"line":209,"column":0},"end":{"line":210,"column":0}}},"12":{"name":"bnpClamp","line":256,"loc":{"start":{"line":256,"column":0},"end":{"line":257,"column":0}}},"13":{"name":"bnToString","line":262,"loc":{"start":{"line":262,"column":0},"end":{"line":263,"column":0}}},"14":{"name":"bnNegate","line":308,"loc":{"start":{"line":308,"column":0},"end":{"line":309,"column":0}}},"15":{"name":"bnAbs","line":315,"loc":{"start":{"line":315,"column":0},"end":{"line":316,"column":0}}},"16":{"name":"bnCompareTo","line":320,"loc":{"start":{"line":320,"column":0},"end":{"line":321,"column":0}}},"17":{"name":"nbits","line":331,"loc":{"start":{"line":331,"column":0},"end":{"line":332,"column":0}}},"18":{"name":"bnBitLength","line":363,"loc":{"start":{"line":363,"column":0},"end":{"line":364,"column":0}}},"19":{"name":"bnpDLShiftTo","line":369,"loc":{"start":{"line":369,"column":0},"end":{"line":370,"column":0}}},"20":{"name":"bnpDRShiftTo","line":378,"loc":{"start":{"line":378,"column":0},"end":{"line":379,"column":0}}},"21":{"name":"bnpLShiftTo","line":385,"loc":{"start":{"line":385,"column":0},"end":{"line":386,"column":0}}},"22":{"name":"bnpRShiftTo","line":405,"loc":{"start":{"line":405,"column":0},"end":{"line":406,"column":0}}},"23":{"name":"bnpSubTo","line":428,"loc":{"start":{"line":428,"column":0},"end":{"line":429,"column":0}}},"24":{"name":"bnpMultiplyTo","line":469,"loc":{"start":{"line":469,"column":0},"end":{"line":470,"column":0}}},"25":{"name":"bnpSquareTo","line":482,"loc":{"start":{"line":482,"column":0},"end":{"line":483,"column":0}}},"26":{"name":"bnpDivRemTo","line":502,"loc":{"start":{"line":502,"column":0},"end":{"line":503,"column":0}}},"27":{"name":"bnMod","line":569,"loc":{"start":{"line":569,"column":0},"end":{"line":570,"column":0}}},"28":{"name":"Classic","line":578,"loc":{"start":{"line":578,"column":0},"end":{"line":579,"column":0}}},"29":{"name":"cConvert","line":583,"loc":{"start":{"line":583,"column":0},"end":{"line":584,"column":0}}},"30":{"name":"cRevert","line":589,"loc":{"start":{"line":589,"column":0},"end":{"line":590,"column":0}}},"31":{"name":"cReduce","line":594,"loc":{"start":{"line":594,"column":0},"end":{"line":595,"column":0}}},"32":{"name":"cMulTo","line":599,"loc":{"start":{"line":599,"column":0},"end":{"line":600,"column":0}}},"33":{"name":"cSqrTo","line":605,"loc":{"start":{"line":605,"column":0},"end":{"line":606,"column":0}}},"34":{"name":"bnpInvDigit","line":625,"loc":{"start":{"line":625,"column":0},"end":{"line":626,"column":0}}},"35":{"name":"Montgomery","line":641,"loc":{"start":{"line":641,"column":0},"end":{"line":642,"column":0}}},"36":{"name":"montConvert","line":651,"loc":{"start":{"line":651,"column":0},"end":{"line":652,"column":0}}},"37":{"name":"montRevert","line":661,"loc":{"start":{"line":661,"column":0},"end":{"line":662,"column":0}}},"38":{"name":"montReduce","line":669,"loc":{"start":{"line":669,"column":0},"end":{"line":670,"column":0}}},"39":{"name":"montSqrTo","line":693,"loc":{"start":{"line":693,"column":0},"end":{"line":694,"column":0}}},"40":{"name":"montMulTo","line":699,"loc":{"start":{"line":699,"column":0},"end":{"line":700,"column":0}}},"41":{"name":"bnpIsEven","line":710,"loc":{"start":{"line":710,"column":0},"end":{"line":711,"column":0}}},"42":{"name":"bnpExp","line":715,"loc":{"start":{"line":715,"column":0},"end":{"line":716,"column":0}}},"43":{"name":"bnModPowInt","line":737,"loc":{"start":{"line":737,"column":0},"end":{"line":738,"column":0}}},"44":{"name":"bnClone","line":778,"loc":{"start":{"line":778,"column":0},"end":{"line":779,"column":0}}},"45":{"name":"bnIntValue","line":785,"loc":{"start":{"line":785,"column":0},"end":{"line":786,"column":0}}},"46":{"name":"bnByteValue","line":798,"loc":{"start":{"line":798,"column":0},"end":{"line":799,"column":0}}},"47":{"name":"bnShortValue","line":803,"loc":{"start":{"line":803,"column":0},"end":{"line":804,"column":0}}},"48":{"name":"bnpChunkSize","line":808,"loc":{"start":{"line":808,"column":0},"end":{"line":809,"column":0}}},"49":{"name":"bnSigNum","line":813,"loc":{"start":{"line":813,"column":0},"end":{"line":814,"column":0}}},"50":{"name":"bnpToRadix","line":820,"loc":{"start":{"line":820,"column":0},"end":{"line":821,"column":0}}},"51":{"name":"bnpFromRadix","line":842,"loc":{"start":{"line":842,"column":0},"end":{"line":843,"column":0}}},"52":{"name":"bnpFromNumber","line":876,"loc":{"start":{"line":876,"column":0},"end":{"line":877,"column":0}}},"53":{"name":"bnToByteArray","line":908,"loc":{"start":{"line":908,"column":0},"end":{"line":909,"column":0}}},"54":{"name":"bnEquals","line":942,"loc":{"start":{"line":942,"column":0},"end":{"line":943,"column":0}}},"55":{"name":"bnMin","line":947,"loc":{"start":{"line":947,"column":0},"end":{"line":948,"column":0}}},"56":{"name":"bnMax","line":952,"loc":{"start":{"line":952,"column":0},"end":{"line":953,"column":0}}},"57":{"name":"bnpBitwiseTo","line":957,"loc":{"start":{"line":957,"column":0},"end":{"line":958,"column":0}}},"58":{"name":"op_and","line":977,"loc":{"start":{"line":977,"column":0},"end":{"line":978,"column":0}}},"59":{"name":"bnAnd","line":982,"loc":{"start":{"line":982,"column":0},"end":{"line":983,"column":0}}},"60":{"name":"op_or","line":989,"loc":{"start":{"line":989,"column":0},"end":{"line":990,"column":0}}},"61":{"name":"bnOr","line":994,"loc":{"start":{"line":994,"column":0},"end":{"line":995,"column":0}}},"62":{"name":"op_xor","line":1001,"loc":{"start":{"line":1001,"column":0},"end":{"line":1002,"column":0}}},"63":{"name":"bnXor","line":1006,"loc":{"start":{"line":1006,"column":0},"end":{"line":1007,"column":0}}},"64":{"name":"op_andnot","line":1013,"loc":{"start":{"line":1013,"column":0},"end":{"line":1014,"column":0}}},"65":{"name":"bnAndNot","line":1018,"loc":{"start":{"line":1018,"column":0},"end":{"line":1019,"column":0}}},"66":{"name":"bnNot","line":1025,"loc":{"start":{"line":1025,"column":0},"end":{"line":1026,"column":0}}},"67":{"name":"bnShiftLeft","line":1034,"loc":{"start":{"line":1034,"column":0},"end":{"line":1035,"column":0}}},"68":{"name":"bnShiftRight","line":1042,"loc":{"start":{"line":1042,"column":0},"end":{"line":1043,"column":0}}},"69":{"name":"lbit","line":1050,"loc":{"start":{"line":1050,"column":0},"end":{"line":1051,"column":0}}},"70":{"name":"bnGetLowestSetBit","line":1078,"loc":{"start":{"line":1078,"column":0},"end":{"line":1079,"column":0}}},"71":{"name":"cbit","line":1086,"loc":{"start":{"line":1086,"column":0},"end":{"line":1087,"column":0}}},"72":{"name":"bnBitCount","line":1097,"loc":{"start":{"line":1097,"column":0},"end":{"line":1098,"column":0}}},"73":{"name":"bnTestBit","line":1105,"loc":{"start":{"line":1105,"column":0},"end":{"line":1106,"column":0}}},"74":{"name":"bnpChangeBit","line":1112,"loc":{"start":{"line":1112,"column":0},"end":{"line":1113,"column":0}}},"75":{"name":"bnSetBit","line":1119,"loc":{"start":{"line":1119,"column":0},"end":{"line":1120,"column":0}}},"76":{"name":"bnClearBit","line":1124,"loc":{"start":{"line":1124,"column":0},"end":{"line":1125,"column":0}}},"77":{"name":"bnFlipBit","line":1129,"loc":{"start":{"line":1129,"column":0},"end":{"line":1130,"column":0}}},"78":{"name":"bnpAddTo","line":1134,"loc":{"start":{"line":1134,"column":0},"end":{"line":1135,"column":0}}},"79":{"name":"bnAdd","line":1174,"loc":{"start":{"line":1174,"column":0},"end":{"line":1175,"column":0}}},"80":{"name":"bnSubtract","line":1181,"loc":{"start":{"line":1181,"column":0},"end":{"line":1182,"column":0}}},"81":{"name":"bnMultiply","line":1188,"loc":{"start":{"line":1188,"column":0},"end":{"line":1189,"column":0}}},"82":{"name":"bnSquare","line":1195,"loc":{"start":{"line":1195,"column":0},"end":{"line":1196,"column":0}}},"83":{"name":"bnDivide","line":1202,"loc":{"start":{"line":1202,"column":0},"end":{"line":1203,"column":0}}},"84":{"name":"bnRemainder","line":1209,"loc":{"start":{"line":1209,"column":0},"end":{"line":1210,"column":0}}},"85":{"name":"bnDivideAndRemainder","line":1216,"loc":{"start":{"line":1216,"column":0},"end":{"line":1217,"column":0}}},"86":{"name":"bnpDMultiply","line":1224,"loc":{"start":{"line":1224,"column":0},"end":{"line":1225,"column":0}}},"87":{"name":"bnpDAddOffset","line":1231,"loc":{"start":{"line":1231,"column":0},"end":{"line":1232,"column":0}}},"88":{"name":"NullExp","line":1244,"loc":{"start":{"line":1244,"column":0},"end":{"line":1245,"column":0}}},"89":{"name":"nNop","line":1247,"loc":{"start":{"line":1247,"column":0},"end":{"line":1248,"column":0}}},"90":{"name":"nMulTo","line":1252,"loc":{"start":{"line":1252,"column":0},"end":{"line":1253,"column":0}}},"91":{"name":"nSqrTo","line":1257,"loc":{"start":{"line":1257,"column":0},"end":{"line":1258,"column":0}}},"92":{"name":"bnPow","line":1266,"loc":{"start":{"line":1266,"column":0},"end":{"line":1267,"column":0}}},"93":{"name":"bnpMultiplyLowerTo","line":1272,"loc":{"start":{"line":1272,"column":0},"end":{"line":1273,"column":0}}},"94":{"name":"bnpMultiplyUpperTo","line":1285,"loc":{"start":{"line":1285,"column":0},"end":{"line":1286,"column":0}}},"95":{"name":"Barrett","line":1297,"loc":{"start":{"line":1297,"column":0},"end":{"line":1298,"column":0}}},"96":{"name":"barrettConvert","line":1307,"loc":{"start":{"line":1307,"column":0},"end":{"line":1308,"column":0}}},"97":{"name":"barrettRevert","line":1320,"loc":{"start":{"line":1320,"column":0},"end":{"line":1321,"column":0}}},"98":{"name":"barrettReduce","line":1325,"loc":{"start":{"line":1325,"column":0},"end":{"line":1326,"column":0}}},"99":{"name":"barrettSqrTo","line":1340,"loc":{"start":{"line":1340,"column":0},"end":{"line":1341,"column":0}}},"100":{"name":"barrettMulTo","line":1346,"loc":{"start":{"line":1346,"column":0},"end":{"line":1347,"column":0}}},"101":{"name":"bnModPow","line":1357,"loc":{"start":{"line":1357,"column":0},"end":{"line":1358,"column":0}}},"102":{"name":"bnGCD","line":1450,"loc":{"start":{"line":1450,"column":0},"end":{"line":1451,"column":0}}},"103":{"name":"bnpModInt","line":1488,"loc":{"start":{"line":1488,"column":0},"end":{"line":1489,"column":0}}},"104":{"name":"bnModInverse","line":1498,"loc":{"start":{"line":1498,"column":0},"end":{"line":1499,"column":0}}},"105":{"name":"bnIsProbablePrime","line":1563,"loc":{"start":{"line":1563,"column":0},"end":{"line":1564,"column":0}}},"106":{"name":"bnpMillerRabin","line":1585,"loc":{"start":{"line":1585,"column":0},"end":{"line":1586,"column":0}}},"107":{"name":"(anonymous_107)","line":1668,"loc":{"start":{"line":1668,"column":85},"end":{"line":1669,"column":0}}},"108":{"name":"(anonymous_108)","line":1672,"loc":{"start":{"line":1672,"column":34},"end":{"line":1673,"column":0}}},"109":{"name":"(anonymous_109)","line":1682,"loc":{"start":{"line":1682,"column":24},"end":{"line":1682,"column":37}}},"110":{"name":"(anonymous_110)","line":1700,"loc":{"start":{"line":1700,"column":24},"end":{"line":1700,"column":36}}},"111":{"name":"(anonymous_111)","line":1703,"loc":{"start":{"line":1703,"column":19},"end":{"line":1704,"column":0}}},"112":{"name":"(anonymous_112)","line":1710,"loc":{"start":{"line":1710,"column":22},"end":{"line":1711,"column":0}}},"113":{"name":"(anonymous_113)","line":1725,"loc":{"start":{"line":1725,"column":21},"end":{"line":1726,"column":0}}},"114":{"name":"(anonymous_114)","line":1747,"loc":{"start":{"line":1747,"column":21},"end":{"line":1748,"column":0}}},"115":{"name":"(anonymous_115)","line":1751,"loc":{"start":{"line":1751,"column":22},"end":{"line":1752,"column":0}}},"116":{"name":"(anonymous_116)","line":1755,"loc":{"start":{"line":1755,"column":23},"end":{"line":1756,"column":0}}},"117":{"name":"(anonymous_117)","line":1796,"loc":{"start":{"line":1796,"column":19},"end":{"line":1797,"column":0}}},"118":{"name":"(anonymous_118)","line":1822,"loc":{"start":{"line":1822,"column":27},"end":{"line":1823,"column":0}}},"119":{"name":"(anonymous_119)","line":1829,"loc":{"start":{"line":1829,"column":25},"end":{"line":1830,"column":0}}},"120":{"name":"(anonymous_120)","line":1836,"loc":{"start":{"line":1836,"column":22},"end":{"line":1837,"column":0}}},"121":{"name":"(anonymous_121)","line":1841,"loc":{"start":{"line":1841,"column":20},"end":{"line":1842,"column":0}}},"122":{"name":"(anonymous_122)","line":1850,"loc":{"start":{"line":1850,"column":19},"end":{"line":1851,"column":0}}},"123":{"name":"(anonymous_123)","line":1857,"loc":{"start":{"line":1857,"column":21},"end":{"line":1858,"column":0}}},"124":{"name":"(anonymous_124)","line":1866,"loc":{"start":{"line":1866,"column":25},"end":{"line":1867,"column":0}}},"125":{"name":"(anonymous_125)","line":1871,"loc":{"start":{"line":1871,"column":25},"end":{"line":1872,"column":0}}},"126":{"name":"(anonymous_126)","line":1890,"loc":{"start":{"line":1890,"column":37},"end":{"line":1891,"column":0}}},"127":{"name":"(anonymous_127)","line":1894,"loc":{"start":{"line":1894,"column":49},"end":{"line":1895,"column":0}}},"128":{"name":"(anonymous_128)","line":1904,"loc":{"start":{"line":1904,"column":50},"end":{"line":1905,"column":0}}},"129":{"name":"(anonymous_129)","line":1931,"loc":{"start":{"line":1931,"column":47},"end":{"line":1932,"column":0}}},"130":{"name":"(anonymous_130)","line":1966,"loc":{"start":{"line":1966,"column":41},"end":{"line":1967,"column":0}}},"131":{"name":"(anonymous_131)","line":1978,"loc":{"start":{"line":1978,"column":58},"end":{"line":1979,"column":0}}},"132":{"name":"(anonymous_132)","line":1988,"loc":{"start":{"line":1988,"column":47},"end":{"line":1989,"column":0}}},"133":{"name":"(anonymous_133)","line":2002,"loc":{"start":{"line":2002,"column":46},"end":{"line":2003,"column":0}}},"134":{"name":"(anonymous_134)","line":2086,"loc":{"start":{"line":2086,"column":44},"end":{"line":2087,"column":0}}},"135":{"name":"(anonymous_135)","line":2112,"loc":{"start":{"line":2112,"column":41},"end":{"line":2113,"column":0}}},"136":{"name":"(anonymous_136)","line":2119,"loc":{"start":{"line":2119,"column":50},"end":{"line":2120,"column":0}}},"137":{"name":"(anonymous_137)","line":2166,"loc":{"start":{"line":2166,"column":53},"end":{"line":2167,"column":0}}},"138":{"name":"(anonymous_138)","line":2186,"loc":{"start":{"line":2186,"column":50},"end":{"line":2187,"column":0}}},"139":{"name":"(anonymous_139)","line":2191,"loc":{"start":{"line":2191,"column":41},"end":{"line":2192,"column":0}}},"140":{"name":"(anonymous_140)","line":2197,"loc":{"start":{"line":2197,"column":41},"end":{"line":2198,"column":0}}},"141":{"name":"(anonymous_141)","line":2225,"loc":{"start":{"line":2225,"column":45},"end":{"line":2226,"column":0}}},"142":{"name":"(anonymous_142)","line":2259,"loc":{"start":{"line":2259,"column":21},"end":{"line":2260,"column":0}}},"143":{"name":"(anonymous_143)","line":2286,"loc":{"start":{"line":2286,"column":37},"end":{"line":2287,"column":0}}},"144":{"name":"(anonymous_144)","line":2292,"loc":{"start":{"line":2292,"column":51},"end":{"line":2293,"column":0}}},"145":{"name":"(anonymous_145)","line":2301,"loc":{"start":{"line":2301,"column":37},"end":{"line":2302,"column":0}}},"146":{"name":"(anonymous_146)","line":2316,"loc":{"start":{"line":2316,"column":51},"end":{"line":2317,"column":0}}},"147":{"name":"(anonymous_147)","line":2320,"loc":{"start":{"line":2320,"column":51},"end":{"line":2321,"column":0}}},"148":{"name":"(anonymous_148)","line":2324,"loc":{"start":{"line":2324,"column":46},"end":{"line":2325,"column":0}}},"149":{"name":"(anonymous_149)","line":2352,"loc":{"start":{"line":2352,"column":39},"end":{"line":2353,"column":0}}},"150":{"name":"(anonymous_150)","line":2395,"loc":{"start":{"line":2395,"column":40},"end":{"line":2396,"column":0}}},"151":{"name":"(anonymous_151)","line":2418,"loc":{"start":{"line":2418,"column":49},"end":{"line":2419,"column":0}}},"152":{"name":"(anonymous_152)","line":2424,"loc":{"start":{"line":2424,"column":46},"end":{"line":2425,"column":0}}},"153":{"name":"(anonymous_153)","line":2444,"loc":{"start":{"line":2444,"column":47},"end":{"line":2445,"column":0}}},"154":{"name":"(anonymous_154)","line":2489,"loc":{"start":{"line":2489,"column":43},"end":{"line":2490,"column":0}}},"155":{"name":"(anonymous_155)","line":2497,"loc":{"start":{"line":2497,"column":49},"end":{"line":2498,"column":0}}},"156":{"name":"(anonymous_156)","line":2503,"loc":{"start":{"line":2503,"column":45},"end":{"line":2504,"column":0}}},"157":{"name":"(anonymous_157)","line":2510,"loc":{"start":{"line":2510,"column":45},"end":{"line":2511,"column":0}}},"158":{"name":"(anonymous_158)","line":2522,"loc":{"start":{"line":2522,"column":39},"end":{"line":2523,"column":0}}},"159":{"name":"(anonymous_159)","line":2535,"loc":{"start":{"line":2535,"column":43},"end":{"line":2536,"column":0}}},"160":{"name":"(anonymous_160)","line":2542,"loc":{"start":{"line":2542,"column":56},"end":{"line":2543,"column":0}}},"161":{"name":"(anonymous_161)","line":2579,"loc":{"start":{"line":2579,"column":15},"end":{"line":2580,"column":10}}},"162":{"name":"(anonymous_162)","line":2615,"loc":{"start":{"line":2615,"column":49},"end":{"line":2616,"column":0}}},"163":{"name":"(anonymous_163)","line":2640,"loc":{"start":{"line":2640,"column":49},"end":{"line":2641,"column":0}}},"164":{"name":"(anonymous_164)","line":2644,"loc":{"start":{"line":2644,"column":49},"end":{"line":2645,"column":0}}},"165":{"name":"(anonymous_165)","line":2649,"loc":{"start":{"line":2649,"column":52},"end":{"line":2650,"column":0}}},"166":{"name":"(anonymous_166)","line":2654,"loc":{"start":{"line":2654,"column":46},"end":{"line":2655,"column":0}}},"167":{"name":"(anonymous_167)","line":2730,"loc":{"start":{"line":2730,"column":47},"end":{"line":2731,"column":0}}},"168":{"name":"(anonymous_168)","line":2784,"loc":{"start":{"line":2784,"column":44},"end":{"line":2785,"column":0}}},"169":{"name":"(anonymous_169)","line":2800,"loc":{"start":{"line":2800,"column":44},"end":{"line":2801,"column":0}}},"170":{"name":"(anonymous_170)","line":2815,"loc":{"start":{"line":2815,"column":50},"end":{"line":2816,"column":0}}},"171":{"name":"(anonymous_171)","line":2858,"loc":{"start":{"line":2858,"column":50},"end":{"line":2859,"column":0}}},"172":{"name":"(anonymous_172)","line":2901,"loc":{"start":{"line":2901,"column":47},"end":{"line":2902,"column":0}}},"173":{"name":"(anonymous_173)","line":2912,"loc":{"start":{"line":2912,"column":47},"end":{"line":2913,"column":0}}},"174":{"name":"(anonymous_174)","line":2937,"loc":{"start":{"line":2937,"column":44},"end":{"line":2938,"column":0}}},"175":{"name":"(anonymous_175)","line":2948,"loc":{"start":{"line":2948,"column":40},"end":{"line":2949,"column":0}}},"176":{"name":"(anonymous_176)","line":2984,"loc":{"start":{"line":2984,"column":42},"end":{"line":2985,"column":0}}},"177":{"name":"(anonymous_177)","line":2990,"loc":{"start":{"line":2990,"column":49},"end":{"line":2991,"column":0}}},"178":{"name":"(anonymous_178)","line":2995,"loc":{"start":{"line":2995,"column":5},"end":{"line":2996,"column":4}}},"179":{"name":"(anonymous_179)","line":3010,"loc":{"start":{"line":3010,"column":5},"end":{"line":3011,"column":4}}},"180":{"name":"(anonymous_180)","line":3033,"loc":{"start":{"line":3033,"column":5},"end":{"line":3034,"column":4}}},"181":{"name":"(anonymous_181)","line":3048,"loc":{"start":{"line":3048,"column":5},"end":{"line":3049,"column":4}}},"182":{"name":"(anonymous_182)","line":3069,"loc":{"start":{"line":3069,"column":43},"end":{"line":3070,"column":0}}},"183":{"name":"(anonymous_183)","line":3084,"loc":{"start":{"line":3084,"column":53},"end":{"line":3085,"column":0}}},"184":{"name":"(anonymous_184)","line":3090,"loc":{"start":{"line":3090,"column":51},"end":{"line":3091,"column":0}}},"185":{"name":"(anonymous_185)","line":3110,"loc":{"start":{"line":3110,"column":44},"end":{"line":3111,"column":0}}},"186":{"name":"(anonymous_186)","line":3125,"loc":{"start":{"line":3125,"column":37},"end":{"line":3126,"column":0}}},"187":{"name":"(anonymous_187)","line":3130,"loc":{"start":{"line":3130,"column":47},"end":{"line":3131,"column":0}}},"188":{"name":"(anonymous_188)","line":3150,"loc":{"start":{"line":3150,"column":43},"end":{"line":3151,"column":0}}},"189":{"name":"(anonymous_189)","line":3187,"loc":{"start":{"line":3187,"column":47},"end":{"line":3188,"column":0}}},"190":{"name":"(anonymous_190)","line":3200,"loc":{"start":{"line":3200,"column":51},"end":{"line":3201,"column":0}}},"191":{"name":"(anonymous_191)","line":3209,"loc":{"start":{"line":3209,"column":45},"end":{"line":3210,"column":0}}},"192":{"name":"(anonymous_192)","line":3298,"loc":{"start":{"line":3298,"column":50},"end":{"line":3299,"column":0}}},"193":{"name":"(anonymous_193)","line":3312,"loc":{"start":{"line":3312,"column":31},"end":{"line":3313,"column":0}}},"194":{"name":"(anonymous_194)","line":3318,"loc":{"start":{"line":3318,"column":37},"end":{"line":3319,"column":0}}},"195":{"name":"(anonymous_195)","line":3324,"loc":{"start":{"line":3324,"column":39},"end":{"line":3325,"column":0}}},"196":{"name":"(anonymous_196)","line":3330,"loc":{"start":{"line":3330,"column":39},"end":{"line":3331,"column":0}}},"197":{"name":"(anonymous_197)","line":3336,"loc":{"start":{"line":3336,"column":43},"end":{"line":3337,"column":0}}},"198":{"name":"(anonymous_198)","line":3343,"loc":{"start":{"line":3343,"column":46},"end":{"line":3344,"column":0}}},"199":{"name":"(anonymous_199)","line":3484,"loc":{"start":{"line":3484,"column":45},"end":{"line":3485,"column":0}}},"200":{"name":"(anonymous_200)","line":3495,"loc":{"start":{"line":3495,"column":45},"end":{"line":3496,"column":0}}},"201":{"name":"(anonymous_201)","line":3506,"loc":{"start":{"line":3506,"column":49},"end":{"line":3507,"column":0}}},"202":{"name":"(anonymous_202)","line":3524,"loc":{"start":{"line":3524,"column":50},"end":{"line":3525,"column":0}}},"203":{"name":"(anonymous_203)","line":3534,"loc":{"start":{"line":3534,"column":49},"end":{"line":3535,"column":0}}},"204":{"name":"(anonymous_204)","line":3596,"loc":{"start":{"line":3596,"column":5},"end":{"line":3597,"column":4}}},"205":{"name":"(anonymous_205)","line":3614,"loc":{"start":{"line":3614,"column":41},"end":{"line":3615,"column":0}}},"206":{"name":"(anonymous_206)","line":3624,"loc":{"start":{"line":3624,"column":44},"end":{"line":3625,"column":0}}},"207":{"name":"(anonymous_207)","line":3628,"loc":{"start":{"line":3628,"column":40},"end":{"line":3629,"column":0}}},"208":{"name":"(anonymous_208)","line":3632,"loc":{"start":{"line":3632,"column":40},"end":{"line":3633,"column":0}}},"209":{"name":"(anonymous_209)","line":3636,"loc":{"start":{"line":3636,"column":46},"end":{"line":3637,"column":0}}},"210":{"name":"(anonymous_210)","line":3640,"loc":{"start":{"line":3640,"column":45},"end":{"line":3641,"column":0}}},"211":{"name":"(anonymous_211)","line":3645,"loc":{"start":{"line":3645,"column":52},"end":{"line":3646,"column":0}}},"212":{"name":"(anonymous_212)","line":3663,"loc":{"start":{"line":3663,"column":50},"end":{"line":3664,"column":0}}},"213":{"name":"(anonymous_213)","line":3688,"loc":{"start":{"line":3688,"column":34},"end":{"line":3689,"column":6}}},"214":{"name":"(anonymous_214)","line":3715,"loc":{"start":{"line":3715,"column":50},"end":{"line":3716,"column":0}}},"215":{"name":"(anonymous_215)","line":3746,"loc":{"start":{"line":3746,"column":52},"end":{"line":3747,"column":0}}},"216":{"name":"(anonymous_216)","line":3762,"loc":{"start":{"line":3762,"column":7},"end":{"line":3762,"column":19}}},"217":{"name":"(anonymous_217)","line":3763,"loc":{"start":{"line":3763,"column":7},"end":{"line":3763,"column":19}}},"218":{"name":"(anonymous_218)","line":3764,"loc":{"start":{"line":3764,"column":7},"end":{"line":3764,"column":19}}},"219":{"name":"(anonymous_219)","line":3765,"loc":{"start":{"line":3765,"column":7},"end":{"line":3765,"column":19}}},"220":{"name":"(anonymous_220)","line":3777,"loc":{"start":{"line":3777,"column":26},"end":{"line":3778,"column":0}}},"221":{"name":"(anonymous_221)","line":3782,"loc":{"start":{"line":3782,"column":48},"end":{"line":3783,"column":0}}},"222":{"name":"(anonymous_222)","line":3804,"loc":{"start":{"line":3804,"column":57},"end":{"line":3805,"column":0}}},"223":{"name":"(anonymous_223)","line":3823,"loc":{"start":{"line":3823,"column":50},"end":{"line":3824,"column":0}}},"224":{"name":"(anonymous_224)","line":3835,"loc":{"start":{"line":3835,"column":46},"end":{"line":3836,"column":0}}},"225":{"name":"(anonymous_225)","line":3891,"loc":{"start":{"line":3891,"column":53},"end":{"line":3892,"column":0}}},"226":{"name":"(anonymous_226)","line":3900,"loc":{"start":{"line":3900,"column":59},"end":{"line":3901,"column":0}}},"227":{"name":"(anonymous_227)","line":3926,"loc":{"start":{"line":3926,"column":17},"end":{"line":3927,"column":12}}},"228":{"name":"(anonymous_228)","line":3946,"loc":{"start":{"line":3946,"column":9},"end":{"line":3947,"column":8}}},"229":{"name":"(anonymous_229)","line":3973,"loc":{"start":{"line":3973,"column":7},"end":{"line":3974,"column":6}}},"230":{"name":"(anonymous_230)","line":3999,"loc":{"start":{"line":3999,"column":40},"end":{"line":4000,"column":0}}},"231":{"name":"(anonymous_231)","line":4021,"loc":{"start":{"line":4021,"column":37},"end":{"line":4022,"column":0}}},"232":{"name":"(anonymous_232)","line":4030,"loc":{"start":{"line":4030,"column":33},"end":{"line":4031,"column":0}}},"233":{"name":"(anonymous_233)","line":4034,"loc":{"start":{"line":4034,"column":42},"end":{"line":4035,"column":0}}},"234":{"name":"(anonymous_234)","line":4046,"loc":{"start":{"line":4046,"column":43},"end":{"line":4047,"column":0}}},"235":{"name":"(anonymous_235)","line":4066,"loc":{"start":{"line":4066,"column":45},"end":{"line":4067,"column":0}}},"236":{"name":"(anonymous_236)","line":4102,"loc":{"start":{"line":4102,"column":47},"end":{"line":4103,"column":0}}},"237":{"name":"(anonymous_237)","line":4140,"loc":{"start":{"line":4140,"column":42},"end":{"line":4141,"column":0}}},"238":{"name":"(anonymous_238)","line":4153,"loc":{"start":{"line":4153,"column":8},"end":{"line":4154,"column":2}}},"239":{"name":"(anonymous_239)","line":4174,"loc":{"start":{"line":4174,"column":10},"end":{"line":4175,"column":4}}},"240":{"name":"(anonymous_240)","line":4193,"loc":{"start":{"line":4193,"column":13},"end":{"line":4194,"column":2}}},"241":{"name":"(anonymous_241)","line":4211,"loc":{"start":{"line":4211,"column":8},"end":{"line":4212,"column":2}}},"242":{"name":"(anonymous_242)","line":4264,"loc":{"start":{"line":4264,"column":45},"end":{"line":4265,"column":0}}},"243":{"name":"(anonymous_243)","line":4273,"loc":{"start":{"line":4273,"column":47},"end":{"line":4274,"column":0}}},"244":{"name":"(anonymous_244)","line":4280,"loc":{"start":{"line":4280,"column":10},"end":{"line":4281,"column":4}}},"245":{"name":"(anonymous_245)","line":4377,"loc":{"start":{"line":4377,"column":37},"end":{"line":4378,"column":0}}},"246":{"name":"(anonymous_246)","line":4390,"loc":{"start":{"line":4390,"column":62},"end":{"line":4391,"column":0}}},"247":{"name":"(anonymous_247)","line":4441,"loc":{"start":{"line":4441,"column":30},"end":{"line":4442,"column":0}}},"248":{"name":"(anonymous_248)","line":4474,"loc":{"start":{"line":4474,"column":35},"end":{"line":4475,"column":0}}},"249":{"name":"(anonymous_249)","line":4484,"loc":{"start":{"line":4484,"column":46},"end":{"line":4485,"column":0}}},"250":{"name":"(anonymous_250)","line":4507,"loc":{"start":{"line":4507,"column":47},"end":{"line":4508,"column":0}}},"251":{"name":"(anonymous_251)","line":4515,"loc":{"start":{"line":4515,"column":48},"end":{"line":4516,"column":0}}},"252":{"name":"(anonymous_252)","line":4543,"loc":{"start":{"line":4543,"column":33},"end":{"line":4544,"column":0}}},"253":{"name":"(anonymous_253)","line":4549,"loc":{"start":{"line":4549,"column":39},"end":{"line":4550,"column":0}}},"254":{"name":"(anonymous_254)","line":4686,"loc":{"start":{"line":4686,"column":61},"end":{"line":4687,"column":0}}},"255":{"name":"(anonymous_255)","line":4695,"loc":{"start":{"line":4695,"column":58},"end":{"line":4696,"column":0}}},"256":{"name":"(anonymous_256)","line":4699,"loc":{"start":{"line":4699,"column":58},"end":{"line":4700,"column":0}}},"257":{"name":"(anonymous_257)","line":4726,"loc":{"start":{"line":4726,"column":57},"end":{"line":4727,"column":0}}},"258":{"name":"(anonymous_258)","line":4748,"loc":{"start":{"line":4748,"column":57},"end":{"line":4749,"column":0}}},"259":{"name":"(anonymous_259)","line":4774,"loc":{"start":{"line":4774,"column":19},"end":{"line":4775,"column":0}}},"260":{"name":"(anonymous_260)","line":4786,"loc":{"start":{"line":4786,"column":19},"end":{"line":4787,"column":0}}},"261":{"name":"(anonymous_261)","line":4811,"loc":{"start":{"line":4811,"column":19},"end":{"line":4812,"column":0}}},"262":{"name":"(anonymous_262)","line":4867,"loc":{"start":{"line":4867,"column":21},"end":{"line":4868,"column":0}}}},"statementMap":{"1":{"start":{"line":69,"column":0},"end":{"line":69,"column":20}},"2":{"start":{"line":70,"column":0},"end":{"line":70,"column":34}},"3":{"start":{"line":73,"column":0},"end":{"line":73,"column":10}},"4":{"start":{"line":75,"column":0},"end":{"line":75,"column":28}},"5":{"start":{"line":76,"column":0},"end":{"line":76,"column":45}},"6":{"start":{"line":78,"column":0},"end":{"line":95,"column":1}},"7":{"start":{"line":83,"column":2},"end":{"line":83,"column":33}},"8":{"start":{"line":84,"column":2},"end":{"line":94,"column":3}},"9":{"start":{"line":84,"column":17},"end":{"line":94,"column":3}},"10":{"start":{"line":86,"column":4},"end":{"line":87,"column":23}},"11":{"start":{"line":89,"column":7},"end":{"line":94,"column":3}},"12":{"start":{"line":89,"column":46},"end":{"line":89,"column":70}},"13":{"start":{"line":92,"column":4},"end":{"line":92,"column":65}},"14":{"start":{"line":92,"column":30},"end":{"line":92,"column":65}},"15":{"start":{"line":93,"column":4},"end":{"line":93,"column":26}},"16":{"start":{"line":97,"column":0},"end":{"line":100,"column":1}},"17":{"start":{"line":99,"column":2},"end":{"line":99,"column":26}},"18":{"start":{"line":108,"column":0},"end":{"line":117,"column":1}},"19":{"start":{"line":110,"column":2},"end":{"line":115,"column":3}},"20":{"start":{"line":112,"column":4},"end":{"line":112,"column":37}},"21":{"start":{"line":113,"column":4},"end":{"line":113,"column":34}},"22":{"start":{"line":114,"column":4},"end":{"line":114,"column":27}},"23":{"start":{"line":116,"column":2},"end":{"line":116,"column":11}},"24":{"start":{"line":121,"column":0},"end":{"line":135,"column":1}},"25":{"start":{"line":123,"column":2},"end":{"line":124,"column":17}},"26":{"start":{"line":125,"column":2},"end":{"line":133,"column":3}},"27":{"start":{"line":127,"column":4},"end":{"line":127,"column":29}},"28":{"start":{"line":128,"column":4},"end":{"line":128,"column":28}},"29":{"start":{"line":129,"column":4},"end":{"line":129,"column":28}},"30":{"start":{"line":130,"column":4},"end":{"line":130,"column":64}},"31":{"start":{"line":131,"column":4},"end":{"line":131,"column":54}},"32":{"start":{"line":132,"column":4},"end":{"line":132,"column":28}},"33":{"start":{"line":134,"column":2},"end":{"line":134,"column":11}},"34":{"start":{"line":138,"column":0},"end":{"line":152,"column":1}},"35":{"start":{"line":140,"column":2},"end":{"line":141,"column":17}},"36":{"start":{"line":142,"column":2},"end":{"line":150,"column":3}},"37":{"start":{"line":144,"column":4},"end":{"line":144,"column":29}},"38":{"start":{"line":145,"column":4},"end":{"line":145,"column":28}},"39":{"start":{"line":146,"column":4},"end":{"line":146,"column":28}},"40":{"start":{"line":147,"column":4},"end":{"line":147,"column":49}},"41":{"start":{"line":148,"column":4},"end":{"line":148,"column":39}},"42":{"start":{"line":149,"column":4},"end":{"line":149,"column":27}},"43":{"start":{"line":151,"column":2},"end":{"line":151,"column":11}},"44":{"start":{"line":154,"column":0},"end":{"line":154,"column":26}},"45":{"start":{"line":155,"column":0},"end":{"line":155,"column":11}},"46":{"start":{"line":157,"column":0},"end":{"line":157,"column":28}},"47":{"start":{"line":158,"column":0},"end":{"line":158,"column":41}},"48":{"start":{"line":159,"column":0},"end":{"line":159,"column":35}},"49":{"start":{"line":160,"column":0},"end":{"line":160,"column":15}},"50":{"start":{"line":161,"column":0},"end":{"line":161,"column":41}},"51":{"start":{"line":162,"column":0},"end":{"line":162,"column":36}},"52":{"start":{"line":163,"column":0},"end":{"line":163,"column":40}},"53":{"start":{"line":165,"column":0},"end":{"line":165,"column":51}},"54":{"start":{"line":166,"column":0},"end":{"line":166,"column":15}},"55":{"start":{"line":167,"column":0},"end":{"line":167,"column":11}},"56":{"start":{"line":168,"column":0},"end":{"line":168,"column":23}},"57":{"start":{"line":169,"column":0},"end":{"line":169,"column":45}},"58":{"start":{"line":169,"column":28},"end":{"line":169,"column":45}},"59":{"start":{"line":170,"column":0},"end":{"line":170,"column":23}},"60":{"start":{"line":171,"column":0},"end":{"line":171,"column":46}},"61":{"start":{"line":171,"column":29},"end":{"line":171,"column":46}},"62":{"start":{"line":172,"column":0},"end":{"line":172,"column":23}},"63":{"start":{"line":173,"column":0},"end":{"line":173,"column":46}},"64":{"start":{"line":173,"column":29},"end":{"line":173,"column":46}},"65":{"start":{"line":175,"column":0},"end":{"line":178,"column":1}},"66":{"start":{"line":177,"column":2},"end":{"line":177,"column":25}},"67":{"start":{"line":180,"column":0},"end":{"line":184,"column":1}},"68":{"start":{"line":182,"column":2},"end":{"line":182,"column":33}},"69":{"start":{"line":183,"column":2},"end":{"line":183,"column":30}},"70":{"start":{"line":186,"column":0},"end":{"line":191,"column":1}},"71":{"start":{"line":188,"column":2},"end":{"line":188,"column":55}},"72":{"start":{"line":188,"column":40},"end":{"line":188,"column":55}},"73":{"start":{"line":189,"column":2},"end":{"line":189,"column":15}},"74":{"start":{"line":190,"column":2},"end":{"line"
[...]
"end":{"line":4355,"column":6}}]},"678":{"line":4356,"type":"if","locations":[{"start":{"line":4356,"column":6},"end":{"line":4356,"column":6}},{"start":{"line":4356,"column":6},"end":{"line":4356,"column":6}}]},"679":{"line":4356,"type":"binary-expr","locations":[{"start":{"line":4356,"column":10},"end":{"line":4356,"column":35}},{"start":{"line":4356,"column":39},"end":{"line":4356,"column":74}},{"start":{"line":4356,"column":78},"end":{"line":4356,"column":117}}]},"680":{"line":4358,"type":"if","locations":[{"start":{"line":4358,"column":6},"end":{"line":4358,"column":6}},{"start":{"line":4358,"column":6},"end":{"line":4358,"column":6}}]},"681":{"line":4361,"type":"if","locations":[{"start":{"line":4361,"column":8},"end":{"line":4361,"column":8}},{"start":{"line":4361,"column":8},"end":{"line":4361,"column":8}}]},"682":{"line":4361,"type":"binary-expr","locations":[{"start":{"line":4361,"column":12},"end":{"line":4361,"column":26}},{"start":{"line":4361,"column":30},"end":{"line":4361,"column":55}}]},"683":{"line":4371,"type":"if","locations":[{"start":{"line":4371,"column":8},"end":{"line":4371,"column":8}},{"start":{"line":4371,"column":8},"end":{"line":4371,"column":8}}]},"684":{"line":4372,"type":"if","locations":[{"start":{"line":4372,"column":8},"end":{"line":4372,"column":8}},{"start":{"line":4372,"column":8},"end":{"line":4372,"column":8}}]},"685":{"line":4381,"type":"if","locations":[{"start":{"line":4381,"column":4},"end":{"line":4381,"column":4}},{"start":{"line":4381,"column":4},"end":{"line":4381,"column":4}}]},"686":{"line":4381,"type":"binary-expr","locations":[{"start":{"line":4381,"column":8},"end":{"line":4381,"column":76}},{"start":{"line":4381,"column":80},"end":{"line":4381,"column":148}}]},"687":{"line":4383,"type":"if","locations":[{"start":{"line":4383,"column":9},"end":{"line":4383,"column":9}},{"start":{"line":4383,"column":9},"end":{"line":4383,"column":9}}]},"688":{"line":4383,"type":"binary-expr","locations":[{"start":{"line":4383,"column":13},"end":{"line":4383,"column":81}},{"start":{"line":4383,"column":85},"end":{"line":4383,"column":153}}]},"689":{"line":4394,"type":"if","locations":[{"start":{"line":4394,"column":2},"end":{"line":4394,"column":2}},{"start":{"line":4394,"column":2},"end":{"line":4394,"column":2}}]},"690":{"line":4398,"type":"if","locations":[{"start":{"line":4398,"column":4},"end":{"line":4398,"column":4}},{"start":{"line":4398,"column":4},"end":{"line":4398,"column":4}}]},"691":{"line":4399,"type":"if","locations":[{"start":{"line":4399,"column":4},"end":{"line":4399,"column":4}},{"start":{"line":4399,"column":4},"end":{"line":4399,"column":4}}]},"692":{"line":4414,"type":"if","locations":[{"start":{"line":4414,"column":7},"end":{"line":4414,"column":7}},{"start":{"line":4414,"column":7},"end":{"line":4414,"column":7}}]},"693":{"line":4419,"type":"if","locations":[{"start":{"line":4419,"column":4},"end":{"line":4419,"column":4}},{"start":{"line":4419,"column":4},"end":{"line":4419,"column":4}}]},"694":{"line":4420,"type":"if","locations":[{"start":{"line":4420,"column":4},"end":{"line":4420,"column":4}},{"start":{"line":4420,"column":4},"end":{"line":4420,"column":4}}]},"695":{"line":4455,"type":"if","locations":[{"start":{"line":4455,"column":2},"end":{"line":4455,"column":2}},{"start":{"line":4455,"column":2},"end":{"line":4455,"column":2}}]},"696":{"line":4456,"type":"if","locations":[{"start":{"line":4456,"column":2},"end":{"line":4456,"column":2}},{"start":{"line":4456,"column":2},"end":{"line":4456,"column":2}}]},"697":{"line":4478,"type":"if","locations":[{"start":{"line":4478,"column":2},"end":{"line":4478,"column":2}},{"start":{"line":4478,"column":2},"end":{"line":4478,"column":2}}]},"698":{"line":4478,"type":"binary-expr","locations":[{"start":{"line":4478,"column":7},"end":{"line":4478,"column":14}},{"start":{"line":4478,"column":20},"end":{"line":4478,"column":27}}]},"699":{"line":4487,"type":"if","locations":[{"start":{"line":4487,"column":2},"end":{"line":4487,"column":2}},{"start":{"line":4487,"column":2},"end":{"line":4487,"column":2}}]},"700":{"line":4488,"type":"if","locations":[{"start":{"line":4488,"column":7},"end":{"line":4488,"column":7}},{"start":{"line":4488,"column":7},"end":{"line":4488,"column":7}}]},"701":{"line":4493,"type":"if","locations":[{"start":{"line":4493,"column":7},"end":{"line":4493,"column":7}},{"start":{"line":4493,"column":7},"end":{"line":4493,"column":7}}]},"702":{"line":4499,"type":"if","locations":[{"start":{"line":4499,"column":2},"end":{"line":4499,"column":2}},{"start":{"line":4499,"column":2},"end":{"line":4499,"column":2}}]},"703":{"line":4500,"type":"if","locations":[{"start":{"line":4500,"column":7},"end":{"line":4500,"column":7}},{"start":{"line":4500,"column":7},"end":{"line":4500,"column":7}}]},"704":{"line":4503,"type":"if","locations":[{"start":{"line":4503,"column":2},"end":{"line":4503,"column":2}},{"start":{"line":4503,"column":2},"end":{"line":4503,"column":2}}]},"705":{"line":4511,"type":"if","locations":[{"start":{"line":4511,"column":2},"end":{"line":4511,"column":2}},{"start":{"line":4511,"column":2},"end":{"line":4511,"column":2}}]},"706":{"line":4519,"type":"if","locations":[{"start":{"line":4519,"column":2},"end":{"line":4519,"column":2}},{"start":{"line":4519,"column":2},"end":{"line":4519,"column":2}}]},"707":{"line":4526,"type":"if","locations":[{"start":{"line":4526,"column":0},"end":{"line":4526,"column":0}},{"start":{"line":4526,"column":0},"end":{"line":4526,"column":0}}]},"708":{"line":4529,"type":"if","locations":[{"start":{"line":4529,"column":2},"end":{"line":4529,"column":2}},{"start":{"line":4529,"column":2},"end":{"line":4529,"column":2}}]},"709":{"line":4529,"type":"binary-expr","locations":[{"start":{"line":4529,"column":6},"end":{"line":4529,"column":45}},{"start":{"line":4529,"column":49},"end":{"line":4529,"column":87}}]},"710":{"line":4531,"type":"if","locations":[{"start":{"line":4531,"column":2},"end":{"line":4531,"column":2}},{"start":{"line":4531,"column":2},"end":{"line":4531,"column":2}}]},"711":{"line":4538,"type":"if","locations":[{"start":{"line":4538,"column":2},"end":{"line":4538,"column":2}},{"start":{"line":4538,"column":2},"end":{"line":4538,"column":2}}]},"712":{"line":4540,"type":"if","locations":[{"start":{"line":4540,"column":2},"end":{"line":4540,"column":2}},{"start":{"line":4540,"column":2},"end":{"line":4540,"column":2}}]},"713":{"line":4560,"type":"if","locations":[{"start":{"line":4560,"column":2},"end":{"line":4560,"column":2}},{"start":{"line":4560,"column":2},"end":{"line":4560,"column":2}}]},"714":{"line":4571,"type":"if","locations":[{"start":{"line":4571,"column":2},"end":{"line":4571,"column":2}},{"start":{"line":4571,"column":2},"end":{"line":4571,"column":2}}]},"715":{"line":4575,"type":"binary-expr","locations":[{"start":{"line":4575,"column":11},"end":{"line":4575,"column":21}},{"start":{"line":4575,"column":25},"end":{"line":4575,"column":51}}]},"716":{"line":4576,"type":"if","locations":[{"start":{"line":4576,"column":4},"end":{"line":4576,"column":4}},{"start":{"line":4576,"column":4},"end":{"line":4576,"column":4}}]},"717":{"line":4592,"type":"if","locations":[{"start":{"line":4592,"column":6},"end":{"line":4592,"column":6}},{"start":{"line":4592,"column":6},"end":{"line":4592,"column":6}}]},"718":{"line":4595,"type":"if","locations":[{"start":{"line":4595,"column":8},"end":{"line":4595,"column":8}},{"start":{"line":4595,"column":8},"end":{"line":4595,"column":8}}]},"719":{"line":4599,"type":"if","locations":[{"start":{"line":4599,"column":13},"end":{"line":4599,"column":13}},{"start":{"line":4599,"column":13},"end":{"line":4599,"column":13}}]},"720":{"line":4602,"type":"if","locations":[{"start":{"line":4602,"column":4},"end":{"line":4602,"column":4}},{"start":{"line":4602,"column":4},"end":{"line":4602,"column":4}}]},"721":{"line":4604,"type":"if","locations":[{"start":{"line":4604,"column":2},"end":{"line":4604,"column":2}},{"start":{"line":4604,"column":2},"end":{"line":4604,"column":2}}]},"722":{"line":4614,"type":"if","locations":[{"start":{"line":4614,"column":4},"end":{"line":4614,"column":4}},{"start":{"line":4614,"column":4},"end":{"line":4614,"column":4}}]},"723":{"line":4614,"type":"binary-expr","locations":[{"start":{"line":4614,"column":8},"end":{"line":4614,"column":15}},{"start":{"line":4614,"column":19},"end":{"line":4614,"column":75}},{"start":{"line":4615,"column":4},"end":{"line":4615,"column":60}}]},"724":{"line":4619,"type":"if","locations":[{"start":{"line":4619,"column":4},"end":{"line":4619,"column":4}},{"start":{"line":4619,"column":4},"end":{"line":4619,"column":4}}]},"725":{"line":4619,"type":"binary-expr","locations":[{"start":{"line":4619,"column":8},"end":{"line":4619,"column":16}},{"start":{"line":4619,"column":21},"end":{"line":4619,"column":28}},{"start":{"line":4619,"column":32},"end":{"line":4619,"column":42}}]},"726":{"line":4623,"type":"if","locations":[{"start":{"line":4623,"column":9},"end":{"line":4623,"column":9}},{"start":{"line":4623,"column":9},"end":{"line":4623,"column":9}}]},"727":{"line":4641,"type":"switch","locations":[{"start":{"line":4643,"column":8},"end":{"line":4647,"column":16}},{"start":{"line":4648,"column":8},"end":{"line":4650,"column":16}},{"start":{"line":4651,"column":8},"end":{"line":4653,"column":16}}]},"728":{"line":4645,"type":"if","locations":[{"start":{"line":4645,"column":10},"end":{"line":4645,"column":10}},{"start":{"line":4645,"column":10},"end":{"line":4645,"column":10}}]},"729":{"line":4663,"type":"if","locations":[{"start":{"line":4663,"column":2},"end":{"line":4663,"column":2}},{"start":{"line":4663,"column":2},"end":{"line":4663,"column":2}}]},"730":{"line":4677,"type":"if","locations":[{"start":{"line":4677,"column":4},"end":{"line":4677,"column":4}},{"start":{"line":4677,"column":4},"end":{"line":4677,"column":4}}]},"731":{"line":4688,"type":"if","locations":[{"start":{"line":4688,"column":2},"end":{"line":4688,"column":2}},{"start":{"line":4688,"column":2},"end":{"line":4688,"column":2}}]},"732":{"line":4688,"type":"binary-expr","locations":[{"start":{"line":4688,"column":6},"end":{"line":4688,"column":25}},{"start":{"line":4688,"column":30},"end":{"line":4688,"column":50}},{"start":{"line":4688,"column":54},"end":{"line":4688,"column":73}}]},"733":{"line":4705,"type":"if","locations":[{"start":{"line":4705,"column":2},"end":{"line":4705,"column":2}},{"start":{"line":4705,"column":2},"end":{"line":4705,"column":2}}]},"734":{"line":4710,"type":"if","locations":[{"start":{"line":4710,"column":4},"end":{"line":4710,"column":4}},{"start":{"line":4710,"column":4},"end":{"line":4710,"column":4}}]},"735":{"line":4728,"type":"if","locations":[{"start":{"line":4728,"column":2},"end":{"line":4728,"column":2}},{"start":{"line":4728,"column":2},"end":{"line":4728,"column":2}}]},"736":{"line":4758,"type":"if","locations":[{"start":{"line":4758,"column":2},"end":{"line":4758,"column":2}},{"start":{"line":4758,"column":2},"end":{"line":4758,"column":2}}]},"737":{"line":4760,"type":"if","locations":[{"start":{"line":4760,"column":4},"end":{"line":4760,"column":4}},{"start":{"line":4760,"column":4},"end":{"line":4760,"column":4}}]},"738":{"line":4764,"type":"if","locations":[{"start":{"line":4764,"column":6},"end":{"line":4764,"column":6}},{"start":{"line":4764,"column":6},"end":{"line":4764,"column":6}}]},"739":{"line":4764,"type":"binary-expr","locations":[{"start":{"line":4764,"column":10},"end":{"line":4764,"column":24}},{"start":{"line":4764,"column":28},"end":{"line":4764,"column":35}}]},"740":{"line":4765,"type":"if","locations":[{"start":{"line":4765,"column":11},"end":{"line":4765,"column":11}},{"start":{"line":4765,"column":11},"end":{"line":4765,"column":11}}]},"741":{"line":4765,"type":"binary-expr","locations":[{"start":{"line":4765,"column":15},"end":{"line":4765,"column":29}},{"start":{"line":4765,"column":33},"end":{"line":4765,"column":40}}]},"742":{"line":4788,"type":"if","locations":[{"start":{"line":4788,"column":2},"end":{"line":4788,"column":2}},{"start":{"line":4788,"column":2},"end":{"line":4788,"column":2}}]},"743":{"line":4789,"type":"if","locations":[{"start":{"line":4789,"column":2},"end":{"line":4789,"column":2}},{"start":{"line":4789,"column":2},"end":{"line":4789,"column":2}}]},"744":{"line":4790,"type":"if","locations":[{"start":{"line":4790,"column":7},"end":{"line":4790,"column":7}},{"start":{"line":4790,"column":7},"end":{"line":4790,"column":7}}]},"745":{"line":4790,"type":"binary-expr","locations":[{"start":{"line":4790,"column":11},"end":{"line":4790,"column":30}},{"start":{"line":4790,"column":34},"end":{"line":4790,"column":56}}]},"746":{"line":4792,"type":"if","locations":[{"start":{"line":4792,"column":2},"end":{"line":4792,"column":2}},{"start":{"line":4792,"column":2},"end":{"line":4792,"column":2}}]},"747":{"line":4805,"type":"if","locations":[{"start":{"line":4805,"column":2},"end":{"line":4805,"column":2}},{"start":{"line":4805,"column":2},"end":{"line":4805,"column":2}}]},"748":{"line":4813,"type":"if","locations":[{"start":{"line":4813,"column":2},"end":{"line":4813,"column":2}},{"start":{"line":4813,"column":2},"end":{"line":4813,"column":2}}]},"749":{"line":4816,"type":"if","locations":[{"start":{"line":4816,"column":2},"end":{"line":4816,"column":2}},{"start":{"line":4816,"column":2},"end":{"line":4816,"column":2}}]},"750":{"line":4816,"type":"binary-expr","locations":[{"start":{"line":4816,"column":6},"end":{"line":4816,"column":30}},{"start":{"line":4816,"column":34},"end":{"line":4816,"column":48}}]},"751":{"line":4821,"type":"if","locations":[{"start":{"line":4821,"column":2},"end":{"line":4821,"column":2}},{"start":{"line":4821,"column":2},"end":{"line":4821,"column":2}}]},"752":{"line":4821,"type":"binary-expr","locations":[{"start":{"line":4821,"column":6},"end":{"line":4821,"column":25}},{"start":{"line":4821,"column":30},"end":{"line":4821,"column":49}},{"start":{"line":4821,"column":53},"end":{"line":4821,"column":75}},{"start":{"line":4821,"column":80},"end":{"line":4821,"column":89}}]},"753":{"line":4822,"type":"if","locations":[{"start":{"line":4822,"column":2},"end":{"line":4822,"column":2}},{"start":{"line":4822,"column":2},"end":{"line":4822,"column":2}}]},"754":{"line":4830,"type":"if","locations":[{"start":{"line":4830,"column":4},"end":{"line":4830,"column":4}},{"start":{"line":4830,"column":4},"end":{"line":4830,"column":4}}]},"755":{"line":4831,"type":"if","locations":[{"start":{"line":4831,"column":9},"end":{"line":4831,"column":9}},{"start":{"line":4831,"column":9},"end":{"line":4831,"column":9}}]},"756":{"line":4843,"type":"if","locations":[{"start":{"line":4843,"column":6},"end":{"line":4843,"column":6}},{"start":{"line":4843,"column":6},"end":{"line":4843,"column":6}}]},"757":{"line":4851,"type":"if","locations":[{"start":{"line":4851,"column":4},"end":{"line":4851,"column":4}},{"start":{"line":4851,"column":4},"end":{"line":4851,"column":4}}]},"758":{"line":4854,"type":"if","locations":[{"start":{"line":4854,"column":4},"end":{"line":4854,"column":4}},{"start":{"line":4854,"column":4},"end":{"line":4854,"column":4}}]},"759":{"line":4856,"type":"if","locations":[{"start":{"line":4856,"column":4},"end":{"line":4856,"column":4}},{"start":{"line":4856,"column":4},"end":{"line":4856,"column":4}}]},"760":{"line":4858,"type":"if","locations":[{"start":{"line":4858,"column":2},"end":{"line":4858,"column":2}},{"start":{"line":4858,"column":2},"end":{"line":4858,"column":2}}]},"761":{"line":4858,"type":"binary-expr","locations":[{"start":{"line":4858,"column":6},"end":{"line":4858,"column":17}},{"start":{"line":4858,"column":21},"end":{"line":4858,"column":35}}]},"762":{"line":4859,"type":"if","locations":[{"start":{"line":4859,"column":7},"end":{"line":4859,"column":7}},{"start":{"line":4859,"column":7},"end":{"line":4859,"column":7}}]},"763":{"line":4859,"type":"binary-expr","locations":[{"start":{"line":4859,"column":11},"end":{"line":4859,"column":22}},{"start":{"line":4859,"column":26},"end":{"line":4859,"column":45}}]},"764":{"line":4860,"type":"if","locations":[{"start":{"line":4860,"column":7},"end":{"line":4860,"column":7}},{"start":{"line":4860,"column":7},"end":{"line":4860,"column":7}}]},"765":{"line":4860,"type":"binary-expr","locations":[{"start":{"line":4860,"column":11},"end":{"line":4860,"column":21}},{"start":{"line":4860,"column":25},"end":{"line":4860,"column":43}}]},"766":{"line":4869,"type":"if","locations":[{"start":{"line":4869,"column":2},"end":{"line":4869,"column":2}},{"start":{"line":4869,"column":2},"end":{"line":4869,"column":2}}]},"767":{"line":4871,"type":"if","locations":[{"start":{"line":4871,"column":2},"end":{"line":4871,"column":2}},{"start":{"line":4871,"column":2},"end":{"line":4871,"column":2}}]},"768":{"line":4871,"type":"binary-expr","locations":[{"start":{"line":4871,"column":6},"end":{"line":4871,"column":34}},{"start":{"line":4871,"column":38},"end":{"line":4871,"column":56}}]},"769":{"line":4876,"type":"if","locations":[{"start":{"line":4876,"column":2},"end":{"line":4876,"column":2}},{"start":{"line":4876,"column":2},"end":{"line":4876,"column":2}}]},"770":{"line":4876,"type":"binary-expr","locations":[{"start":{"line":4876,"column":6},"end":{"line":4876,"column":26}},{"start":{"line":4876,"column":31},"end":{"line":4876,"column":48}},{"start":{"line":4876,"column":52},"end":{"line":4876,"column":75}},{"start":{"line":4876,"column":80},"end":{"line":4876,"column":93}}]},"771":{"line":4881,"type":"if","locations":[{"start":{"line":4881,"column":2},"end":{"line":4881,"column":2}},{"start":{"line":4881,"column":2},"end":{"line":4881,"column":2}}]},"772":{"line":4895,"type":"if","locations":[{"start":{"line":4895,"column":6},"end":{"line":4895,"column":6}},{"start":{"line":4895,"column":6},"end":{"line":4895,"column":6}}]},"773":{"line":4895,"type":"binary-expr","locations":[{"start":{"line":4895,"column":10},"end":{"line":4895,"column":37}},{"start":{"line":4895,"column":41},"end":{"line":4895,"column":68}}]},"774":{"line":4911,"type":"if","locations":[{"start":{"line":4911,"column":8},"end":{"line":4911,"column":8}},{"start":{"line":4911,"column":8},"end":{"line":4911,"column":8}}]},"775":{"line":4911,"type":"binary-expr","locations":[{"start":{"line":4911,"column":12},"end":{"line":4911,"column":22}},{"start":{"line":4911,"column":26},"end":{"line":4911,"column":36}}]},"776":{"line":4917,"type":"if","locations":[{"start":{"line":4917,"column":8},"end":{"line":4917,"column":8}},{"start":{"line":4917,"column":8},"end":{"line":4917,"column":8}}]},"777":{"line":4926,"type":"if","locations":[{"start":{"line":4926,"column":8},"end":{"line":4926,"column":8}},{"start":{"line":4926,"column":8},"end":{"line":4926,"column":8}}]},"778":{"line":4929,"type":"if","locations":[{"start":{"line":4929,"column":6},"end":{"line":4929,"column":6}},{"start":{"line":4929,"column":6},"end":{"line":4929,"column":6}}]},"779":{"line":4931,"type":"if","locations":[{"start":{"line":4931,"column":6},"end":{"line":4931,"column":6}},{"start":{"line":4931,"column":6},"end":{"line":4931,"column":6}}]},"780":{"line":4937,"type":"if","locations":[{"start":{"line":4937,"column":4},"end":{"line":4937,"column":4}},{"start":{"line":4937,"column":4},"end":{"line":4937,"column":4}}]},"781":{"line":4937,"type":"binary-expr","locations":[{"start":{"line":4937,"column":8},"end":{"line":4937,"column":37}},{"start":{"line":4937,"column":41},"end":{"line":4937,"column":70}}]},"782":{"line":4941,"type":"if","locations":[{"start":{"line":4941,"column":4},"end":{"line":4941,"column":4}},{"start":{"line":4941,"column":4},"end":{"line":4941,"column":4}}]},"783":{"line":4944,"type":"if","locations":[{"start":{"line":4944,"column":2},"end":{"line":4944,"column":2}},{"start":{"line":4944,"column":2},"end":{"line":4944,"column":2}}]},"784":{"line":4945,"type":"if","locations":[{"start":{"line":4945,"column":2},"end":{"line":4945,"column":2}},{"start":{"line":4945,"column":2},"end":{"line":4945,"column":2}}]}}}}