TN:
SF:/Users/morgan/Documents/clipsy/test.js
FN:3,(anonymous_1)
FN:4,(anonymous_2)
FN:8,(anonymous_3)
FNF:3
FNH:3
FNDA:1,(anonymous_1)
FNDA:1,(anonymous_2)
FNDA:1,(anonymous_3)
DA:1,1
DA:3,1
DA:4,1
DA:6,1
DA:8,1
DA:9,1
DA:11,1
DA:13,1
DA:14,1
DA:15,1
DA:16,1
DA:18,1
DA:20,1
LF:13
LH:13
BRDA:6,1,0,0
BRDA:6,1,1,1
BRDA:20,2,0,0
BRDA:20,2,1,1
BRF:4
BRH:2
end_of_record
TN:
SF:/Users/morgan/Documents/clipsy/index.js
FN:78,Int128
FN:97,nbi
FN:108,am1
FN:121,am2
FN:138,am3
FN:175,int2char
FN:180,intAt
FN:186,bnpCopyTo
FN:193,bnpFromInt
FN:202,nbv
FN:209,bnpFromString
FN:256,bnpClamp
FN:262,bnToString
FN:308,bnNegate
FN:315,bnAbs
FN:320,bnCompareTo
FN:331,nbits
FN:363,bnBitLength
FN:369,bnpDLShiftTo
FN:378,bnpDRShiftTo
FN:385,bnpLShiftTo
FN:405,bnpRShiftTo
FN:428,bnpSubTo
FN:469,bnpMultiplyTo
FN:482,bnpSquareTo
FN:502,bnpDivRemTo
FN:569,bnMod
FN:578,Classic
FN:583,cConvert
FN:589,cRevert
FN:594,cReduce
FN:599,cMulTo
FN:605,cSqrTo
FN:625,bnpInvDigit
FN:641,Montgomery
FN:651,montConvert
FN:661,montRevert
FN:669,montReduce
FN:693,montSqrTo
FN:699,montMulTo
FN:710,bnpIsEven
FN:715,bnpExp
FN:737,bnModPowInt
FN:778,bnClone
FN:785,bnIntValue
FN:798,bnByteValue
FN:803,bnShortValue
FN:808,bnpChunkSize
FN:813,bnSigNum
FN:820,bnpToRadix
FN:842,bnpFromRadix
FN:876,bnpFromNumber
FN:908,bnToByteArray
FN:942,bnEquals
FN:947,bnMin
FN:952,bnMax
FN:957,bnpBitwiseTo
FN:977,op_and
FN:982,bnAnd
FN:989,op_or
FN:994,bnOr
FN:1001,op_xor
FN:1006,bnXor
FN:1013,op_andnot
FN:1018,bnAndNot
FN:1025,bnNot
FN:1034,bnShiftLeft
FN:1042,bnShiftRight
FN:1050,lbit
FN:1078,bnGetLowestSetBit
FN:1086,cbit
FN:1097,bnBitCount
FN:1105,bnTestBit
FN:1112,bnpChangeBit
FN:1119,bnSetBit
FN:1124,bnClearBit
FN:1129,bnFlipBit
FN:1134,bnpAddTo
FN:1174,bnAdd
FN:1181,bnSubtract
FN:1188,bnMultiply
FN:1195,bnSquare
FN:1202,bnDivide
FN:1209,bnRemainder
FN:1216,bnDivideAndRemainder
FN:1224,bnpDMultiply
FN:1231,bnpDAddOffset
FN:1244,NullExp
FN:1247,nNop
FN:1252,nMulTo
FN:1257,nSqrTo
FN:1266,bnPow
FN:1272,bnpMultiplyLowerTo
FN:1285,bnpMultiplyUpperTo
FN:1297,Barrett
FN:1307,barrettConvert
FN:1320,barrettRevert
FN:1325,barrettReduce
FN:1340,barrettSqrTo
FN:1346,barrettMulTo
FN:1357,bnModPow
FN:1450,bnGCD
FN:1488,bnpModInt
FN:1498,bnModInverse
FN:1563,bnIsProbablePrime
FN:1585,bnpMillerRabin
FN:1668,(anonymous_107)
FN:1672,(anonymous_108)
FN:1682,(anonymous_109)
FN:1700,(anonymous_110)
FN:1703,(anonymous_111)
FN:1710,(anonymous_112)
FN:1725,(anonymous_113)
FN:1747,(anonymous_114)
FN:1751,(anonymous_115)
FN:1755,(anonymous_116)
FN:1796,(anonymous_117)
FN:1822,(anonymous_118)
FN:1829,(anonymous_119)
FN:1836,(anonymous_120)
FN:1841,(anonymous_121)
FN:1850,(anonymous_122)
FN:1857,(anonymous_123)
FN:1866,(anonymous_124)
FN:1871,(anonymous_125)
FN:1890,(anonymous_126)
FN:1894,(anonymous_127)
FN:1904,(anonymous_128)
FN:1931,(anonymous_129)
FN:1966,(anonymous_130)
FN:1978,(anonymous_131)
FN:1988,(anonymous_132)
FN:2002,(anonymous_133)
FN:2086,(anonymous_134)
FN:2112,(anonymous_135)
FN:2119,(anonymous_136)
FN:2166,(anonymous_137)
FN:2186,(anonymous_138)
FN:2191,(anonymous_139)
FN:2197,(anonymous_140)
FN:2225,(anonymous_141)
FN:2259,(anonymous_142)
FN:2286,(anonymous_143)
FN:2292,(anonymous_144)
FN:2301,(anonymous_145)
FN:2316,(anonymous_146)
FN:2320,(anonymous_147)
FN:2324,(anonymous_148)
FN:2352,(anonymous_149)
FN:2395,(anonymous_150)
FN:2418,(anonymous_151)
FN:2424,(anonymous_152)
FN:2444,(anonymous_153)
FN:2489,(anonymous_154)
FN:2497,(anonymous_155)
FN:2503,(anonymous_156)
FN:2510,(anonymous_157)
FN:2522,(anonymous_158)
FN:2535,(anonymous_159)
FN:2542,(anonymous_160)
FN:2579,(anonymous_161)
FN:2615,(anonymous_162)
FN:2640,(anonymous_163)
FN:2644,(anonymous_164)
FN:2649,(anonymous_165)
FN:2654,(anonymous_166)
FN:2730,(anonymous_167)
FN:2784,(anonymous_168)
FN:2800,(anonymous_169)
FN:2815,(anonymous_170)
FN:2858,(anonymous_171)
FN:2901,(anonymous_172)
FN:2912,(anonymous_173)
FN:2937,(anonymous_174)
FN:2948,(anonymous_175)
FN:2984,(anonymous_176)
FN:2990,(anonymous_177)
FN:2995,(anonymous_178)
FN:3010,(anonymous_179)
FN:3033,(anonymous_180)
FN:3048,(anonymous_181)
FN:3069,(anonymous_182)
FN:3084,(anonymous_183)
FN:3090,(anonymous_184)
FN:3110,(anonymous_185)
FN:3125,(anonymous_186)
FN:3130,(anonymous_187)
FN:3150,(anonymous_188)
FN:3187,(anonymous_189)
FN:3200,(anonymous_190)
FN:3209,(anonymous_191)
FN:3298,(anonymous_192)
FN:3312,(anonymous_193)
FN:3318,(anonymous_194)
FN:3324,(anonymous_195)
FN:3330,(anonymous_196)
FN:3336,(anonymous_197)
FN:3343,(anonymous_198)
FN:3484,(anonymous_199)
FN:3495,(anonymous_200)
FN:3506,(anonymous_201)
FN:3524,(anonymous_202)
FN:3534,(anonymous_203)
FN:3596,(anonymous_204)
FN:3614,(anonymous_205)
FN:3624,(anonymous_206)
FN:3628,(anonymous_207)
FN:3632,(anonymous_208)
FN:3636,(anonymous_209)
FN:3640,(anonymous_210)
FN:3645,(anonymous_211)
FN:3663,(anonymous_212)
FN:3688,(anonymous_213)
FN:3715,(anonymous_214)
FN:3746,(anonymous_215)
FN:3762,(anonymous_216)
FN:3763,(anonymous_217)
FN:3764,(anonymous_218)
FN:3765,(anonymous_219)
FN:3777,(anonymous_220)
FN:3782,(anonymous_221)
FN:3804,(anonymous_222)
FN:3823,(anonymous_223)
FN:3835,(anonymous_224)
FN:3891,(anonymous_225)
FN:3900,(anonymous_226)
FN:3926,(anonymous_227)
FN:3946,(anonymous_228)
FN:3973,(anonymous_229)
FN:3999,(anonymous_230)
FN:4021,(anonymous_231)
FN:4030,(anonymous_232)
FN:4034,(anonymous_233)
FN:4046,(anonymous_234)
FN:4066,(anonymous_235)
FN:4102,(anonymous_236)
FN:4140,(anonymous_237)
FN:4153,(anonymous_238)
FN:4174,(anonymous_239)
FN:4193,(anonymous_240)
FN:4211,(anonymous_241)
FN:4264,(anonymous_242)
FN:4273,(anonymous_243)
FN:4280,(anonymous_244)
FN:4377,(anonymous_245)
FN:4390,(anonymous_246)
FN:4441,(anonymous_247)
FN:4474,(anonymous_248)
FN:4484,(anonymous_249)
FN:4507,(anonymous_250)
FN:4515,(anonymous_251)
FN:4543,(anonymous_252)
FN:4549,(anonymous_253)
FN:4686,(anonymous_254)
FN:4695,(anonymous_255)
FN:4699,(anonymous_256)
FN:4726,(anonymous_257)
FN:4748,(anonymous_258)
FN:4774,(anonymous_259)
FN:4786,(anonymous_260)
FN:4811,(anonymous_261)
FN:4867,(anonymous_262)
FNF:262
FNH:120
FNDA:13182,Int128
FNDA:10557,nbi
FNDA:0,am1
FNDA:0,am2
FNDA:13663,am3
FNDA:0,int2char
FNDA:35719,intAt
FNDA:0,bnpCopyTo
FNDA:3658,bnpFromInt
FNDA:1034,nbv
FNDA:2625,bnpFromString
FNDA:30734,bnpClamp
FNDA:1572,bnToString
FNDA:1832,bnNegate
FNDA:10746,bnAbs
FNDA:4061,bnCompareTo
FNDA:4061,nbits
FNDA:0,bnBitLength
FNDA:8122,bnpDLShiftTo
FNDA:4061,bnpDRShiftTo
FNDA:8122,bnpLShiftTo
FNDA:4061,bnpRShiftTo
FNDA:7761,bnpSubTo
FNDA:1312,bnpMultiplyTo
FNDA:0,bnpSquareTo
FNDA:4061,bnpDivRemTo
FNDA:0,bnMod
FNDA:0,Classic
FNDA:0,cConvert
FNDA:0,cRevert
FNDA:0,cReduce
FNDA:0,cMulTo
FNDA:0,cSqrTo
FNDA:0,bnpInvDigit
FNDA:0,Montgomery
FNDA:0,montConvert
FNDA:0,montRevert
FNDA:0,montReduce
FNDA:0,montSqrTo
FNDA:0,montMulTo
FNDA:0,bnpIsEven
FNDA:0,bnpExp
FNDA:0,bnModPowInt
FNDA:0,bnClone
FNDA:4061,bnIntValue
FNDA:0,bnByteValue
FNDA:0,bnShortValue
FNDA:3656,bnpChunkSize
FNDA:6439,bnSigNum
FNDA:1059,bnpToRadix
FNDA:2624,bnpFromRadix
FNDA:0,bnpFromNumber
FNDA:0,bnToByteArray
FNDA:0,bnEquals
FNDA:0,bnMin
FNDA:0,bnMax
FNDA:0,bnpBitwiseTo
FNDA:0,op_and
FNDA:0,bnAnd
FNDA:0,op_or
FNDA:0,bnOr
FNDA:0,op_xor
FNDA:0,bnXor
FNDA:0,op_andnot
FNDA:0,bnAndNot
FNDA:0,bnNot
FNDA:0,bnShiftLeft
FNDA:0,bnShiftRight
FNDA:0,lbit
FNDA:0,bnGetLowestSetBit
FNDA:0,cbit
FNDA:0,bnBitCount
FNDA:0,bnTestBit
FNDA:0,bnpChangeBit
FNDA:0,bnSetBit
FNDA:0,bnClearBit
FNDA:0,bnFlipBit
FNDA:254,bnpAddTo
FNDA:254,bnAdd
FNDA:0,bnSubtract
FNDA:1312,bnMultiply
FNDA:0,bnSquare
FNDA:0,bnDivide
FNDA:0,bnRemainder
FNDA:0,bnDivideAndRemainder
FNDA:5162,bnpDMultiply
FNDA:5162,bnpDAddOffset
FNDA:0,NullExp
FNDA:0,nNop
FNDA:0,nMulTo
FNDA:0,nSqrTo
FNDA:0,bnPow
FNDA:0,bnpMultiplyLowerTo
FNDA:0,bnpMultiplyUpperTo
FNDA:0,Barrett
FNDA:0,barrettConvert
FNDA:0,barrettRevert
FNDA:0,barrettReduce
FNDA:0,barrettSqrTo
FNDA:0,barrettMulTo
FNDA:0,bnModPow
FNDA:0,bnGCD
FNDA:0,bnpModInt
FNDA:0,bnModInverse
FNDA:0,bnIsProbablePrime
FNDA:0,bnpMillerRabin
FNDA:561,(anonymous_107)
FNDA:0,(anonymous_108)
FNDA:4,(anonymous_109)
FNDA:0,(anonymous_110)
FNDA:235,(anonymous_111)
FNDA:1021,(anonymous_112)
FNDA:0,(anonymous_113)
FNDA:7,(anonymous_114)
FNDA:1,(anonymous_115)
FNDA:0,(anonymous_116)
FNDA:260,(anonymous_117)
FNDA:4,(anonymous_118)
FNDA:4,(anonymous_119)
FNDA:229,(anonymous_120)
FNDA:3,(anonymous_121)
FNDA:256,(anonymous_122)
FNDA:0,(anonymous_123)
FNDA:0,(anonymous_124)
FNDA:2,(anonymous_125)
FNDA:784,(anonymous_126)
FNDA:0,(anonymous_127)
FNDA:0,(anonymous_128)
FNDA:529,(anonymous_129)
FNDA:0,(anonymous_130)
FNDA:0,(anonymous_131)
FNDA:1,(anonymous_132)
FNDA:1,(anonymous_133)
FNDA:260,(anonymous_134)
FNDA:260,(anonymous_135)
FNDA:4,(anonymous_136)
FNDA:4,(anonymous_137)
FNDA:4,(anonymous_138)
FNDA:0,(anonymous_139)
FNDA:1,(anonymous_140)
FNDA:0,(anonymous_141)
FNDA:2,(anonymous_142)
FNDA:0,(anonymous_143)
FNDA:0,(anonymous_144)
FNDA:1,(anonymous_145)
FNDA:0,(anonymous_146)
FNDA:0,(anonymous_147)
FNDA:268,(anonymous_148)
FNDA:1,(anonymous_149)
FNDA:0,(anonymous_150)
FNDA:0,(anonymous_151)
FNDA:0,(anonymous_152)
FNDA:1,(anonymous_153)
FNDA:229,(anonymous_154)
FNDA:1,(anonymous_155)
FNDA:0,(anonymous_156)
FNDA:0,(anonymous_157)
FNDA:0,(anonymous_158)
FNDA:0,(anonymous_159)
FNDA:228,(anonymous_160)
FNDA:0,(anonymous_161)
FNDA:8,(anonymous_162)
FNDA:13,(anonymous_163)
FNDA:11,(anonymous_164)
FNDA:4,(anonymous_165)
FNDA:4,(anonymous_166)
FNDA:4,(anonymous_167)
FNDA:0,(anonymous_168)
FNDA:1,(anonymous_169)
FNDA:4,(anonymous_170)
FNDA:6,(anonymous_171)
FNDA:3,(anonymous_172)
FNDA:3,(anonymous_173)
FNDA:3,(anonymous_174)
FNDA:257,(anonymous_175)
FNDA:0,(anonymous_176)
FNDA:0,(anonymous_177)
FNDA:0,(anonymous_178)
FNDA:0,(anonymous_179)
FNDA:0,(anonymous_180)
FNDA:0,(anonymous_181)
FNDA:0,(anonymous_182)
FNDA:0,(anonymous_183)
FNDA:0,(anonymous_184)
FNDA:3,(anonymous_185)
FNDA:0,(anonymous_186)
FNDA:0,(anonymous_187)
FNDA:0,(anonymous_188)
FNDA:1,(anonymous_189)
FNDA:4,(anonymous_190)
FNDA:2,(anonymous_191)
FNDA:1,(anonymous_192)
FNDA:3,(anonymous_193)
FNDA:3,(anonymous_194)
FNDA:1,(anonymous_195)
FNDA:2,(anonymous_196)
FNDA:0,(anonymous_197)
FNDA:6,(anonymous_198)
FNDA:8,(anonymous_199)
FNDA:0,(anonymous_200)
FNDA:252,(anonymous_201)
FNDA:456,(anonymous_202)
FNDA:0,(anonymous_203)
FNDA:0,(anonymous_204)
FNDA:0,(anonymous_205)
FNDA:0,(anonymous_206)
FNDA:0,(anonymous_207)
FNDA:472,(anonymous_208)
FNDA:920,(anonymous_209)
FNDA:8,(anonymous_210)
FNDA:228,(anonymous_211)
FNDA:228,(anonymous_212)
FNDA:4,(anonymous_213)
FNDA:2,(anonymous_214)
FNDA:2,(anonymous_215)
FNDA:0,(anonymous_216)
FNDA:954,(anonymous_217)
FNDA:0,(anonymous_218)
FNDA:0,(anonymous_219)
FNDA:931,(anonymous_220)
FNDA:4,(anonymous_221)
FNDA:2,(anonymous_222)
FNDA:1,(anonymous_223)
FNDA:4,(anonymous_224)
FNDA:0,(anonymous_225)
FNDA:228,(anonymous_226)
FNDA:0,(anonymous_227)
FNDA:0,(anonymous_228)
FNDA:252,(anonymous_229)
FNDA:4,(anonymous_230)
FNDA:1,(anonymous_231)
FNDA:1,(anonymous_232)
FNDA:1,(anonymous_233)
FNDA:1,(anonymous_234)
FNDA:0,(anonymous_235)
FNDA:1,(anonymous_236)
FNDA:0,(anonymous_237)
FNDA:0,(anonymous_238)
FNDA:0,(anonymous_239)
FNDA:0,(anonymous_240)
FNDA:0,(anonymous_241)
FNDA:0,(anonymous_242)
FNDA:1,(anonymous_243)
FNDA:0,(anonymous_244)
FNDA:1,(anonymous_245)
FNDA:2,(anonymous_246)
FNDA:4,(anonymous_247)
FNDA:4,(anonymous_248)
FNDA:1,(anonymous_249)
FNDA:0,(anonymous_250)
FNDA:0,(anonymous_251)
FNDA:4,(anonymous_252)
FNDA:1,(anonymous_253)
FNDA:4,(anonymous_254)
FNDA:264,(anonymous_255)
FNDA:0,(anonymous_256)
FNDA:0,(anonymous_257)
FNDA:4,(anonymous_258)
FNDA:0,(anonymous_259)
FNDA:0,(anonymous_260)
FNDA:0,(anonymous_261)
FNDA:0,(anonymous_262)
DA:69,1
DA:70,1
DA:73,1
DA:75,1
DA:76,1
DA:78,1
DA:83,13182
DA:84,13182
DA:86,2624
DA:89,1
DA:92,0
DA:93,0
DA:97,1
DA:99,10557
DA:108,1
DA:110,0
DA:112,0
DA:113,0
DA:114,0
DA:116,0
DA:121,1
DA:123,0
DA:125,0
DA:127,0
DA:128,0
DA:129,0
DA:130,0
DA:131,0
DA:132,0
DA:134,0
DA:138,1
DA:140,13663
DA:142,13663
DA:144,13542
DA:145,13542
DA:146,13542
DA:147,13542
DA:148,13542
DA:149,13542
DA:151,13663
DA:154,1
DA:155,1
DA:157,1
DA:158,1
DA:159,1
DA:160,1
DA:161,1
DA:162,1
DA:163,1
DA:165,1
DA:166,1
DA:167,1
DA:168,1
DA:169,10
DA:170,1
DA:171,26
DA:172,1
DA:173,26
DA:175,1
DA:177,0
DA:180,1
DA:182,35719
DA:183,35719
DA:186,1
DA:188,0
DA:189,0
DA:190,0
DA:193,1
DA:195,3658
DA:196,3658
DA:197,3658
DA:198,2625
DA:199,2625
DA:202,1
DA:204,1034
DA:205,1034
DA:206,1034
DA:209,1
DA:211,2625
DA:212,2625
DA:213,2625
DA:214,2625
DA:215,2624
DA:216,2624
DA:217,2624
DA:220,2624
DA:221,2624
DA:223,1
DA:224,1
DA:225,1
DA:228,1
DA:230,0
DA:231,0
DA:233,0
DA:234,0
DA:236,0
DA:237,0
DA:238,0
DA:240,0
DA:241,0
DA:243,0
DA:244,0
DA:245,0
DA:247,1
DA:249,0
DA:250,0
DA:252,1
DA:253,1
DA:256,1
DA:258,30734
DA:259,30734
DA:262,1
DA:264,1572
DA:266,1059
DA:267,1059
DA:268,1059
DA:269,1059
DA:270,1059
DA:271,1059
DA:272,1059
DA:273,0
DA:277,0
DA:278,0
DA:280,0
DA:282,0
DA:283,0
DA:285,0
DA:287,0
DA:289,0
DA:290,0
DA:294,0
DA:295,0
DA:297,0
DA:298,0
DA:301,0
DA:302,0
DA:305,0
DA:308,1
DA:310,1832
DA:311,1832
DA:312,1832
DA:315,1
DA:317,10746
DA:320,1
DA:322,4061
DA:323,4061
DA:324,4061
DA:325,4061
DA:326,4061
DA:327,4061
DA:328,0
DA:331,1
DA:333,4061
DA:335,4061
DA:337,4061
DA:338,4061
DA:340,4061
DA:342,4061
DA:343,4061
DA:345,4061
DA:347,0
DA:348,0
DA:350,4061
DA:352,4061
DA:353,4061
DA:355,4061
DA:357,0
DA:358,0
DA:360,4061
DA:363,1
DA:365,0
DA:366,0
DA:369,1
DA:371,8122
DA:372,8122
DA:373,9999
DA:374,8122
DA:375,8122
DA:378,1
DA:380,5954
DA:381,4061
DA:382,4061
DA:385,1
DA:387,8122
DA:388,8122
DA:389,8122
DA:390,8122
DA:393,8122
DA:395,13922
DA:396,13922
DA:398,8122
DA:399,8122
DA:400,8122
DA:401,8122
DA:402,8122
DA:405,1
DA:407,4061
DA:408,4061
DA:409,4061
DA:411,0
DA:412,0
DA:414,4061
DA:415,4061
DA:416,4061
DA:417,4061
DA:418,4061
DA:420,0
DA:421,0
DA:423,4061
DA:424,4061
DA:425,4061
DA:428,1
DA:430,7761
DA:433,7761
DA:435,4109
DA:436,4109
DA:437,4109
DA:439,7761
DA:441,4077
DA:442,4077
DA:444,4077
DA:445,4077
DA:446,4077
DA:448,4077
DA:452,3684
DA:453,3684
DA:455,9042
DA:456,9042
DA:457,9042
DA:459,3684
DA:461,7761
DA:462,7761
DA:463,7761
DA:464,7761
DA:465,7761
DA:469,1
DA:471,1312
DA:473,1312
DA:474,1312
DA:475,2569
DA:476,2563
DA:477,1312
DA:478,1312
DA:479,1312
DA:482,1
DA:484,0
DA:485,0
DA:486,0
DA:487,0
DA:489,0
DA:490,0
DA:492,0
DA:493,0
DA:496,0
DA:497,0
DA:498,0
DA:502,1
DA:504,4061
DA:505,4061
DA:506,4061
DA:507,4061
DA:509,0
DA:510,0
DA:511,0
DA:513,4061
DA:514,4061
DA:517,4061
DA:518,4061
DA:520,4061
DA:521,4061
DA:525,0
DA:526,0
DA:528,4061
DA:529,4061
DA:530,4061
DA:531,4061
DA:532,4061
DA:535,4061
DA:538,4061
DA:539,4061
DA:541,16
DA:542,16
DA:544,4061
DA:545,4061
DA:546,4061
DA:547,4061
DA:550,5938
DA:551,5938
DA:553,0
DA:554,0
DA:555,0
DA:558,4061
DA:560,4061
DA:561,4061
DA:563,4061
DA:564,4061
DA:565,4061
DA:566,4061
DA:569,1
DA:571,0
DA:572,0
DA:574,0
DA:575,0
DA:578,1
DA:580,0
DA:583,1
DA:585,0
DA:586,0
DA:589,1
DA:591,0
DA:594,1
DA:596,0
DA:599,1
DA:601,0
DA:602,0
DA:605,1
DA:607,0
DA:608,0
DA:610,1
DA:611,1
DA:612,1
DA:613,1
DA:614,1
DA:625,1
DA:627,0
DA:628,0
DA:629,0
DA:630,0
DA:631,0
DA:632,0
DA:633,0
DA:636,0
DA:638,0
DA:641,1
DA:643,0
DA:644,0
DA:645,0
DA:646,0
DA:647,0
DA:648,0
DA:651,1
DA:653,0
DA:654,0
DA:656,0
DA:657,0
DA:658,0
DA:661,1
DA:663,0
DA:664,0
DA:665,0
DA:666,0
DA:669,1
DA:671,0
DA:672,0
DA:673,0
DA:676,0
DA:677,0
DA:679,0
DA:680,0
DA:682,0
DA:684,0
DA:685,0
DA:688,0
DA:689,0
DA:690,0
DA:693,1
DA:695,0
DA:696,0
DA:699,1
DA:701,0
DA:702,0
DA:704,1
DA:705,1
DA:706,1
DA:707,1
DA:708,1
DA:710,1
DA:712,0
DA:715,1
DA:717,0
DA:718,0
DA:722,0
DA:723,0
DA:725,0
DA:726,0
DA:729,0
DA:730,0
DA:731,0
DA:734,0
DA:737,1
DA:739,0
DA:740,0
DA:741,0
DA:742,0
DA:745,1
DA:746,1
DA:747,1
DA:748,1
DA:749,1
DA:750,1
DA:751,1
DA:752,1
DA:753,1
DA:754,1
DA:755,1
DA:756,1
DA:757,1
DA:758,1
DA:759,1
DA:761,1
DA:762,1
DA:763,1
DA:764,1
DA:765,1
DA:766,1
DA:767,1
DA:769,1
DA:770,1
DA:778,1
DA:780,0
DA:781,0
DA:782,0
DA:785,1
DA:787,4061
DA:789,0
DA:790,0
DA:792,4061
DA:793,0
DA:795,0
DA:798,1
DA:800,0
DA:803,1
DA:805,0
DA:808,1
DA:810,3656
DA:813,1
DA:815,6439
DA:816,6439
DA:817,4061
DA:820,1
DA:822,1059
DA:823,1059
DA:824,1032
DA:825,1032
DA:826,1032
DA:830,1032
DA:831,1032
DA:833,3029
DA:836,3029
DA:838,1032
DA:842,1
DA:844,2624
DA:845,2624
DA:846,2624
DA:847,2624
DA:851,2624
DA:853,35719
DA:854,35719
DA:856,1319
DA:857,1319
DA:859,34400
DA:860,34400
DA:862,2538
DA:863,2538
DA:864,2538
DA:865,2538
DA:868,2624
DA:870,2624
DA:871,2624
DA:873,2624
DA:876,1
DA:878,0
DA:881,0
DA:884,0
DA:885,0
DA:886,0
DA:887,0
DA:888,0
DA:890,0
DA:891,0
DA:898,0
DA:900,0
DA:901,0
DA:902,0
DA:903,0
DA:904,0
DA:908,1
DA:910,0
DA:912,0
DA:913,0
DA:915,0
DA:917,0
DA:918,0
DA:920,0
DA:922,0
DA:923,0
DA:927,0
DA:928,0
DA:930,0
DA:931,0
DA:934,0
DA:935,0
DA:936,0
DA:939,0
DA:942,1
DA:944,0
DA:947,1
DA:949,0
DA:952,1
DA:954,0
DA:957,1
DA:959,0
DA:960,0
DA:961,0
DA:963,0
DA:964,0
DA:965,0
DA:969,0
DA:970,0
DA:971,0
DA:973,0
DA:974,0
DA:977,1
DA:979,0
DA:982,1
DA:984,0
DA:985,0
DA:986,0
DA:989,1
DA:991,0
DA:994,1
DA:996,0
DA:997,0
DA:998,0
DA:1001,1
DA:1003,0
DA:1006,1
DA:1008,0
DA:1009,0
DA:1010,0
DA:1013,1
DA:1015,0
DA:1018,1
DA:1020,0
DA:1021,0
DA:1022,0
DA:1025,1
DA:1027,0
DA:1028,0
DA:1029,0
DA:1030,0
DA:1031,0
DA:1034,1
DA:1036,0
DA:1037,0
DA:1038,0
DA:1039,0
DA:1042,1
DA:1044,0
DA:1045,0
DA:1046,0
DA:1047,0
DA:1050,1
DA:1052,0
DA:1053,0
DA:1054,0
DA:1056,0
DA:1057,0
DA:1059,0
DA:1061,0
DA:1062,0
DA:1064,0
DA:1066,0
DA:1067,0
DA:1069,0
DA:1071,0
DA:1072,0
DA:1074,0
DA:1075,0
DA:1078,1
DA:1080,0
DA:1081,0
DA:1082,0
DA:1083,0
DA:1086,1
DA:1088,0
DA:1089,0
DA:1091,0
DA:1092,0
DA:1094,0
DA:1097,1
DA:1099,0
DA:1101,0
DA:1102,0
DA:1105,1
DA:1107,0
DA:1108,0
DA:1109,0
DA:1112,1
DA:1114,0
DA:1115,0
DA:1116,0
DA:1119,1
DA:1121,0
DA:1124,1
DA:1126,0
DA:1129,1
DA:1131,0
DA:1134,1
DA:1136,254
DA:1139,254
DA:1141,998
DA:1142,998
DA:1143,998
DA:1145,254
DA:1147,7
DA:1148,7
DA:1150,7
DA:1151,7
DA:1152,7
DA:1154,7
DA:1158,247
DA:1159,247
DA:1161,3
DA:1162,3
DA:1163,3
DA:1165,247
DA:1167,254
DA:1168,254
DA:1169,253
DA:1170,254
DA:1171,254
DA:1174,1
DA:1176,254
DA:1177,254
DA:1178,254
DA:1181,1
DA:1183,0
DA:1184,0
DA:1185,0
DA:1188,1
DA:1190,1312
DA:1191,1312
DA:1192,1312
DA:1195,1
DA:1197,0
DA:1198,0
DA:1199,0
DA:1202,1
DA:1204,0
DA:1205,0
DA:1206,0
DA:1209,1
DA:1211,0
DA:1212,0
DA:1213,0
DA:1216,1
DA:1218,0
DA:1220,0
DA:1221,0
DA:1224,1
DA:1226,5162
DA:1227,5162
DA:1228,5162
DA:1231,1
DA:1233,5162
DA:1234,5132
DA:1235,5132
DA:1236,5132
DA:1238,16
DA:1239,16
DA:1240,16
DA:1244,1
DA:1247,1
DA:1249,0
DA:1252,1
DA:1254,0
DA:1257,1
DA:1259,0
DA:1261,1
DA:1262,1
DA:1263,1
DA:1264,1
DA:1266,1
DA:1268,0
DA:1272,1
DA:1274,0
DA:1275,0
DA:1276,0
DA:1277,0
DA:1278,0
DA:1279,0
DA:1280,0
DA:1281,0
DA:1285,1
DA:1287,0
DA:1288,0
DA:1289,0
DA:1290,0
DA:1291,0
DA:1292,0
DA:1293,0
DA:1294,0
DA:1297,1
DA:1300,0
DA:1301,0
DA:1302,0
DA:1303,0
DA:1304,0
DA:1307,1
DA:1309,0
DA:1310,0
DA:1313,0
DA:1314,0
DA:1315,0
DA:1316,0
DA:1320,1
DA:1322,0
DA:1325,1
DA:1327,0
DA:1328,0
DA:1330,0
DA:1331,0
DA:1333,0
DA:1334,0
DA:1335,0
DA:1336,0
DA:1337,0
DA:1340,1
DA:1342,0
DA:1343,0
DA:1346,1
DA:1348,0
DA:1349,0
DA:1351,1
DA:1352,1
DA:1353,1
DA:1354,1
DA:1355,1
DA:1357,1
DA:1359,0
DA:1362,0
DA:1363,0
DA:1364,0
DA:1365,0
DA:1366,0
DA:1367,0
DA:1368,0
DA:1369,0
DA:1370,0
DA:1372,0
DA:1376,0
DA:1377,0
DA:1379,0
DA:1380,0
DA:1381,0
DA:1383,0
DA:1384,0
DA:1385,0
DA:1388,0
DA:1392,0
DA:1393,0
DA:1395,0
DA:1398,0
DA:1399,0
DA:1401,0
DA:1402,0
DA:1404,0
DA:1405,0
DA:1407,0
DA:1409,0
DA:1410,0
DA:1412,0
DA:1414,0
DA:1415,0
DA:1419,0
DA:1421,0
DA:1422,0
DA:1423,0
DA:1425,0
DA:1428,0
DA:1429,0
DA:1430,0
DA:1432,0
DA:1434,0
DA:1436,0
DA:1437,0
DA:1438,0
DA:1439,0
DA:1440,0
DA:1442,0
DA:1443,0
DA:1447,0
DA:1450,1
DA:1452,0
DA:1453,0
DA:1454,0
DA:1456,0
DA:1457,0
DA:1458,0
DA:1460,0
DA:1462,0
DA:1463,0
DA:1464,0
DA:1466,0
DA:1467,0
DA:1469,0
DA:1471,0
DA:1472,0
DA:1473,0
DA:1475,0
DA:1476,0
DA:1480,0
DA:1481,0
DA:1484,0
DA:1485,0
DA:1488,1
DA:1490,0
DA:1491,0
DA:1493,0
DA:1494,0
DA:1495,0
DA:1498,1
DA:1500,0
DA:1501,0
DA:1502,0
DA:1504,0
DA:1508,0
DA:1510,0
DA:1512,0
DA:1513,0
DA:1515,0
DA:1517,0
DA:1518,0
DA:1520,0
DA:1522,0
DA:1523,0
DA:1525,0
DA:1527,0
DA:1528,0
DA:1530,0
DA:1532,0
DA:1533,0
DA:1535,0
DA:1537,0
DA:1538,0
DA:1540,0
DA:1542,0
DA:1543,0
DA:1544,0
DA:1548,0
DA:1549,0
DA:1550,0
DA:1553,0
DA:1554,0
DA:1555,0
DA:1556,0
DA:1557,0
DA:1558,0
DA:1560,1
DA:1561,1
DA:1563,1
DA:1565,0
DA:1566,0
DA:1568,0
DA:1569,0
DA:1570,0
DA:1572,0
DA:1573,0
DA:1574,0
DA:1576,0
DA:1578,0
DA:1579,0
DA:1580,0
DA:1582,0
DA:1585,1
DA:1587,0
DA:1588,0
DA:1589,0
DA:1590,0
DA:1591,0
DA:1592,0
DA:1593,0
DA:1594,0
DA:1597,0
DA:1598,0
DA:1599,0
DA:1601,0
DA:1602,0
DA:1604,0
DA:1605,0
DA:1607,0
DA:1610,0
DA:1613,1
DA:1614,1
DA:1615,1
DA:1616,1
DA:1617,1
DA:1618,1
DA:1619,1
DA:1620,1
DA:1621,1
DA:1622,1
DA:1623,1
DA:1624,1
DA:1625,1
DA:1627,1
DA:1628,1
DA:1629,1
DA:1630,1
DA:1631,1
DA:1632,1
DA:1633,1
DA:1634,1
DA:1635,1
DA:1636,1
DA:1637,1
DA:1638,1
DA:1639,1
DA:1640,1
DA:1641,1
DA:1642,1
DA:1643,1
DA:1644,1
DA:1645,1
DA:1646,1
DA:1647,1
DA:1648,1
DA:1649,1
DA:1650,1
DA:1651,1
DA:1652,1
DA:1653,1
DA:1654,1
DA:1655,1
DA:1656,1
DA:1657,1
DA:1658,1
DA:1659,1
DA:1661,1
DA:1668,1
DA:1670,561
DA:1672,1
DA:1674,0
DA:1682,1
DA:1683,4
DA:1700,1
DA:1701,0
DA:1703,1
DA:1705,235
DA:1707,1
DA:1708,1
DA:1709,1
DA:1710,1
DA:1712,1021
DA:1713,1021
DA:1715,0
DA:1716,0
DA:1719,1021
DA:1721,778
DA:1722,778
DA:1725,1
DA:1727,0
DA:1728,0
DA:1730,0
DA:1734,0
DA:1735,0
DA:1736,0
DA:1737,0
DA:1741,0
DA:1742,0
DA:1743,0
DA:1744,0
DA:1747,1
DA:1749,7
DA:1751,1
DA:1753,1
DA:1755,1
DA:1757,0
DA:1758,0
DA:1760,1
DA:1766,1
DA:1770,1
DA:1776,1
DA:1782,1
DA:1786,1
DA:1792,1
DA:1796,1
DA:1798,260
DA:1799,260
DA:1800,260
DA:1801,260
DA:1802,260
DA:1803,260
DA:1804,260
DA:1805,260
DA:1806,260
DA:1807,260
DA:1808,260
DA:1809,260
DA:1810,260
DA:1811,260
DA:1812,260
DA:1813,260
DA:1814,260
DA:1815,260
DA:1816,260
DA:1817,260
DA:1818,260
DA:1819,260
DA:1820,260
DA:1822,1
DA:1824,4
DA:1825,4
DA:1826,4
DA:1827,4
DA:1829,1
DA:1831,4
DA:1832,4
DA:1833,4
DA:1834,4
DA:1836,1
DA:1838,229
DA:1839,229
DA:1841,1
DA:1843,3
DA:1844,3
DA:1845,3
DA:1846,3
DA:1847,3
DA:1848,3
DA:1850,1
DA:1852,256
DA:1853,256
DA:1854,256
DA:1855,256
DA:1857,1
DA:1859,0
DA:1860,0
DA:1861,0
DA:1862,0
DA:1863,0
DA:1864,0
DA:1866,1
DA:1868,0
DA:1869,0
DA:1871,1
DA:1873,2
DA:1874,2
DA:1875,2
DA:1878,2
DA:1885,1
DA:1886,1
DA:1887,1
DA:1890,1
DA:1892,784
DA:1894,1
DA:1896,0
DA:1897,0
DA:1898,0
DA:1899,0
DA:1902,0
DA:1904,1
DA:1906,0
DA:1907,0
DA:1908,0
DA:1910,0
DA:1911,0
DA:1916,0
DA:1917,0
DA:1923,0
DA:1924,0
DA:1925,0
DA:1929,0
DA:1931,1
DA:1933,529
DA:1934,529
DA:1935,529
DA:1937,5
DA:1938,5
DA:1943,0
DA:1945,524
DA:1947,524
DA:1948,524
DA:1953,0
DA:1955,0
DA:1957,0
DA:1958,0
DA:1963,0
DA:1966,1
DA:1968,0
DA:1969,0
DA:1971,0
DA:1972,0
DA:1973,0
DA:1975,0
DA:1976,0
DA:1978,1
DA:1980,0
DA:1982,0
DA:1983,0
DA:1984,0
DA:1986,0
DA:1988,1
DA:1990,1
DA:1991,1
DA:1992,1
DA:1993,1
DA:1995,1
DA:1996,1
DA:1997,0
DA:1999,1
DA:2000,1
DA:2002,1
DA:2004,1
DA:2005,1
DA:2006,1
DA:2007,1
DA:2008,1
DA:2009,1
DA:2010,1
DA:2011,1
DA:2012,1
DA:2014,263
DA:2015,263
DA:2016,1
DA:2017,263
DA:2019,1
DA:2021,0
DA:2022,0
DA:2023,0
DA:2025,1
DA:2026,1
DA:2028,263
DA:2029,261
DA:2031,1
DA:2033,260
DA:2034,261
DA:2035,260
DA:2037,1
DA:2038,0
DA:2040,1
DA:2041,1
DA:2042,1
DA:2044,2
DA:2045,2
DA:2046,2
DA:2047,1
DA:2049,0
DA:2050,0
DA:2051,0
DA:2053,1
DA:2054,1
DA:2057,1
DA:2058,1
DA:2059,1
DA:2060,260
DA:2061,1
DA:2062,1
DA:2063,1
DA:2064,1
DA:2065,1
DA:2066,258
DA:2067,1
DA:2068,1
DA:2069,1
DA:2070,1
DA:2071,260
DA:2072,260
DA:2073,260
DA:2074,260
DA:2077,1
DA:2078,1
DA:2079,1
DA:2080,1
DA:2081,4
DA:2084,1
DA:2086,1
DA:2088,260
DA:2089,260
DA:2090,260
DA:2091,260
DA:2092,260
DA:2094,129
DA:2095,129
DA:2096,129
DA:2097,129
DA:2098,129
DA:2102,131
DA:2103,131
DA:2104,131
DA:2105,131
DA:2106,131
DA:2108,260
DA:2109,260
DA:2110,260
DA:2112,1
DA:2114,260
DA:2115,260
DA:2116,260
DA:2117,260
DA:2119,1
DA:2121,4
DA:2122,4
DA:2123,4
DA:2125,131
DA:2127,0
DA:2128,0
DA:2129,0
DA:2131,131
DA:2132,127
DA:2133,127
DA:2135,4
DA:2136,4
DA:2137,4
DA:2138,4
DA:2140,0
DA:2141,0
DA:2142,0
DA:2144,4
DA:2146,2
DA:2147,2
DA:2151,2
DA:2152,2
DA:2154,4
DA:2155,4
DA:2156,4
DA:2157,4
DA:2159,129
DA:2160,125
DA:2161,125
DA:2162,125
DA:2164,4
DA:2166,1
DA:2168,4
DA:2170,1
DA:2172,3
DA:2174,2
DA:2175,2
DA:2179,1
DA:2180,1
DA:2181,2
DA:2182,1
DA:2183,1
DA:2186,1
DA:2188,4
DA:2189,4
DA:2191,1
DA:2193,0
DA:2194,0
DA:2195,0
DA:2197,1
DA:2199,1
DA:2200,1
DA:2201,1
DA:2203,4
DA:2204,4
DA:2206,130
DA:2207,130
DA:2208,130
DA:2209,130
DA:2210,130
DA:2212,4
DA:2213,4
DA:2215,130
DA:2216,130
DA:2217,130
DA:2218,130
DA:2219,130
DA:2221,4
DA:2223,1
DA:2225,1
DA:2227,0
DA:2228,0
DA:2229,0
DA:2230,0
DA:2231,0
DA:2232,0
DA:2233,0
DA:2234,0
DA:2236,0
DA:2237,0
DA:2238,0
DA:2240,0
DA:2241,0
DA:2243,0
DA:2244,0
DA:2245,0
DA:2247,0
DA:2248,0
DA:2249,0
DA:2250,0
DA:2251,0
DA:2252,0
DA:2253,0
DA:2255,0
DA:2257,0
DA:2259,1
DA:2261,2
DA:2262,2
DA:2263,2
DA:2264,2
DA:2265,2
DA:2266,2
DA:2267,2
DA:2268,2
DA:2269,2
DA:2270,2
DA:2271,2
DA:2272,2
DA:2273,2
DA:2274,2
DA:2275,2
DA:2276,2
DA:2277,2
DA:2278,2
DA:2279,2
DA:2280,2
DA:2281,2
DA:2282,2
DA:2283,2
DA:2284,2
DA:2286,1
DA:2288,0
DA:2289,0
DA:2290,0
DA:2292,1
DA:2294,0
DA:2296,0
DA:2297,0
DA:2298,0
DA:2301,1
DA:2303,1
DA:2304,1
DA:2305,1
DA:2306,1
DA:2307,1
DA:2308,1
DA:2309,1
DA:2311,4
DA:2312,4
DA:2313,4
DA:2316,1
DA:2318,0
DA:2320,1
DA:2322,0
DA:2324,1
DA:2326,268
DA:2327,268
DA:2329,8
DA:2330,8
DA:2331,8
DA:2333,260
DA:2335,26
DA:2336,26
DA:2337,26
DA:2338,26
DA:2342,234
DA:2343,234
DA:2344,27
DA:2345,234
DA:2346,195
DA:2347,195
DA:2348,195
DA:2349,195
DA:2352,1
DA:2354,1
DA:2355,1
DA:2357,0
DA:2358,0
DA:2360,1
DA:2362,1
DA:2363,1
DA:2364,1
DA:2365,1
DA:2366,1
DA:2367,1
DA:2368,1
DA:2369,1
DA:2370,1
DA:2372,1
DA:2374,1
DA:2375,1
DA:2379,0
DA:2380,0
DA:2381,0
DA:2382,0
DA:2383,0
DA:2384,0
DA:2385,0
DA:2386,0
DA:2387,0
DA:2389,0
DA:2391,0
DA:2392,0
DA:2395,1
DA:2397,0
DA:2398,0
DA:2400,0
DA:2402,0
DA:2404,0
DA:2406,0
DA:2407,0
DA:2408,0
DA:2409,0
DA:2410,0
DA:2411,0
DA:2412,0
DA:2414,0
DA:2416,0
DA:2418,1
DA:2420,0
DA:2421,0
DA:2422,0
DA:2424,1
DA:2426,0
DA:2427,0
DA:2428,0
DA:2429,0
DA:2430,0
DA:2432,0
DA:2433,0
DA:2434,0
DA:2436,0
DA:2437,0
DA:2440,0
DA:2441,0
DA:2442,0
DA:2444,1
DA:2446,1
DA:2447,1
DA:2449,1
DA:2450,1
DA:2451,1
DA:2452,1
DA:2453,228
DA:2454,228
DA:2455,228
DA:2456,228
DA:2457,228
DA:2458,228
DA:2459,228
DA:2460,228
DA:2466,0
DA:2468,1
DA:2470,1
DA:2471,1
DA:2473,3
DA:2474,3
DA:2475,1
DA:2476,1
DA:2477,1
DA:2479,1
DA:2480,0
DA:2482,1
DA:2483,1
DA:2485,1
DA:2486,1
DA:2487,1
DA:2489,1
DA:2491,229
DA:2492,229
DA:2493,229
DA:2494,229
DA:2495,229
DA:2497,1
DA:2499,1
DA:2500,0
DA:2501,1
DA:2503,1
DA:2505,0
DA:2506,0
DA:2507,0
DA:2508,0
DA:2510,1
DA:2512,0
DA:2513,0
DA:2514,0
DA:2515,0
DA:2517,0
DA:2518,0
DA:2519,0
DA:2522,1
DA:2524,0
DA:2525,0
DA:2526,0
DA:2527,0
DA:2528,0
DA:2529,0
DA:2530,0
DA:2531,0
DA:2532,0
DA:2533,0
DA:2535,1
DA:2537,0
DA:2538,0
DA:2539,0
DA:2540,0
DA:2542,1
DA:2544,228
DA:2545,228
DA:2547,4
DA:2548,4
DA:2549,4
DA:2550,4
DA:2551,4
DA:2552,4
DA:2554,0
DA:2555,0
DA:2559,4
DA:2561,4
DA:2562,4
DA:2563,4
DA:2564,4
DA:2566,0
DA:2567,0
DA:2569,4
DA:2570,4
DA:2571,4
DA:2573,3
DA:2575,0
DA:2577,0
DA:2578,0
DA:2579,0
DA:2581,0
DA:2584,0
DA:2587,0
DA:2592,0
DA:2593,0
DA:2594,0
DA:2596,0
DA:2600,4
DA:2602,2
DA:2603,2
DA:2604,2
DA:2605,2
DA:2607,2
DA:2608,2
DA:2609,2
DA:2612,4
DA:2615,1
DA:2617,8
DA:2618,8
DA:2619,8
DA:2621,1
DA:2623,7
DA:2625,2
DA:2626,2
DA:2627,2
DA:2631,5
DA:2632,5
DA:2633,3
DA:2634,5
DA:2635,5
DA:2636,5
DA:2637,5
DA:2640,1
DA:2642,13
DA:2644,1
DA:2646,11
DA:2647,0
DA:2649,1
DA:2651,4
DA:2652,0
DA:2654,1
DA:2656,4
DA:2657,4
DA:2659,4
DA:2660,4
DA:2664,0
DA:2665,0
DA:2667,4
DA:2671,0
DA:2672,0
DA:2674,4
DA:2675,3
DA:2677,0
DA:2678,0
DA:2680,3
DA:2683,0
DA:2687,0
DA:2689,0
DA:2691,0
DA:2693,0
DA:2695,3
DA:2699,0
DA:2701,3
DA:2703,0
DA:2705,0
DA:2707,0
DA:2711,0
DA:2713,0
DA:2715,0
DA:2717,0
DA:2721,0
DA:2723,0
DA:2725,0
DA:2728,0
DA:2730,1
DA:2732,4
DA:2733,4
DA:2734,0
DA:2735,4
DA:2737,3
DA:2738,3
DA:2739,3
DA:2741,1
DA:2743,0
DA:2744,0
DA:2745,0
DA:2749,1
DA:2751,0
DA:2753,0
DA:2754,0
DA:2756,0
DA:2760,1
DA:2761,1
DA:2762,0
DA:2764,1
DA:2765,1
DA:2767,4
DA:2769,0
DA:2771,0
DA:2772,0
DA:2777,4
DA:2779,0
DA:2780,0
DA:2784,1
DA:2786,0
DA:2788,0
DA:2789,0
DA:2790,0
DA:2794,0
DA:2795,0
DA:2796,0
DA:2797,0
DA:2800,1
DA:2802,1
DA:2803,1
DA:2804,1
DA:2805,1
DA:2806,1
DA:2807,1
DA:2809,3
DA:2810,3
DA:2811,3
DA:2812,3
DA:2815,1
DA:2817,4
DA:2818,4
DA:2819,4
DA:2820,4
DA:2822,4
DA:2823,4
DA:2824,4
DA:2825,4
DA:2826,4
DA:2827,4
DA:2828,4
DA:2829,4
DA:2831,0
DA:2833,0
DA:2834,0
DA:2835,0
DA:2836,0
DA:2837,0
DA:2838,0
DA:2839,0
DA:2840,0
DA:2844,0
DA:2845,0
DA:2846,0
DA:2847,0
DA:2848,0
DA:2849,0
DA:2850,0
DA:2851,0
DA:2852,0
DA:2853,0
DA:2855,4
DA:2856,4
DA:2858,1
DA:2860,6
DA:2861,6
DA:2862,6
DA:2863,6
DA:2865,6
DA:2866,6
DA:2867,6
DA:2868,6
DA:2869,6
DA:2870,6
DA:2871,6
DA:2872,6
DA:2874,0
DA:2876,0
DA:2877,0
DA:2878,0
DA:2879,0
DA:2880,0
DA:2881,0
DA:2882,0
DA:2883,0
DA:2887,0
DA:2888,0
DA:2889,0
DA:2890,0
DA:2891,0
DA:2892,0
DA:2893,0
DA:2894,0
DA:2895,0
DA:2896,0
DA:2898,6
DA:2899,6
DA:2901,1
DA:2903,3
DA:2904,3
DA:2906,1
DA:2907,1
DA:2909,2
DA:2910,2
DA:2912,1
DA:2914,3
DA:2915,3
DA:2917,3
DA:2918,3
DA:2919,3
DA:2920,3
DA:2921,3
DA:2922,3
DA:2923,3
DA:2927,0
DA:2928,0
DA:2929,0
DA:2930,0
DA:2931,0
DA:2932,0
DA:2933,0
DA:2935,3
DA:2937,1
DA:2939,3
DA:2940,3
DA:2941,3
DA:2942,3
DA:2943,3
DA:2944,3
DA:2945,3
DA:2946,3
DA:2948,1
DA:2950,257
DA:2951,257
DA:2952,257
DA:2954,3
DA:2955,3
DA:2956,3
DA:2957,3
DA:2958,3
DA:2959,3
DA:2960,3
DA:2961,3
DA:2962,3
DA:2963,3
DA:2964,3
DA:2965,3
DA:2969,254
DA:2970,254
DA:2971,254
DA:2972,254
DA:2973,253
DA:2974,253
DA:2975,253
DA:2976,253
DA:2977,253
DA:2978,253
DA:2979,253
DA:2980,253
DA:2981,253
DA:2984,1
DA:2986,0
DA:2987,0
DA:2988,0
DA:2990,1
DA:2992,0
DA:2994,0
DA:2995,0
DA:2997,0
DA:3000,0
DA:3003,0
DA:3004,0
DA:3005,0
DA:3006,0
DA:3009,0
DA:3010,0
DA:3012,0
DA:3015,0
DA:3018,0
DA:3019,0
DA:3020,0
DA:3021,0
DA:3024,0
DA:3025,0
DA:3026,0
DA:3027,0
DA:3028,0
DA:3032,0
DA:3033,0
DA:3035,0
DA:3038,0
DA:3041,0
DA:3042,0
DA:3043,0
DA:3044,0
DA:3047,0
DA:3048,0
DA:3050,0
DA:3053,0
DA:3056,0
DA:3057,0
DA:3058,0
DA:3059,0
DA:3062,0
DA:3063,0
DA:3064,0
DA:3065,0
DA:3066,0
DA:3069,1
DA:3071,0
DA:3072,0
DA:3073,0
DA:3074,0
DA:3075,0
DA:3078,0
DA:3079,0
DA:3082,0
DA:3084,1
DA:3086,0
DA:3087,0
DA:3088,0
DA:3090,1
DA:3092,0
DA:3093,0
DA:3094,0
DA:3096,0
DA:3097,0
DA:3098,0
DA:3099,0
DA:3103,0
DA:3104,0
DA:3105,0
DA:3106,0
DA:3108,0
DA:3110,1
DA:3112,3
DA:3113,3
DA:3114,3
DA:3116,1
DA:3118,1
DA:3119,1
DA:3121,1
DA:3123,3
DA:3125,1
DA:3127,0
DA:3128,0
DA:3130,1
DA:3132,0
DA:3133,0
DA:3134,0
DA:3135,0
DA:3136,0
DA:3137,0
DA:3138,0
DA:3139,0
DA:3140,0
DA:3141,0
DA:3142,0
DA:3143,0
DA:3144,0
DA:3145,0
DA:3146,0
DA:3147,0
DA:3148,0
DA:3150,1
DA:3152,0
DA:3153,0
DA:3154,0
DA:3156,0
DA:3158,0
DA:3159,0
DA:3161,0
DA:3163,0
DA:3165,0
DA:3166,0
DA:3170,0
DA:3173,0
DA:3175,0
DA:3177,0
DA:3179,0
DA:3180,0
DA:3181,0
DA:3182,0
DA:3185,0
DA:3187,1
DA:3189,1
DA:3190,1
DA:3191,1
DA:3192,1
DA:3193,1
DA:3194,1
DA:3195,0
DA:3196,0
DA:3197,0
DA:3198,0
DA:3200,1
DA:3202,4
DA:3203,4
DA:3204,4
DA:3207,3
DA:3209,1
DA:3211,2
DA:3212,2
DA:3213,2
DA:3214,2
DA:3215,2
DA:3216,1
DA:3217,2
DA:3218,2
DA:3219,2
DA:3220,2
DA:3221,2
DA:3222,2
DA:3223,2
DA:3225,1
DA:3227,0
DA:3228,0
DA:3229,0
DA:3230,0
DA:3231,0
DA:3232,0
DA:3236,1
DA:3237,1
DA:3238,1
DA:3239,1
DA:3240,1
DA:3242,1
DA:3246,1
DA:3248,1
DA:3249,1
DA:3250,1
DA:3251,1
DA:3252,1
DA:3256,0
DA:3257,0
DA:3258,0
DA:3259,0
DA:3261,1
DA:3263,2
DA:3265,1
DA:3266,1
DA:3267,1
DA:3268,1
DA:3270,2
DA:3271,2
DA:3272,2
DA:3273,2
DA:3274,2
DA:3275,2
DA:3276,2
DA:3277,2
DA:3278,2
DA:3280,3
DA:3282,2
DA:3283,2
DA:3284,2
DA:3286,1
DA:3288,2
DA:3290,0
DA:3291,0
DA:3293,2
DA:3295,0
DA:3298,1
DA:3300,1
DA:3301,1
DA:3302,1
DA:3303,1
DA:3304,1
DA:3305,1
DA:3306,1
DA:3307,1
DA:3308,1
DA:3312,1
DA:3314,3
DA:3315,3
DA:3316,3
DA:3318,1
DA:3320,3
DA:3321,3
DA:3322,3
DA:3324,1
DA:3326,1
DA:3327,1
DA:3328,1
DA:3330,1
DA:3332,2
DA:3333,2
DA:3334,2
DA:3336,1
DA:3338,0
DA:3339,0
DA:3340,0
DA:3341,0
DA:3343,1
DA:3345,6
DA:3346,6
DA:3347,6
DA:3348,6
DA:3349,6
DA:3351,6
DA:3353,0
DA:3354,0
DA:3355,0
DA:3359,6
DA:3360,3
DA:3361,6
DA:3362,3
DA:3367,0
DA:3368,0
DA:3369,0
DA:3370,0
DA:3372,6
DA:3373,6
DA:3375,6
DA:3376,6
DA:3380,0
DA:3381,0
DA:3383,6
DA:3385,6
DA:3386,6
DA:3390,0
DA:3391,0
DA:3393,6
DA:3394,6
DA:3397,6
DA:3398,6
DA:3400,0
DA:3401,0
DA:3403,0
DA:3404,0
DA:3406,6
DA:3409,6
DA:3410,6
DA:3412,0
DA:3413,0
DA:3415,0
DA:3416,0
DA:3418,6
DA:3420,3
DA:3421,0
DA:3423,3
DA:3425,1
DA:3427,2
DA:3429,2
DA:3431,0
DA:3433,0
DA:3434,0
DA:3437,0
DA:3438,0
DA:3440,0
DA:3441,0
DA:3443,0
DA:3444,0
DA:3446,0
DA:3449,0
DA:3450,0
DA:3452,0
DA:3453,0
DA:3455,0
DA:3456,0
DA:3458,0
DA:3459,0
DA:3462,0
DA:3463,0
DA:3465,0
DA:3466,0
DA:3468,0
DA:3469,0
DA:3471,0
DA:3472,0
DA:3474,0
DA:3476,6
DA:3478,0
DA:3479,0
DA:3481,6
DA:3482,6
DA:3484,1
DA:3486,8
DA:3487,8
DA:3488,8
DA:3489,8
DA:3490,4
DA:3491,8
DA:3492,8
DA:3493,8
DA:3495,1
DA:3497,0
DA:3498,0
DA:3499,0
DA:3500,0
DA:3501,0
DA:3502,0
DA:3503,0
DA:3504,0
DA:3506,1
DA:3508,252
DA:3509,252
DA:3510,252
DA:3511,252
DA:3512,252
DA:3513,126
DA:3514,252
DA:3515,252
DA:3516,252
DA:3517,252
DA:3518,252
DA:3519,252
DA:3520,252
DA:3521,252
DA:3522,252
DA:3524,1
DA:3526,456
DA:3527,456
DA:3529,0
DA:3530,0
DA:3531,0
DA:3534,1
DA:3536,0
DA:3537,0
DA:3538,0
DA:3540,0
DA:3541,0
DA:3542,0
DA:3546,0
DA:3547,0
DA:3548,0
DA:3550,0
DA:3551,0
DA:3552,0
DA:3553,0
DA:3554,0
DA:3556,0
DA:3557,0
DA:3559,0
DA:3561,0
DA:3563,0
DA:3564,0
DA:3566,0
DA:3568,0
DA:3570,0
DA:3571,0
DA:3572,0
DA:3573,0
DA:3575,0
DA:3577,0
DA:3578,0
DA:3580,0
DA:3582,0
DA:3586,0
DA:3588,0
DA:3590,0
DA:3591,0
DA:3593,0
DA:3595,0
DA:3596,0
DA:3598,0
DA:3601,0
DA:3602,0
DA:3603,0
DA:3609,0
DA:3610,0
DA:3611,0
DA:3614,1
DA:3616,0
DA:3617,0
DA:3619,0
DA:3620,0
DA:3622,0
DA:3624,1
DA:3626,0
DA:3628,1
DA:3630,0
DA:3632,1
DA:3634,472
DA:3636,1
DA:3638,920
DA:3640,1
DA:3642,8
DA:3643,2
DA:3645,1
DA:3647,228
DA:3648,228
DA:3650,228
DA:3651,228
DA:3652,2
DA:3653,0
DA:3657,0
DA:3658,0
DA:3659,0
DA:3661,2
DA:3663,1
DA:3665,228
DA:3666,228
DA:3667,228
DA:3668,228
DA:3669,228
DA:3670,228
DA:3671,228
DA:3673,240
DA:3674,240
DA:3675,240
DA:3676,240
DA:3677,240
DA:3679,228
DA:3680,228
DA:3682,231
DA:3683,231
DA:3684,231
DA:3686,243
DA:3687,243
DA:3688,243
DA:3690,4
DA:3693,4
DA:3694,4
DA:3695,4
DA:3699,4
DA:3701,0
DA:3702,0
DA:3704,4
DA:3705,4
DA:3706,4
DA:3708,239
DA:3710,231
DA:3711,1
DA:3713,228
DA:3715,1
DA:3717,2
DA:3718,1
DA:3719,1
DA:3720,1
DA:3721,1
DA:3723,2
DA:3724,2
DA:3725,2
DA:3726,2
DA:3729,1
DA:3731,1
DA:3732,0
DA:3734,1
DA:3735,1
DA:3736,1
DA:3737,1
DA:3739,2
DA:3740,2
DA:3741,2
DA:3743,1
DA:3744,1
DA:3746,1
DA:3748,2
DA:3750,4
DA:3751,4
DA:3752,4
DA:3753,4
DA:3754,4
DA:3762,1
DA:3763,954
DA:3764,1
DA:3765,1
DA:3766,0
DA:3767,0
DA:3768,0
DA:3770,0
DA:3771,0
DA:3775,1
DA:3777,1
DA:3779,931
DA:3780,418
DA:3782,1
DA:3784,4
DA:3785,4
DA:3786,4
DA:3787,4
DA:3788,4
DA:3789,4
DA:3790,2
DA:3792,1
DA:3793,1
DA:3797,1
DA:3798,1
DA:3799,0
DA:3800,1
DA:3801,1
DA:3804,1
DA:3806,2
DA:3807,2
DA:3809,2
DA:3811,1
DA:3812,1
DA:3814,1
DA:3816,1
DA:3817,1
DA:3819,0
DA:3821,0
DA:3823,1
DA:3825,1
DA:3826,1
DA:3827,1
DA:3828,1
DA:3829,1
DA:3830,1
DA:3831,1
DA:3832,1
DA:3833,1
DA:3835,1
DA:3837,4
DA:3838,4
DA:3839,4
DA:3841,0
DA:3842,0
DA:3844,0
DA:3848,0
DA:3849,0
DA:3852,4
DA:3854,0
DA:3855,0
DA:3857,0
DA:3861,0
DA:3862,0
DA:3867,4
DA:3868,4
DA:3869,4
DA:3870,4
DA:3871,4
DA:3872,2
DA:3874,4
DA:3876,1
DA:3878,0
DA:3879,0
DA:3880,0
DA:3884,1
DA:3885,1
DA:3886,1
DA:3889,3
DA:3891,1
DA:3893,0
DA:3895,0
DA:3896,0
DA:3897,0
DA:3900,1
DA:3902,228
DA:3903,228
DA:3904,228
DA:3906,464
DA:3909,4
DA:3910,4
DA:3911,4
DA:3912,2
DA:3916,460
DA:3918,0
DA:3920,0
DA:3921,0
DA:3923,0
DA:3925,0
DA:3926,0
DA:3928,0
DA:3931,0
DA:3934,0
DA:3938,0
DA:3939,0
DA:3940,0
DA:3942,0
DA:3944,0
DA:3946,0
DA:3948,0
DA:3951,0
DA:3952,0
DA:3953,0
DA:3956,0
DA:3960,460
DA:3961,460
DA:3963,460
DA:3966,228
DA:3967,228
DA:3968,228
DA:3970,460
DA:3972,252
DA:3973,252
DA:3975,252
DA:3978,252
DA:3979,252
DA:3980,252
DA:3983,252
DA:3984,252
DA:3985,252
DA:3987,0
DA:3988,0
DA:3990,252
DA:3992,0
DA:3993,0
DA:3996,460
DA:3999,1
DA:4001,4
DA:4002,4
DA:4003,4
DA:4004,4
DA:4006,0
DA:4007,0
DA:4008,0
DA:4010,4
DA:4012,4
DA:4013,4
DA:4015,0
DA:4017,0
DA:4019,0
DA:4021,1
DA:4023,1
DA:4025,1
DA:4027,1
DA:4030,1
DA:4032,1
DA:4034,1
DA:4036,1
DA:4037,1
DA:4038,1
DA:4039,1
DA:4040,254
DA:4041,254
DA:4044,1
DA:4046,1
DA:4048,1
DA:4049,1
DA:4050,1
DA:4052,3
DA:4053,3
DA:4054,1
DA:4055,1
DA:4056,1
DA:4057,1
DA:4058,1
DA:4060,254
DA:4061,254
DA:4063,1
DA:4066,1
DA:4068,0
DA:4069,0
DA:4070,0
DA:4072,0
DA:4073,0
DA:4074,0
DA:4075,0
DA:4076,0
DA:4077,0
DA:4078,0
DA:4079,0
DA:4080,0
DA:4082,0
DA:4083,0
DA:4085,0
DA:4087,0
DA:4088,0
DA:4089,0
DA:4090,0
DA:4091,0
DA:4092,0
DA:4093,0
DA:4096,0
DA:4097,0
DA:4099,0
DA:4102,1
DA:4104,1
DA:4105,1
DA:4106,1
DA:4107,1
DA:4109,259
DA:4111,0
DA:4112,0
DA:4113,0
DA:4114,0
DA:4116,259
DA:4118,2
DA:4119,2
DA:4120,2
DA:4121,2
DA:4122,2
DA:4123,2
DA:4124,2
DA:4126,257
DA:4129,256
DA:4130,256
DA:4133,1
DA:4135,0
DA:4136,0
DA:4137,0
DA:4140,1
DA:4142,0
DA:4143,0
DA:4144,0
DA:4145,0
DA:4146,0
DA:4147,0
DA:4148,0
DA:4149,0
DA:4151,0
DA:4153,0
DA:4155,0
DA:4158,0
DA:4161,0
DA:4164,0
DA:4165,0
DA:4166,0
DA:4167,0
DA:4168,0
DA:4170,0
DA:4171,0
DA:4173,0
DA:4174,0
DA:4176,0
DA:4179,0
DA:4182,0
DA:4185,0
DA:4186,0
DA:4187,0
DA:4188,0
DA:4189,0
DA:4191,0
DA:4193,0
DA:4195,0
DA:4198,0
DA:4201,0
DA:4204,0
DA:4205,0
DA:4206,0
DA:4207,0
DA:4208,0
DA:4210,0
DA:4211,0
DA:4213,0
DA:4216,0
DA:4219,0
DA:4220,0
DA:4221,0
DA:4222,0
DA:4226,0
DA:4228,0
DA:4229,0
DA:4230,0
DA:4231,0
DA:4232,0
DA:4233,0
DA:4234,0
DA:4235,0
DA:4236,0
DA:4237,0
DA:4238,0
DA:4239,0
DA:4240,0
DA:4241,0
DA:4242,0
DA:4243,0
DA:4244,0
DA:4245,0
DA:4246,0
DA:4248,0
DA:4249,0
DA:4250,0
DA:4251,0
DA:4252,0
DA:4254,0
DA:4256,0
DA:4257,0
DA:4258,0
DA:4259,0
DA:4260,0
DA:4262,0
DA:4264,1
DA:4266,0
DA:4268,0
DA:4269,0
DA:4270,0
DA:4273,1
DA:4275,1
DA:4276,1
DA:4278,0
DA:4279,0
DA:4280,0
DA:4282,0
DA:4285,0
DA:4288,0
DA:4289,0
DA:4290,0
DA:4291,0
DA:4293,0
DA:4294,0
DA:4295,0
DA:4296,0
DA:4298,0
DA:4299,0
DA:4300,0
DA:4301,0
DA:4302,0
DA:4303,0
DA:4304,0
DA:4305,0
DA:4306,0
DA:4307,0
DA:4308,0
DA:4310,0
DA:4311,0
DA:4312,0
DA:4313,0
DA:4314,0
DA:4316,0
DA:4317,0
DA:4319,0
DA:4321,0
DA:4322,0
DA:4323,0
DA:4324,0
DA:4325,0
DA:4326,0
DA:4327,0
DA:4329,0
DA:4330,0
DA:4332,0
DA:4334,0
DA:4335,0
DA:4340,0
DA:4341,0
DA:4342,0
DA:4343,0
DA:4344,0
DA:4346,0
DA:4348,0
DA:4349,0
DA:4355,0
DA:4356,0
DA:4357,0
DA:4358,0
DA:4360,0
DA:4361,0
DA:4363,0
DA:4364,0
DA:4365,0
DA:4366,0
DA:4367,0
DA:4368,0
DA:4370,0
DA:4371,0
DA:4372,0
DA:4377,1
DA:4379,1
DA:4380,1
DA:4381,4
DA:4382,0
DA:4383,4
DA:4385,0
DA:4388,1
DA:4390,1
DA:4392,2
DA:4393,2
DA:4394,2
DA:4396,1
DA:4397,1
DA:4398,1
DA:4399,1
DA:4401,0
DA:4402,0
DA:4403,0
DA:4404,0
DA:4408,1
DA:4409,1
DA:4410,3
DA:4411,1
DA:4414,1
DA:4416,1
DA:4417,1
DA:4418,1
DA:4419,1
DA:4420,1
DA:4422,1
DA:4423,1
DA:4424,254
DA:4425,254
DA:4427,1
DA:4431,0
DA:4432,0
DA:4433,0
DA:4434,0
DA:4437,0
DA:4441,1
DA:4443,4
DA:4445,4
DA:4455,4
DA:4456,4
DA:4462,4
DA:4463,4
DA:4464,4
DA:4465,4
DA:4466,4
DA:4468,256
DA:4469,256
DA:4471,4
DA:4474,1
DA:4476,4
DA:4477,4
DA:4478,4
DA:4479,4
DA:4480,4
DA:4481,4
DA:4482,4
DA:4484,1
DA:4486,1
DA:4487,1
DA:4488,1
DA:4490,0
DA:4491,0
DA:4493,1
DA:4495,0
DA:4496,0
DA:4497,0
DA:4499,1
DA:4500,1
DA:4501,1
DA:4502,1
DA:4503,1
DA:4504,0
DA:4505,1
DA:4507,1
DA:4509,0
DA:4510,0
DA:4511,0
DA:4512,0
DA:4513,0
DA:4515,1
DA:4517,0
DA:4518,0
DA:4519,0
DA:4520,0
DA:4521,0
DA:4523,1
DA:4524,1
DA:4525,1
DA:4526,1
DA:4528,0
DA:4529,0
DA:4530,0
DA:4531,0
DA:4532,0
DA:4536,1
DA:4537,1
DA:4538,16
DA:4539,1
DA:4540,4
DA:4541,1
DA:4543,1
DA:4545,4
DA:4546,4
DA:4549,1
DA:4551,1
DA:4552,1
DA:4553,1
DA:4554,1
DA:4555,1
DA:4556,1
DA:4557,1
DA:4558,1
DA:4559,1
DA:4560,1
DA:4562,0
DA:4563,0
DA:4565,1
DA:4566,1
DA:4567,1
DA:4571,1
DA:4573,1
DA:4575,1
DA:4576,1
DA:4579,0
DA:4585,1
DA:4590,1
DA:4592,1
DA:4593,1
DA:4595,3
DA:4597,0
DA:4599,3
DA:4602,1
DA:4604,1
DA:4605,1
DA:4606,1
DA:4607,1
DA:4608,1
DA:4609,1
DA:4610,1
DA:4611,1
DA:4613,1
DA:4614,1
DA:4617,0
DA:4619,1
DA:4621,0
DA:4623,1
DA:4625,0
DA:4626,0
DA:4627,0
DA:4628,0
DA:4632,1
DA:4633,1
DA:4634,3
DA:4635,1
DA:4637,1
DA:4638,1
DA:4639,1
DA:4641,4
DA:4644,0
DA:4645,0
DA:4646,0
DA:4647,0
DA:4649,4
DA:4650,4
DA:4652,0
DA:4653,0
DA:4655,4
DA:4657,1
DA:4661,1
DA:4662,1
DA:4663,1
DA:4665,1
DA:4669,0
DA:4670,0
DA:4671,0
DA:4672,0
DA:4673,0
DA:4674,0
DA:4675,0
DA:4676,0
DA:4677,0
DA:4679,0
DA:4680,0
DA:4681,0
DA:4686,1
DA:4688,4
DA:4690,2
DA:4691,2
DA:4693,2
DA:4695,1
DA:4697,264
DA:4699,1
DA:4701,0
DA:4703,0
DA:4705,0
DA:4707,0
DA:4708,0
DA:4709,0
DA:4710,0
DA:4711,0
DA:4712,0
DA:4714,0
DA:4715,0
DA:4717,0
DA:4721,0
DA:4722,0
DA:4723,0
DA:4726,1
DA:4728,0
DA:4730,0
DA:4731,0
DA:4739,0
DA:4741,0
DA:4743,0
DA:4744,0
DA:4745,0
DA:4748,1
DA:4750,4
DA:4752,4
DA:4754,4
DA:4758,4
DA:4760,4
DA:4762,4
DA:4763,4
DA:4764,4
DA:4765,3
DA:4766,4
DA:4767,4
DA:4768,256
DA:4771,0
DA:4772,4
DA:4774,1
DA:4776,0
DA:4777,0
DA:4780,0
DA:4786,1
DA:4788,0
DA:4789,0
DA:4790,0
DA:4791,0
DA:4792,0
DA:4793,0
DA:4794,0
DA:4795,0
DA:4797,0
DA:4798,0
DA:4799,0
DA:4801,0
DA:4803,0
DA:4805,0
DA:4806,0
DA:4811,1
DA:4813,0
DA:4814,0
DA:4815,0
DA:4816,0
DA:4818,0
DA:4819,0
DA:4821,0
DA:4822,0
DA:4823,0
DA:4824,0
DA:4825,0
DA:4826,0
DA:4828,0
DA:4829,0
DA:4830,0
DA:4831,0
DA:4832,0
DA:4833,0
DA:4834,0
DA:4836,0
DA:4837,0
DA:4839,0
DA:4840,0
DA:4841,0
DA:4843,0
DA:4845,0
DA:4846,0
DA:4847,0
DA:4848,0
DA:4850,0
DA:4851,0
DA:4853,0
DA:4854,0
DA:4855,0
DA:4856,0
DA:4858,0
DA:4859,0
DA:4860,0
DA:4861,0
DA:4867,1
DA:4869,0
DA:4871,0
DA:4873,0
DA:4874,0
DA:4876,0
DA:4878,0
DA:4881,0
DA:4882,0
DA:4883,0
DA:4884,0
DA:4885,0
DA:4886,0
DA:4888,0
DA:4889,0
DA:4891,0
DA:4892,0
DA:4895,0
DA:4897,0
DA:4898,0
DA:4899,0
DA:4901,0
DA:4902,0
DA:4903,0
DA:4905,0
DA:4906,0
DA:4907,0
DA:4908,0
DA:4909,0
DA:4910,0
DA:4911,0
DA:4913,0
DA:4915,0
DA:4917,0
DA:4919,0
DA:4920,0
DA:4924,0
DA:4925,0
DA:4926,0
DA:4927,0
DA:4929,0
DA:4931,0
DA:4933,0
DA:4935,0
DA:4937,0
DA:4939,0
DA:4941,0
DA:4942,0
DA:4944,0
DA:4945,0
DA:4946,0
DA:4949,1
LF:3005
LH:1563
BRDA:84,1,0,2625
BRDA:84,1,1,10557
BRDA:84,2,0,2624
BRDA:84,2,1,1
BRDA:89,3,0,1
BRDA:89,3,1,0
BRDA:89,4,0,1
BRDA:89,4,1,1
BRDA:92,5,0,0
BRDA:92,5,1,0
BRDA:183,6,0,1319
BRDA:183,6,1,34400
BRDA:196,7,0,0
BRDA:196,7,1,3658
BRDA:197,8,0,1033
BRDA:197,8,1,2625
BRDA:198,9,0,0
BRDA:198,9,1,2625
BRDA:212,10,0,0
BRDA:212,10,1,2625
BRDA:213,11,0,0
BRDA:213,11,1,2625
BRDA:214,12,0,1
BRDA:214,12,1,2624
BRDA:215,13,0,0
BRDA:215,13,1,2624
BRDA:216,14,0,0
BRDA:216,14,1,2624
BRDA:217,15,0,0
BRDA:217,15,1,2624
BRDA:230,16,0,0
BRDA:230,16,1,0
BRDA:231,17,0,0
BRDA:231,17,1,0
BRDA:233,18,0,0
BRDA:233,18,1,0
BRDA:237,19,0,0
BRDA:237,19,1,0
BRDA:238,20,0,0
BRDA:238,20,1,0
BRDA:245,21,0,0
BRDA:245,21,1,0
BRDA:247,22,0,0
BRDA:247,22,1,1
BRDA:247,23,0,1
BRDA:247,23,1,1
BRDA:250,24,0,0
BRDA:250,24,1,0
BRDA:253,25,0,0
BRDA:253,25,1,1
BRDA:259,26,0,45669
BRDA:259,26,1,42958
BRDA:264,27,0,513
BRDA:264,27,1,1059
BRDA:267,28,0,0
BRDA:267,28,1,1059
BRDA:268,29,0,0
BRDA:268,29,1,1059
BRDA:269,30,0,0
BRDA:269,30,1,1059
BRDA:270,31,0,0
BRDA:270,31,1,1059
BRDA:271,32,0,0
BRDA:271,32,1,1059
BRDA:278,33,0,0
BRDA:278,33,1,0
BRDA:280,34,0,0
BRDA:280,34,1,0
BRDA:280,35,0,0
BRDA:280,35,1,0
BRDA:287,36,0,0
BRDA:287,36,1,0
BRDA:295,37,0,0
BRDA:295,37,1,0
BRDA:301,38,0,0
BRDA:301,38,1,0
BRDA:302,39,0,0
BRDA:302,39,1,0
BRDA:305,40,0,0
BRDA:305,40,1,0
BRDA:317,41,0,1319
BRDA:317,41,1,9427
BRDA:323,42,0,0
BRDA:323,42,1,4061
BRDA:326,43,0,0
BRDA:326,43,1,4061
BRDA:326,44,0,0
BRDA:326,44,1,0
BRDA:327,45,0,4061
BRDA:327,45,1,0
BRDA:335,46,0,4061
BRDA:335,46,1,0
BRDA:340,47,0,4061
BRDA:340,47,1,0
BRDA:345,48,0,0
BRDA:345,48,1,4061
BRDA:350,49,0,4061
BRDA:350,49,1,0
BRDA:355,50,0,0
BRDA:355,50,1,4061
BRDA:365,51,0,0
BRDA:365,51,1,0
BRDA:409,52,0,0
BRDA:409,52,1,4061
BRDA:423,53,0,4061
BRDA:423,53,1,0
BRDA:439,54,0,4077
BRDA:439,54,1,3684
BRDA:461,55,0,1832
BRDA:461,55,1,5929
BRDA:462,56,0,0
BRDA:462,56,1,7761
BRDA:463,57,0,38
BRDA:463,57,1,7723
BRDA:479,58,0,533
BRDA:479,58,1,779
BRDA:490,59,0,0
BRDA:490,59,1,0
BRDA:496,60,0,0
BRDA:496,60,1,0
BRDA:505,61,0,0
BRDA:505,61,1,4061
BRDA:507,62,0,0
BRDA:507,62,1,4061
BRDA:509,63,0,0
BRDA:509,63,1,0
BRDA:510,64,0,0
BRDA:510,64,1,0
BRDA:513,65,0,0
BRDA:513,65,1,4061
BRDA:518,66,0,4061
BRDA:518,66,1,0
BRDA:530,67,0,0
BRDA:530,67,1,4061
BRDA:531,68,0,0
BRDA:531,68,1,4061
BRDA:537,69,0,0
BRDA:537,69,1,4061
BRDA:539,70,0,16
BRDA:539,70,1,4045
BRDA:550,71,0,0
BRDA:550,71,1,5938
BRDA:551,72,0,0
BRDA:551,72,1,5938
BRDA:558,73,0,4061
BRDA:558,73,1,0
BRDA:561,74,0,0
BRDA:561,74,1,4061
BRDA:565,75,0,4061
BRDA:565,75,1,0
BRDA:566,76,0,0
BRDA:566,76,1,4061
BRDA:574,77,0,0
BRDA:574,77,1,0
BRDA:574,78,0,0
BRDA:574,78,1,0
BRDA:585,79,0,0
BRDA:585,79,1,0
BRDA:585,80,0,0
BRDA:585,80,1,0
BRDA:627,81,0,0
BRDA:627,81,1,0
BRDA:629,82,0,0
BRDA:629,82,1,0
BRDA:638,83,0,0
BRDA:638,83,1,0
BRDA:657,84,0,0
BRDA:657,84,1,0
BRDA:657,85,0,0
BRDA:657,85,1,0
BRDA:690,86,0,0
BRDA:690,86,1,0
BRDA:712,87,0,0
BRDA:712,87,1,0
BRDA:717,88,0,0
BRDA:717,88,1,0
BRDA:717,89,0,0
BRDA:717,89,1,0
BRDA:726,90,0,0
BRDA:726,90,1,0
BRDA:740,91,0,0
BRDA:740,91,1,0
BRDA:740,92,0,0
BRDA:740,92,1,0
BRDA:787,93,0,0
BRDA:787,93,1,4061
BRDA:789,94,0,0
BRDA:789,94,1,0
BRDA:790,95,0,0
BRDA:790,95,1,0
BRDA:792,96,0,4061
BRDA:792,96,1,0
BRDA:793,97,0,0
BRDA:793,97,1,0
BRDA:800,98,0,0
BRDA:800,98,1,0
BRDA:805,99,0,0
BRDA:805,99,1,0
BRDA:815,100,0,0
BRDA:815,100,1,6439
BRDA:816,101,0,2378
BRDA:816,101,1,4061
BRDA:816,102,0,6439
BRDA:816,102,1,4061
BRDA:816,102,2,1058
BRDA:822,103,0,1059
BRDA:822,103,1,0
BRDA:823,104,0,27
BRDA:823,104,1,1032
BRDA:823,105,0,1059
BRDA:823,105,1,1032
BRDA:823,105,2,1032
BRDA:845,106,0,0
BRDA:845,106,1,2624
BRDA:854,107,0,1319
BRDA:854,107,1,34400
BRDA:856,108,0,1319
BRDA:856,108,1,0
BRDA:856,109,0,1319
BRDA:856,109,1,1319
BRDA:860,110,0,2538
BRDA:860,110,1,31862
BRDA:868,111,0,2624
BRDA:868,111,1,0
BRDA:873,112,0,1319
BRDA:873,112,1,1305
BRDA:878,113,0,0
BRDA:878,113,1,0
BRDA:881,114,0,0
BRDA:881,114,1,0
BRDA:885,115,0,0
BRDA:885,115,1,0
BRDA:887,116,0,0
BRDA:887,116,1,0
BRDA:891,117,0,0
BRDA:891,117,1,0
BRDA:902,118,0,0
BRDA:902,118,1,0
BRDA:915,119,0,0
BRDA:915,119,1,0
BRDA:917,120,0,0
BRDA:917,120,1,0
BRDA:917,121,0,0
BRDA:917,121,1,0
BRDA:920,122,0,0
BRDA:920,122,1,0
BRDA:928,123,0,0
BRDA:928,123,1,0
BRDA:934,124,0,0
BRDA:934,124,1,0
BRDA:935,125,0,0
BRDA:935,125,1,0
BRDA:935,126,0,0
BRDA:935,126,1,0
BRDA:936,127,0,0
BRDA:936,127,1,0
BRDA:936,128,0,0
BRDA:936,128,1,0
BRDA:949,129,0,0
BRDA:949,129,1,0
BRDA:954,130,0,0
BRDA:954,130,1,0
BRDA:961,131,0,0
BRDA:961,131,1,0
BRDA:1037,132,0,0
BRDA:1037,132,1,0
BRDA:1045,133,0,0
BRDA:1045,133,1,0
BRDA:1052,134,0,0
BRDA:1052,134,1,0
BRDA:1054,135,0,0
BRDA:1054,135,1,0
BRDA:1059,136,0,0
BRDA:1059,136,1,0
BRDA:1064,137,0,0
BRDA:1064,137,1,0
BRDA:1069,138,0,0
BRDA:1069,138,1,0
BRDA:1074,139,0,0
BRDA:1074,139,1,0
BRDA:1081,140,0,0
BRDA:1081,140,1,0
BRDA:1082,141,0,0
BRDA:1082,141,1,0
BRDA:1108,142,0,0
BRDA:1108,142,1,0
BRDA:1145,143,0,7
BRDA:1145,143,1,247
BRDA:1167,144,0,0
BRDA:1167,144,1,254
BRDA:1168,145,0,1
BRDA:1168,145,1,253
BRDA:1169,146,0,0
BRDA:1169,146,1,253
BRDA:1233,147,0,30
BRDA:1233,147,1,5132
BRDA:1239,148,0,0
BRDA:1239,148,1,16
BRDA:1309,149,0,0
BRDA:1309,149,1,0
BRDA:1309,150,0,0
BRDA:1309,150,1,0
BRDA:1310,151,0,0
BRDA:1310,151,1,0
BRDA:1328,152,0,0
BRDA:1328,152,1,0
BRDA:1362,153,0,0
BRDA:1362,153,1,0
BRDA:1363,154,0,0
BRDA:1363,154,1,0
BRDA:1364,155,0,0
BRDA:1364,155,1,0
BRDA:1365,156,0,0
BRDA:1365,156,1,0
BRDA:1366,157,0,0
BRDA:1366,157,1,0
BRDA:1368,158,0,0
BRDA:1368,158,1,0
BRDA:1369,159,0,0
BRDA:1369,159,1,0
BRDA:1377,160,0,0
BRDA:1377,160,1,0
BRDA:1395,161,0,0
BRDA:1395,161,1,0
BRDA:1399,162,0,0
BRDA:1399,162,1,0
BRDA:1407,163,0,0
BRDA:1407,163,1,0
BRDA:1412,164,0,0
BRDA:1412,164,1,0
BRDA:1425,165,0,0
BRDA:1425,165,1,0
BRDA:1434,166,0,0
BRDA:1434,166,1,0
BRDA:1440,167,0,0
BRDA:1440,167,1,0
BRDA:1452,168,0,0
BRDA:1452,168,1,0
BRDA:1453,169,0,0
BRDA:1453,169,1,0
BRDA:1454,170,0,0
BRDA:1454,170,1,0
BRDA:1462,171,0,0
BRDA:1462,171,1,0
BRDA:1463,172,0,0
BRDA:1463,172,1,0
BRDA:1464,173,0,0
BRDA:1464,173,1,0
BRDA:1471,174,0,0
BRDA:1471,174,1,0
BRDA:1472,175,0,0
BRDA:1472,175,1,0
BRDA:1473,176,0,0
BRDA:1473,176,1,0
BRDA:1484,177,0,0
BRDA:1484,177,1,0
BRDA:1490,178,0,0
BRDA:1490,178,1,0
BRDA:1492,179,0,0
BRDA:1492,179,1,0
BRDA:1493,180,0,0
BRDA:1493,180,1,0
BRDA:1493,181,0,0
BRDA:1493,181,1,0
BRDA:1501,182,0,0
BRDA:1501,182,1,0
BRDA:1501,183,0,0
BRDA:1501,183,1,0
BRDA:1501,183,2,0
BRDA:1513,184,0,0
BRDA:1513,184,1,0
BRDA:1515,185,0,0
BRDA:1515,185,1,0
BRDA:1515,186,0,0
BRDA:1515,186,1,0
BRDA:1522,187,0,0
BRDA:1522,187,1,0
BRDA:1528,188,0,0
BRDA:1528,188,1,0
BRDA:1530,189,0,0
BRDA:1530,189,1,0
BRDA:1530,190,0,0
BRDA:1530,190,1,0
BRDA:1537,191,0,0
BRDA:1537,191,1,0
BRDA:1540,192,0,0
BRDA:1540,192,1,0
BRDA:1543,193,0,0
BRDA:1543,193,1,0
BRDA:1549,194,0,0
BRDA:1549,194,1,0
BRDA:1553,195,0,0
BRDA:1553,195,1,0
BRDA:1554,196,0,0
BRDA:1554,196,1,0
BRDA:1555,197,0,0
BRDA:1555,197,1,0
BRDA:1557,198,0,0
BRDA:1557,198,1,0
BRDA:1566,199,0,0
BRDA:1566,199,1,0
BRDA:1566,200,0,0
BRDA:1566,200,1,0
BRDA:1569,201,0,0
BRDA:1569,201,1,0
BRDA:1572,202,0,0
BRDA:1572,202,1,0
BRDA:1578,203,0,0
BRDA:1578,203,1,0
BRDA:1580,204,0,0
BRDA:1580,204,1,0
BRDA:1589,205,0,0
BRDA:1589,205,1,0
BRDA:1592,206,0,0
BRDA:1592,206,1,0
BRDA:1599,207,0,0
BRDA:1599,207,1,0
BRDA:1599,208,0,0
BRDA:1599,208,1,0
BRDA:1602,209,0,0
BRDA:1602,209,1,0
BRDA:1605,210,0,0
BRDA:1605,210,1,0
BRDA:1607,211,0,0
BRDA:1607,211,1,0
BRDA:1701,212,0,0
BRDA:1701,212,1,0
BRDA:1713,213,0,0
BRDA:1713,213,1,1021
BRDA:1719,214,0,778
BRDA:1719,214,1,243
BRDA:1728,215,0,0
BRDA:1728,215,1,0
BRDA:1892,216,0,784
BRDA:1892,216,1,5
BRDA:1898,217,0,0
BRDA:1898,217,1,0
BRDA:1908,218,0,0
BRDA:1908,218,1,0
BRDA:1911,219,0,0
BRDA:1911,219,1,0
BRDA:1911,220,0,0
BRDA:1911,220,1,0
BRDA:1911,220,2,0
BRDA:1911,220,3,0
BRDA:1911,220,4,0
BRDA:1924,221,0,0
BRDA:1924,221,1,0
BRDA:1924,222,0,0
BRDA:1924,222,1,0
BRDA:1924,222,2,0
BRDA:1924,222,3,0
BRDA:1924,222,4,0
BRDA:1935,223,0,5
BRDA:1935,223,1,524
BRDA:1938,224,0,5
BRDA:1938,224,1,0
BRDA:1945,225,0,524
BRDA:1945,225,1,0
BRDA:1948,226,0,524
BRDA:1948,226,1,0
BRDA:1955,227,0,0
BRDA:1955,227,1,0
BRDA:1958,228,0,0
BRDA:1958,228,1,0
BRDA:1992,229,0,0
BRDA:1992,229,1,1
BRDA:1996,230,0,1
BRDA:1996,230,1,0
BRDA:1996,231,0,1
BRDA:1996,231,1,1
BRDA:1997,232,0,0
BRDA:1997,232,1,0
BRDA:1999,233,0,0
BRDA:1999,233,1,1
BRDA:2004,234,0,0
BRDA:2004,234,1,1
BRDA:2006,235,0,0
BRDA:2006,235,1,1
BRDA:2015,236,0,262
BRDA:2015,236,1,1
BRDA:2017,237,0,1
BRDA:2017,237,1,262
BRDA:2017,238,0,263
BRDA:2017,238,1,263
BRDA:2019,239,0,0
BRDA:2019,239,1,1
BRDA:2019,240,0,1
BRDA:2019,240,1,1
BRDA:2021,241,0,0
BRDA:2021,241,1,0
BRDA:2028,242,0,2
BRDA:2028,242,1,261
BRDA:2029,243,0,1
BRDA:2029,243,1,260
BRDA:2029,244,0,261
BRDA:2029,244,1,260
BRDA:2031,245,0,0
BRDA:2031,245,1,1
BRDA:2034,246,0,1
BRDA:2034,246,1,260
BRDA:2037,247,0,0
BRDA:2037,247,1,1
BRDA:2037,248,0,1
BRDA:2037,248,1,0
BRDA:2040,249,0,0
BRDA:2040,249,1,1
BRDA:2044,250,0,0
BRDA:2044,250,1,2
BRDA:2045,251,0,0
BRDA:2045,251,1,2
BRDA:2045,252,0,2
BRDA:2045,252,1,2
BRDA:2046,253,0,1
BRDA:2046,253,1,1
BRDA:2047,254,0,0
BRDA:2047,254,1,1
BRDA:2057,255,0,0
BRDA:2057,255,1,1
BRDA:2073,256,0,0
BRDA:2073,256,1,260
BRDA:2077,257,0,0
BRDA:2077,257,1,1
BRDA:2078,258,0,0
BRDA:2078,258,1,1
BRDA:2092,259,0,129
BRDA:2092,259,1,131
BRDA:2116,260,0,0
BRDA:2116,260,1,260
BRDA:2125,261,0,0
BRDA:2125,261,1,131
BRDA:2127,262,0,0
BRDA:2127,262,1,0
BRDA:2127,263,0,0
BRDA:2127,263,1,0
BRDA:2128,264,0,0
BRDA:2128,264,1,0
BRDA:2131,265,0,4
BRDA:2131,265,1,127
BRDA:2138,266,0,0
BRDA:2138,266,1,4
BRDA:2140,267,0,0
BRDA:2140,267,1,0
BRDA:2144,268,0,2
BRDA:2144,268,1,2
BRDA:2159,269,0,4
BRDA:2159,269,1,125
BRDA:2159,270,0,129
BRDA:2159,270,1,4
BRDA:2162,271,0,0
BRDA:2162,271,1,125
BRDA:2162,272,0,125
BRDA:2162,272,1,0
BRDA:2168,273,0,1
BRDA:2168,273,1,3
BRDA:2172,274,0,2
BRDA:2172,274,1,1
BRDA:2180,275,0,3
BRDA:2180,275,1,2
BRDA:2188,276,0,0
BRDA:2188,276,1,4
BRDA:2229,277,0,0
BRDA:2229,277,1,0
BRDA:2236,278,0,0
BRDA:2236,278,1,0
BRDA:2243,279,0,0
BRDA:2243,279,1,0
BRDA:2244,280,0,0
BRDA:2244,280,1,0
BRDA:2247,281,0,0
BRDA:2247,281,1,0
BRDA:2248,282,0,0
BRDA:2248,282,1,0
BRDA:2249,283,0,0
BRDA:2249,283,1,0
BRDA:2250,284,0,0
BRDA:2250,284,1,0
BRDA:2251,285,0,0
BRDA:2251,285,1,0
BRDA:2252,286,0,0
BRDA:2252,286,1,0
BRDA:2288,287,0,0
BRDA:2288,287,1,0
BRDA:2327,288,0,8
BRDA:2327,288,1,260
BRDA:2333,289,0,26
BRDA:2333,289,1,234
BRDA:2343,290,0,261
BRDA:2343,290,1,138
BRDA:2345,291,0,39
BRDA:2345,291,1,195
BRDA:2355,292,0,0
BRDA:2355,292,1,1
BRDA:2360,293,0,1
BRDA:2360,293,1,0
BRDA:2362,294,0,0
BRDA:2362,294,1,1
BRDA:2370,295,0,1
BRDA:2370,295,1,0
BRDA:2379,296,0,0
BRDA:2379,296,1,0
BRDA:2387,297,0,0
BRDA:2387,297,1,0
BRDA:2397,298,0,0
BRDA:2397,298,1,0
BRDA:2398,299,0,0
BRDA:2398,299,1,0
BRDA:2398,300,0,0
BRDA:2398,300,1,0
BRDA:2400,301,0,0
BRDA:2400,301,1,0
BRDA:2402,302,0,0
BRDA:2402,302,1,0
BRDA:2407,303,0,0
BRDA:2407,303,1,0
BRDA:2409,304,0,0
BRDA:2409,304,1,0
BRDA:2412,305,0,0
BRDA:2412,305,1,0
BRDA:2412,306,0,0
BRDA:2412,306,1,0
BRDA:2414,307,0,0
BRDA:2414,307,1,0
BRDA:2427,308,0,0
BRDA:2427,308,1,0
BRDA:2429,309,0,0
BRDA:2429,309,1,0
BRDA:2430,310,0,0
BRDA:2430,310,1,0
BRDA:2432,311,0,0
BRDA:2432,311,1,0
BRDA:2433,312,0,0
BRDA:2433,312,1,0
BRDA:2434,313,0,0
BRDA:2434,313,1,0
BRDA:2441,314,0,0
BRDA:2441,314,1,0
BRDA:2450,315,0,0
BRDA:2450,315,1,1
BRDA:2458,316,0,0
BRDA:2458,316,1,228
BRDA:2468,317,0,1
BRDA:2468,317,1,0
BRDA:2474,318,0,2
BRDA:2474,318,1,1
BRDA:2476,319,0,0
BRDA:2476,319,1,1
BRDA:2477,320,0,0
BRDA:2477,320,1,1
BRDA:2477,321,0,1
BRDA:2477,321,1,0
BRDA:2479,322,0,0
BRDA:2479,322,1,1
BRDA:2483,323,0,0
BRDA:2483,323,1,1
BRDA:2506,324,0,0
BRDA:2506,324,1,0
BRDA:2512,325,0,0
BRDA:2512,325,1,0
BRDA:2525,326,0,0
BRDA:2525,326,1,0
BRDA:2529,327,0,0
BRDA:2529,327,1,0
BRDA:2545,328,0,232
BRDA:2545,328,1,110
BRDA:2552,329,0,0
BRDA:2552,329,1,4
BRDA:2564,330,0,0
BRDA:2564,330,1,4
BRDA:2570,331,0,3
BRDA:2570,331,1,1
BRDA:2571,332,0,3
BRDA:2571,332,1,1
BRDA:2573,333,0,0
BRDA:2573,333,1,3
BRDA:2579,334,0,0
BRDA:2579,334,1,0
BRDA:2600,335,0,2
BRDA:2600,335,1,2
BRDA:2602,336,0,0
BRDA:2602,336,1,2
BRDA:2602,337,0,2
BRDA:2602,337,1,1
BRDA:2602,337,2,1
BRDA:2607,338,0,0
BRDA:2607,338,1,2
BRDA:2619,339,0,1
BRDA:2619,339,1,7
BRDA:2623,340,0,2
BRDA:2623,340,1,5
BRDA:2632,341,0,8
BRDA:2632,341,1,6
BRDA:2635,342,0,3
BRDA:2635,342,1,2
BRDA:2642,343,0,8
BRDA:2642,343,1,5
BRDA:2646,344,0,11
BRDA:2646,344,1,0
BRDA:2651,345,0,4
BRDA:2651,345,1,0
BRDA:2657,346,0,4
BRDA:2657,346,1,0
BRDA:2667,347,0,0
BRDA:2667,347,1,0
BRDA:2667,347,2,4
BRDA:2667,347,3,0
BRDA:2671,348,0,0
BRDA:2671,348,1,0
BRDA:2674,349,0,1
BRDA:2674,349,1,3
BRDA:2677,350,0,0
BRDA:2677,350,1,0
BRDA:2680,351,0,0
BRDA:2680,351,1,3
BRDA:2680,351,2,0
BRDA:2683,352,0,0
BRDA:2683,352,1,0
BRDA:2683,352,2,0
BRDA:2683,352,3,0
BRDA:2695,353,0,0
BRDA:2695,353,1,0
BRDA:2695,353,2,3
BRDA:2695,353,3,0
BRDA:2707,354,0,0
BRDA:2707,354,1,0
BRDA:2707,355,0,0
BRDA:2707,355,1,0
BRDA:2707,355,2,0
BRDA:2707,355,3,0
BRDA:2717,356,0,0
BRDA:2717,356,1,0
BRDA:2717,356,2,0
BRDA:2717,356,3,0
BRDA:2733,357,0,4
BRDA:2733,357,1,1
BRDA:2735,358,0,3
BRDA:2735,358,1,1
BRDA:2741,359,0,0
BRDA:2741,359,1,1
BRDA:2749,360,0,0
BRDA:2749,360,1,1
BRDA:2751,361,0,0
BRDA:2751,361,1,0
BRDA:2753,362,0,0
BRDA:2753,362,1,0
BRDA:2760,363,0,0
BRDA:2760,363,1,1
BRDA:2760,364,0,1
BRDA:2760,364,1,0
BRDA:2761,365,0,1
BRDA:2761,365,1,0
BRDA:2767,366,0,0
BRDA:2767,366,1,4
BRDA:2771,367,0,0
BRDA:2771,367,1,0
BRDA:2786,368,0,0
BRDA:2786,368,1,0
BRDA:2804,369,0,0
BRDA:2804,369,1,1
BRDA:2818,370,0,0
BRDA:2818,370,1,4
BRDA:2818,371,0,4
BRDA:2818,371,1,0
BRDA:2819,372,0,0
BRDA:2819,372,1,4
BRDA:2819,373,0,4
BRDA:2819,373,1,2
BRDA:2820,374,0,4
BRDA:2820,374,1,0
BRDA:2823,375,0,2
BRDA:2823,375,1,2
BRDA:2825,376,0,2
BRDA:2825,376,1,2
BRDA:2831,377,0,0
BRDA:2831,377,1,0
BRDA:2834,378,0,0
BRDA:2834,378,1,0
BRDA:2836,379,0,0
BRDA:2836,379,1,0
BRDA:2847,380,0,0
BRDA:2847,380,1,0
BRDA:2849,381,0,0
BRDA:2849,381,1,0
BRDA:2851,382,0,0
BRDA:2851,382,1,0
BRDA:2853,383,0,0
BRDA:2853,383,1,0
BRDA:2855,384,0,0
BRDA:2855,384,1,4
BRDA:2856,385,0,2
BRDA:2856,385,1,2
BRDA:2861,386,0,0
BRDA:2861,386,1,6
BRDA:2861,387,0,6
BRDA:2861,387,1,0
BRDA:2862,388,0,0
BRDA:2862,388,1,6
BRDA:2862,389,0,6
BRDA:2862,389,1,2
BRDA:2863,390,0,6
BRDA:2863,390,1,0
BRDA:2866,391,0,4
BRDA:2866,391,1,2
BRDA:2868,392,0,3
BRDA:2868,392,1,3
BRDA:2874,393,0,0
BRDA:2874,393,1,0
BRDA:2877,394,0,0
BRDA:2877,394,1,0
BRDA:2879,395,0,0
BRDA:2879,395,1,0
BRDA:2890,396,0,0
BRDA:2890,396,1,0
BRDA:2892,397,0,0
BRDA:2892,397,1,0
BRDA:2894,398,0,0
BRDA:2894,398,1,0
BRDA:2896,399,0,0
BRDA:2896,399,1,0
BRDA:2898,400,0,0
BRDA:2898,400,1,6
BRDA:2899,401,0,3
BRDA:2899,401,1,3
BRDA:2904,402,0,1
BRDA:2904,402,1,2
BRDA:2909,403,0,0
BRDA:2909,403,1,2
BRDA:2915,404,0,3
BRDA:2915,404,1,0
BRDA:2915,405,0,3
BRDA:2915,405,1,3
BRDA:2922,406,0,0
BRDA:2922,406,1,3
BRDA:2932,407,0,0
BRDA:2932,407,1,0
BRDA:2935,408,0,0
BRDA:2935,408,1,3
BRDA:2935,409,0,3
BRDA:2935,409,1,1
BRDA:2935,409,2,1
BRDA:2935,409,3,0
BRDA:2952,410,0,3
BRDA:2952,410,1,254
BRDA:2972,411,0,1
BRDA:2972,411,1,253
BRDA:2972,412,0,254
BRDA:2972,412,1,127
BRDA:2972,412,2,254
BRDA:2972,412,3,127
BRDA:2976,413,0,0
BRDA:2976,413,1,253
BRDA:2976,414,0,253
BRDA:2976,414,1,0
BRDA:2981,415,0,127
BRDA:2981,415,1,126
BRDA:2992,416,0,0
BRDA:2992,416,1,0
BRDA:2994,417,0,0
BRDA:2994,417,1,0
BRDA:3009,418,0,0
BRDA:3009,418,1,0
BRDA:3024,419,0,0
BRDA:3024,419,1,0
BRDA:3026,420,0,0
BRDA:3026,420,1,0
BRDA:3032,421,0,0
BRDA:3032,421,1,0
BRDA:3047,422,0,0
BRDA:3047,422,1,0
BRDA:3062,423,0,0
BRDA:3062,423,1,0
BRDA:3064,424,0,0
BRDA:3064,424,1,0
BRDA:3071,425,0,0
BRDA:3071,425,1,0
BRDA:3078,426,0,0
BRDA:3078,426,1,0
BRDA:3078,427,0,0
BRDA:3078,427,1,0
BRDA:3078,427,2,0
BRDA:3086,428,0,0
BRDA:3086,428,1,0
BRDA:3086,429,0,0
BRDA:3086,429,1,0
BRDA:3087,430,0,0
BRDA:3087,430,1,0
BRDA:3094,431,0,0
BRDA:3094,431,1,0
BRDA:3116,432,0,1
BRDA:3116,432,1,0
BRDA:3119,433,0,1
BRDA:3119,433,1,0
BRDA:3123,434,0,1
BRDA:3123,434,1,2
BRDA:3127,435,0,0
BRDA:3127,435,1,0
BRDA:3133,436,0,0
BRDA:3133,436,1,0
BRDA:3137,437,0,0
BRDA:3137,437,1,0
BRDA:3141,438,0,0
BRDA:3141,438,1,0
BRDA:3145,439,0,0
BRDA:3145,439,1,0
BRDA:3148,440,0,0
BRDA:3148,440,1,0
BRDA:3148,440,2,0
BRDA:3148,440,3,0
BRDA:3156,441,0,0
BRDA:3156,441,1,0
BRDA:3161,442,0,0
BRDA:3161,442,1,0
BRDA:3161,443,0,0
BRDA:3161,443,1,0
BRDA:3163,444,0,0
BRDA:3163,444,1,0
BRDA:3170,445,0,0
BRDA:3170,445,1,0
BRDA:3170,446,0,0
BRDA:3170,446,1,0
BRDA:3175,447,0,0
BRDA:3175,447,1,0
BRDA:3179,448,0,0
BRDA:3179,448,1,0
BRDA:3191,449,0,0
BRDA:3191,449,1,1
BRDA:3192,450,0,0
BRDA:3192,450,1,1
BRDA:3193,451,0,0
BRDA:3193,451,1,1
BRDA:3194,452,0,1
BRDA:3194,452,1,0
BRDA:3195,453,0,0
BRDA:3195,453,1,0
BRDA:3196,454,0,0
BRDA:3196,454,1,0
BRDA:3197,455,0,0
BRDA:3197,455,1,0
BRDA:3204,456,0,1
BRDA:3204,456,1,3
BRDA:3214,457,0,0
BRDA:3214,457,1,2
BRDA:3215,458,0,1
BRDA:3215,458,1,1
BRDA:3223,459,0,1
BRDA:3223,459,1,1
BRDA:3225,460,0,0
BRDA:3225,460,1,1
BRDA:3246,461,0,1
BRDA:3246,461,1,0
BRDA:3263,462,0,1
BRDA:3263,462,1,1
BRDA:3267,463,0,1
BRDA:3267,463,1,0
BRDA:3280,464,0,2
BRDA:3280,464,1,1
BRDA:3290,465,0,0
BRDA:3290,465,1,0
BRDA:3291,466,0,0
BRDA:3291,466,1,0
BRDA:3295,467,0,0
BRDA:3295,467,1,0
BRDA:3300,468,0,0
BRDA:3300,468,1,1
BRDA:3345,469,0,6
BRDA:3345,469,1,2
BRDA:3345,469,2,1
BRDA:3345,469,3,0
BRDA:3346,470,0,6
BRDA:3346,470,1,2
BRDA:3346,470,2,1
BRDA:3346,470,3,1
BRDA:3349,471,0,6
BRDA:3349,471,1,0
BRDA:3351,472,0,0
BRDA:3351,472,1,6
BRDA:3359,473,0,3
BRDA:3359,473,1,3
BRDA:3361,474,0,3
BRDA:3361,474,1,3
BRDA:3367,475,0,0
BRDA:3367,475,1,0
BRDA:3368,476,0,0
BRDA:3368,476,1,0
BRDA:3369,477,0,0
BRDA:3369,477,1,0
BRDA:3370,478,0,0
BRDA:3370,478,1,0
BRDA:3373,479,0,6
BRDA:3373,479,1,0
BRDA:3383,480,0,6
BRDA:3383,480,1,0
BRDA:3394,481,0,6
BRDA:3394,481,1,0
BRDA:3394,481,2,0
BRDA:3406,482,0,6
BRDA:3406,482,1,0
BRDA:3406,482,2,0
BRDA:3418,483,0,3
BRDA:3418,483,1,3
BRDA:3418,484,0,6
BRDA:3418,484,1,4
BRDA:3420,485,0,3
BRDA:3420,485,1,0
BRDA:3420,486,0,3
BRDA:3420,486,1,3
BRDA:3420,486,2,3
BRDA:3420,486,3,3
BRDA:3420,486,4,0
BRDA:3420,486,5,0
BRDA:3420,486,6,0
BRDA:3420,486,7,0
BRDA:3423,487,0,1
BRDA:3423,487,1,2
BRDA:3425,488,0,1
BRDA:3425,488,1,0
BRDA:3425,489,0,1
BRDA:3425,489,1,1
BRDA:3425,489,2,1
BRDA:3425,489,3,0
BRDA:3425,489,4,0
BRDA:3427,490,0,2
BRDA:3427,490,1,0
BRDA:3429,491,0,2
BRDA:3429,491,1,0
BRDA:3429,492,0,2
BRDA:3429,492,1,2
BRDA:3429,492,2,2
BRDA:3429,492,3,0
BRDA:3429,492,4,0
BRDA:3431,493,0,0
BRDA:3431,493,1,0
BRDA:3431,494,0,0
BRDA:3431,494,1,0
BRDA:3431,494,2,0
BRDA:3431,494,3,0
BRDA:3431,494,4,0
BRDA:3431,494,5,0
BRDA:3434,495,0,0
BRDA:3434,495,1,0
BRDA:3434,495,2,0
BRDA:3446,496,0,0
BRDA:3446,496,1,0
BRDA:3446,496,2,0
BRDA:3458,497,0,0
BRDA:3458,497,1,0
BRDA:3459,498,0,0
BRDA:3459,498,1,0
BRDA:3459,499,0,0
BRDA:3459,499,1,0
BRDA:3459,500,0,0
BRDA:3459,500,1,0
BRDA:3459,500,2,0
BRDA:3459,500,3,0
BRDA:3462,501,0,0
BRDA:3462,501,1,0
BRDA:3462,502,0,0
BRDA:3462,502,1,0
BRDA:3465,503,0,0
BRDA:3465,503,1,0
BRDA:3465,504,0,0
BRDA:3465,504,1,0
BRDA:3468,505,0,0
BRDA:3468,505,1,0
BRDA:3468,506,0,0
BRDA:3468,506,1,0
BRDA:3468,506,2,0
BRDA:3468,506,3,0
BRDA:3468,506,4,0
BRDA:3468,506,5,0
BRDA:3476,507,0,0
BRDA:3476,507,1,6
BRDA:3476,508,0,6
BRDA:3476,508,1,0
BRDA:3476,508,2,0
BRDA:3476,508,3,0
BRDA:3476,508,4,0
BRDA:3481,509,0,0
BRDA:3481,509,1,6
BRDA:3482,510,0,0
BRDA:3482,510,1,6
BRDA:3488,511,0,0
BRDA:3488,511,1,8
BRDA:3488,512,0,8
BRDA:3488,512,1,4
BRDA:3488,512,2,1
BRDA:3489,513,0,4
BRDA:3489,513,1,4
BRDA:3491,514,0,6
BRDA:3491,514,1,2
BRDA:3499,515,0,0
BRDA:3499,515,1,0
BRDA:3499,516,0,0
BRDA:3499,516,1,0
BRDA:3499,516,2,0
BRDA:3500,517,0,0
BRDA:3500,517,1,0
BRDA:3502,518,0,0
BRDA:3502,518,1,0
BRDA:3508,519,0,0
BRDA:3508,519,1,252
BRDA:3512,520,0,126
BRDA:3512,520,1,126
BRDA:3514,521,0,127
BRDA:3514,521,1,125
BRDA:3522,522,0,252
BRDA:3522,522,1,0
BRDA:3538,523,0,0
BRDA:3538,523,1,0
BRDA:3551,524,0,0
BRDA:3551,524,1,0
BRDA:3557,525,0,0
BRDA:3557,525,1,0
BRDA:3557,526,0,0
BRDA:3557,526,1,0
BRDA:3557,526,2,0
BRDA:3557,526,3,0
BRDA:3557,526,4,0
BRDA:3559,527,0,0
BRDA:3559,527,1,0
BRDA:3559,528,0,0
BRDA:3559,528,1,0
BRDA:3561,529,0,0
BRDA:3561,529,1,0
BRDA:3563,530,0,0
BRDA:3563,530,1,0
BRDA:3563,531,0,0
BRDA:3563,531,1,0
BRDA:3566,532,0,0
BRDA:3566,532,1,0
BRDA:3568,533,0,0
BRDA:3568,533,1,0
BRDA:3570,534,0,0
BRDA:3570,534,1,0
BRDA:3572,535,0,0
BRDA:3572,535,1,0
BRDA:3575,536,0,0
BRDA:3575,536,1,0
BRDA:3575,537,0,0
BRDA:3575,537,1,0
BRDA:3575,537,2,0
BRDA:3577,538,0,0
BRDA:3577,538,1,0
BRDA:3577,539,0,0
BRDA:3577,539,1,0
BRDA:3578,540,0,0
BRDA:3578,540,1,0
BRDA:3580,541,0,0
BRDA:3580,541,1,0
BRDA:3582,542,0,0
BRDA:3582,542,1,0
BRDA:3586,543,0,0
BRDA:3586,543,1,0
BRDA:3590,544,0,0
BRDA:3590,544,1,0
BRDA:3590,545,0,0
BRDA:3590,545,1,0
BRDA:3590,545,2,0
BRDA:3590,545,3,0
BRDA:3590,545,4,0
BRDA:3590,545,5,0
BRDA:3593,546,0,0
BRDA:3593,546,1,0
BRDA:3595,547,0,0
BRDA:3595,547,1,0
BRDA:3609,548,0,0
BRDA:3609,548,1,0
BRDA:3619,549,0,0
BRDA:3619,549,1,0
BRDA:3619,550,0,0
BRDA:3619,550,1,0
BRDA:3626,551,0,0
BRDA:3626,551,1,0
BRDA:3630,552,0,0
BRDA:3630,552,1,0
BRDA:3630,552,2,0
BRDA:3634,553,0,472
BRDA:3634,553,1,472
BRDA:3634,553,2,258
BRDA:3638,554,0,920
BRDA:3638,554,1,504
BRDA:3642,555,0,6
BRDA:3642,555,1,2
BRDA:3642,556,0,8
BRDA:3642,556,1,2
BRDA:3647,557,0,0
BRDA:3647,557,1,228
BRDA:3651,558,0,226
BRDA:3651,558,1,2
BRDA:3652,559,0,2
BRDA:3652,559,1,0
BRDA:3665,560,0,0
BRDA:3665,560,1,228
BRDA:3680,561,0,458
BRDA:3680,561,1,231
BRDA:3688,562,0,4
BRDA:3688,562,1,239
BRDA:3688,563,0,243
BRDA:3688,563,1,4
BRDA:3699,564,0,0
BRDA:3699,564,1,4
BRDA:3710,565,0,230
BRDA:3710,565,1,1
BRDA:3717,566,0,1
BRDA:3717,566,1,1
BRDA:3725,567,0,0
BRDA:3725,567,1,2
BRDA:3726,568,0,1
BRDA:3726,568,1,1
BRDA:3731,569,0,1
BRDA:3731,569,1,0
BRDA:3731,570,0,1
BRDA:3731,570,1,0
BRDA:3734,571,0,0
BRDA:3734,571,1,1
BRDA:3744,572,0,1
BRDA:3744,572,1,1
BRDA:3762,573,0,0
BRDA:3762,573,1,0
BRDA:3763,574,0,479
BRDA:3763,574,1,475
BRDA:3764,575,0,0
BRDA:3764,575,1,0
BRDA:3766,576,0,0
BRDA:3766,576,1,0
BRDA:3768,577,0,0
BRDA:3768,577,1,0
BRDA:3771,578,0,0
BRDA:3771,578,1,0
BRDA:3779,579,0,513
BRDA:3779,579,1,418
BRDA:3789,580,0,2
BRDA:3789,580,1,2
BRDA:3790,581,0,1
BRDA:3790,581,1,1
BRDA:3798,582,0,1
BRDA:3798,582,1,0
BRDA:3807,583,0,2
BRDA:3807,583,1,0
BRDA:3809,584,0,1
BRDA:3809,584,1,1
BRDA:3809,585,0,2
BRDA:3809,585,1,1
BRDA:3812,586,0,0
BRDA:3812,586,1,1
BRDA:3814,587,0,1
BRDA:3814,587,1,0
BRDA:3814,588,0,1
BRDA:3814,588,1,1
BRDA:3817,589,0,1
BRDA:3817,589,1,0
BRDA:3838,590,0,0
BRDA:3838,590,1,4
BRDA:3839,591,0,0
BRDA:3839,591,1,4
BRDA:3842,592,0,0
BRDA:3842,592,1,0
BRDA:3852,593,0,0
BRDA:3852,593,1,4
BRDA:3855,594,0,0
BRDA:3855,594,1,0
BRDA:3871,595,0,2
BRDA:3871,595,1,2
BRDA:3874,596,0,1
BRDA:3874,596,1,3
BRDA:3874,597,0,4
BRDA:3874,597,1,3
BRDA:3876,598,0,0
BRDA:3876,598,1,1
BRDA:3906,599,0,4
BRDA:3906,599,1,460
BRDA:3906,600,0,464
BRDA:3906,600,1,4
BRDA:3911,601,0,2
BRDA:3911,601,1,2
BRDA:3916,602,0,0
BRDA:3916,602,1,460
BRDA:3916,603,0,460
BRDA:3916,603,1,252
BRDA:3918,604,0,0
BRDA:3918,604,1,0
BRDA:3926,605,0,0
BRDA:3926,605,1,0
BRDA:3970,606,0,252
BRDA:3970,606,1,208
BRDA:3972,607,0,248
BRDA:3972,607,1,4
BRDA:3985,608,0,0
BRDA:3985,608,1,252
BRDA:3985,609,0,252
BRDA:3985,609,1,126
BRDA:3985,609,2,1
BRDA:3985,609,3,1
BRDA:3985,609,4,0
BRDA:3985,609,5,0
BRDA:3985,609,6,0
BRDA:3990,610,0,0
BRDA:3990,610,1,252
BRDA:3990,611,0,252
BRDA:3990,611,1,127
BRDA:3990,611,2,1
BRDA:3990,611,3,1
BRDA:3990,611,4,0
BRDA:3990,611,5,0
BRDA:3990,611,6,0
BRDA:4006,612,0,0
BRDA:4006,612,1,0
BRDA:4010,613,0,4
BRDA:4010,613,1,0
BRDA:4010,614,0,4
BRDA:4010,614,1,4
BRDA:4015,615,0,0
BRDA:4015,615,1,0
BRDA:4015,616,0,0
BRDA:4015,616,1,0
BRDA:4027,617,0,1
BRDA:4027,617,1,0
BRDA:4036,618,0,0
BRDA:4036,618,1,1
BRDA:4053,619,0,2
BRDA:4053,619,1,1
BRDA:4056,620,0,0
BRDA:4056,620,1,1
BRDA:4073,621,0,0
BRDA:4073,621,1,0
BRDA:4076,622,0,0
BRDA:4076,622,1,0
BRDA:4088,623,0,0
BRDA:4088,623,1,0
BRDA:4088,624,0,0
BRDA:4088,624,1,0
BRDA:4109,625,0,0
BRDA:4109,625,1,259
BRDA:4109,626,0,259
BRDA:4109,626,1,259
BRDA:4116,627,0,2
BRDA:4116,627,1,257
BRDA:4116,628,0,259
BRDA:4116,628,1,259
BRDA:4120,629,0,0
BRDA:4120,629,1,2
BRDA:4126,630,0,1
BRDA:4126,630,1,256
BRDA:4129,631,0,2
BRDA:4129,631,1,254
BRDA:4133,632,0,0
BRDA:4133,632,1,1
BRDA:4146,633,0,0
BRDA:4146,633,1,0
BRDA:4146,634,0,0
BRDA:4146,634,1,0
BRDA:4153,635,0,0
BRDA:4153,635,1,0
BRDA:4171,636,0,0
BRDA:4171,636,1,0
BRDA:4174,637,0,0
BRDA:4174,637,1,0
BRDA:4174,638,0,0
BRDA:4174,638,1,0
BRDA:4193,639,0,0
BRDA:4193,639,1,0
BRDA:4211,640,0,0
BRDA:4211,640,1,0
BRDA:4229,641,0,0
BRDA:4229,641,1,0
BRDA:4230,642,0,0
BRDA:4230,642,1,0
BRDA:4232,643,0,0
BRDA:4232,643,1,0
BRDA:4233,644,0,0
BRDA:4233,644,1,0
BRDA:4234,645,0,0
BRDA:4234,645,1,0
BRDA:4234,646,0,0
BRDA:4234,646,1,0
BRDA:4235,647,0,0
BRDA:4235,647,1,0
BRDA:4238,648,0,0
BRDA:4238,648,1,0
BRDA:4239,649,0,0
BRDA:4239,649,1,0
BRDA:4241,650,0,0
BRDA:4241,650,1,0
BRDA:4242,651,0,0
BRDA:4242,651,1,0
BRDA:4243,652,0,0
BRDA:4243,652,1,0
BRDA:4243,653,0,0
BRDA:4243,653,1,0
BRDA:4244,654,0,0
BRDA:4244,654,1,0
BRDA:4246,655,0,0
BRDA:4246,655,1,0
BRDA:4246,656,0,0
BRDA:4246,656,1,0
BRDA:4254,657,0,0
BRDA:4254,657,1,0
BRDA:4254,658,0,0
BRDA:4254,658,1,0
BRDA:4269,659,0,0
BRDA:4269,659,1,0
BRDA:4269,660,0,0
BRDA:4269,660,1,0
BRDA:4270,661,0,0
BRDA:4270,661,1,0
BRDA:4270,662,0,0
BRDA:4270,662,1,0
BRDA:4280,663,0,0
BRDA:4280,663,1,0
BRDA:4296,664,0,0
BRDA:4296,664,1,0
BRDA:4308,665,0,0
BRDA:4308,665,1,0
BRDA:4316,666,0,0
BRDA:4316,666,1,0
BRDA:4319,667,0,0
BRDA:4319,667,1,0
BRDA:4329,668,0,0
BRDA:4329,668,1,0
BRDA:4332,669,0,0
BRDA:4332,669,1,0
BRDA:4332,670,0,0
BRDA:4332,670,1,0
BRDA:4335,671,0,0
BRDA:4335,671,1,0
BRDA:4335,672,0,0
BRDA:4335,672,1,0
BRDA:4335,672,2,0
BRDA:4346,673,0,0
BRDA:4346,673,1,0
BRDA:4346,674,0,0
BRDA:4346,674,1,0
BRDA:4349,675,0,0
BRDA:4349,675,1,0
BRDA:4349,676,0,0
BRDA:4349,676,1,0
BRDA:4349,676,2,0
BRDA:4349,676,3,0
BRDA:4355,677,0,0
BRDA:4355,677,1,0
BRDA:4356,678,0,0
BRDA:4356,678,1,0
BRDA:4356,679,0,0
BRDA:4356,679,1,0
BRDA:4356,679,2,0
BRDA:4358,680,0,0
BRDA:4358,680,1,0
BRDA:4361,681,0,0
BRDA:4361,681,1,0
BRDA:4361,682,0,0
BRDA:4361,682,1,0
BRDA:4371,683,0,0
BRDA:4371,683,1,0
BRDA:4372,684,0,0
BRDA:4372,684,1,0
BRDA:4381,685,0,0
BRDA:4381,685,1,4
BRDA:4381,686,0,4
BRDA:4381,686,1,4
BRDA:4383,687,0,0
BRDA:4383,687,1,4
BRDA:4383,688,0,4
BRDA:4383,688,1,4
BRDA:4394,689,0,1
BRDA:4394,689,1,1
BRDA:4398,690,0,0
BRDA:4398,690,1,1
BRDA:4399,691,0,0
BRDA:4399,691,1,1
BRDA:4414,692,0,1
BRDA:4414,692,1,0
BRDA:4419,693,0,0
BRDA:4419,693,1,1
BRDA:4420,694,0,1
BRDA:4420,694,1,0
BRDA:4455,695,0,0
BRDA:4455,695,1,4
BRDA:4456,696,0,4
BRDA:4456,696,1,0
BRDA:4478,697,0,0
BRDA:4478,697,1,4
BRDA:4478,698,0,4
BRDA:4478,698,1,2
BRDA:4487,699,0,0
BRDA:4487,699,1,1
BRDA:4488,700,0,0
BRDA:4488,700,1,1
BRDA:4493,701,0,0
BRDA:4493,701,1,1
BRDA:4499,702,0,0
BRDA:4499,702,1,1
BRDA:4500,703,0,0
BRDA:4500,703,1,1
BRDA:4503,704,0,1
BRDA:4503,704,1,0
BRDA:4511,705,0,0
BRDA:4511,705,1,0
BRDA:4519,706,0,0
BRDA:4519,706,1,0
BRDA:4526,707,0,0
BRDA:4526,707,1,1
BRDA:4529,708,0,0
BRDA:4529,708,1,0
BRDA:4529,709,0,0
BRDA:4529,709,1,0
BRDA:4531,710,0,0
BRDA:4531,710,1,0
BRDA:4538,711,0,13
BRDA:4538,711,1,3
BRDA:4540,712,0,4
BRDA:4540,712,1,0
BRDA:4560,713,0,0
BRDA:4560,713,1,1
BRDA:4571,714,0,1
BRDA:4571,714,1,0
BRDA:4575,715,0,1
BRDA:4575,715,1,1
BRDA:4576,716,0,0
BRDA:4576,716,1,1
BRDA:4592,717,0,0
BRDA:4592,717,1,1
BRDA:4595,718,0,0
BRDA:4595,718,1,3
BRDA:4599,719,0,2
BRDA:4599,719,1,1
BRDA:4602,720,0,1
BRDA:4602,720,1,0
BRDA:4604,721,0,0
BRDA:4604,721,1,1
BRDA:4614,722,0,0
BRDA:4614,722,1,1
BRDA:4614,723,0,1
BRDA:4614,723,1,1
BRDA:4614,723,2,0
BRDA:4619,724,0,0
BRDA:4619,724,1,1
BRDA:4619,725,0,1
BRDA:4619,725,1,1
BRDA:4619,725,2,0
BRDA:4623,726,0,0
BRDA:4623,726,1,1
BRDA:4641,727,0,0
BRDA:4641,727,1,4
BRDA:4641,727,2,0
BRDA:4645,728,0,0
BRDA:4645,728,1,0
BRDA:4663,729,0,1
BRDA:4663,729,1,0
BRDA:4677,730,0,0
BRDA:4677,730,1,0
BRDA:4688,731,0,2
BRDA:4688,731,1,2
BRDA:4688,732,0,4
BRDA:4688,732,1,3
BRDA:4688,732,2,3
BRDA:4705,733,0,0
BRDA:4705,733,1,0
BRDA:4710,734,0,0
BRDA:4710,734,1,0
BRDA:4728,735,0,0
BRDA:4728,735,1,0
BRDA:4758,736,0,4
BRDA:4758,736,1,0
BRDA:4760,737,0,4
BRDA:4760,737,1,0
BRDA:4764,738,0,1
BRDA:4764,738,1,3
BRDA:4764,739,0,4
BRDA:4764,739,1,4
BRDA:4765,740,0,0
BRDA:4765,740,1,3
BRDA:4765,741,0,3
BRDA:4765,741,1,0
BRDA:4788,742,0,0
BRDA:4788,742,1,0
BRDA:4789,743,0,0
BRDA:4789,743,1,0
BRDA:4790,744,0,0
BRDA:4790,744,1,0
BRDA:4790,745,0,0
BRDA:4790,745,1,0
BRDA:4792,746,0,0
BRDA:4792,746,1,0
BRDA:4805,747,0,0
BRDA:4805,747,1,0
BRDA:4813,748,0,0
BRDA:4813,748,1,0
BRDA:4816,749,0,0
BRDA:4816,749,1,0
BRDA:4816,750,0,0
BRDA:4816,750,1,0
BRDA:4821,751,0,0
BRDA:4821,751,1,0
BRDA:4821,752,0,0
BRDA:4821,752,1,0
BRDA:4821,752,2,0
BRDA:4821,752,3,0
BRDA:4822,753,0,0
BRDA:4822,753,1,0
BRDA:4830,754,0,0
BRDA:4830,754,1,0
BRDA:4831,755,0,0
BRDA:4831,755,1,0
BRDA:4843,756,0,0
BRDA:4843,756,1,0
BRDA:4851,757,0,0
BRDA:4851,757,1,0
BRDA:4854,758,0,0
BRDA:4854,758,1,0
BRDA:4856,759,0,0
BRDA:4856,759,1,0
BRDA:4858,760,0,0
BRDA:4858,760,1,0
BRDA:4858,761,0,0
BRDA:4858,761,1,0
BRDA:4859,762,0,0
BRDA:4859,762,1,0
BRDA:4859,763,0,0
BRDA:4859,763,1,0
BRDA:4860,764,0,0
BRDA:4860,764,1,0
BRDA:4860,765,0,0
BRDA:4860,765,1,0
BRDA:4869,766,0,0
BRDA:4869,766,1,0
BRDA:4871,767,0,0
BRDA:4871,767,1,0
BRDA:4871,768,0,0
BRDA:4871,768,1,0
BRDA:4876,769,0,0
BRDA:4876,769,1,0
BRDA:4876,770,0,0
BRDA:4876,770,1,0
BRDA:4876,770,2,0
BRDA:4876,770,3,0
BRDA:4881,771,0,0
BRDA:4881,771,1,0
BRDA:4895,772,0,0
BRDA:4895,772,1,0
BRDA:4895,773,0,0
BRDA:4895,773,1,0
BRDA:4911,774,0,0
BRDA:4911,774,1,0
BRDA:4911,775,0,0
BRDA:4911,775,1,0
BRDA:4917,776,0,0
BRDA:4917,776,1,0
BRDA:4926,777,0,0
BRDA:4926,777,1,0
BRDA:4929,778,0,0
BRDA:4929,778,1,0
BRDA:4931,779,0,0
BRDA:4931,779,1,0
BRDA:4937,780,0,0
BRDA:4937,780,1,0
BRDA:4937,781,0,0
BRDA:4937,781,1,0
BRDA:4941,782,0,0
BRDA:4941,782,1,0
BRDA:4944,783,0,0
BRDA:4944,783,1,0
BRDA:4945,784,0,0
BRDA:4945,784,1,0
BRF:1663
BRH:535
end_of_record
